#
# A fatal error has been detected by the Java Runtime Environment:
#
#  EXCEPTION_ACCESS_VIOLATION (0xc0000005) at pc=0x000002c3b30f2b24, pid=24904, tid=28776
#
# JRE version: OpenJDK Runtime Environment Corretto-21.0.9.10.1 (21.0.9+10) (build 21.0.9+10-LTS)
# Java VM: OpenJDK 64-Bit Server VM Corretto-21.0.9.10.1 (21.0.9+10-LTS, mixed mode, emulated-client, sharing, tiered, compressed oops, compressed class ptrs, g1 gc, windows-amd64)
# Problematic frame:
# v  ~BufferBlob::MethodHandles adapters 0x000002c3b30f2b24
#
# No core dump will be written. Minidumps are not enabled by default on client versions of Windows
#
# If you would like to submit a bug report, please visit:
#   https://github.com/corretto/corretto-21/issues/
#

---------------  S U M M A R Y ------------

Command Line: -XX:+ShowCodeDetailsInExceptionMessages -agentlib:jdwp=transport=dt_socket,suspend=y,address=localhost:56570 -Dcom.sun.management.jmxremote -Dcom.sun.management.jmxremote.port=56569 -Dcom.sun.management.jmxremote.authenticate=false -Dcom.sun.management.jmxremote.ssl=false -Djava.rmi.server.hostname=localhost -Dspring.jmx.enabled=true -Dmanagement.endpoints.jmx.exposure.include=* -Dspring.application.admin.enabled=true -Dspring.profiles.active=local -Dspring.output.ansi.enabled=always -XX:TieredStopAtLevel=1 -Dspring.boot.project.name=experian-integracion -javaagent:C:\eclipse\configuration\org.eclipse.osgi\1082\0\.cp\lib\javaagent-shaded.jar -Dfile.encoding=UTF-8 -Dstdout.encoding=UTF-8 -Dstderr.encoding=UTF-8 bs.experian.integracion.ExperianIntegracionApplication

Host: AMD Ryzen 7 5825U with Radeon Graphics         , 16 cores, 15G,  Windows 11 , 64 bit Build 26100 (10.0.26100.7920)
Time: Sat Mar 28 14:06:24 2026 Hora estándar romance elapsed time: 220.260854 seconds (0d 0h 3m 40s)

---------------  T H R E A D  ---------------

Current thread (0x000002c4052da3d0):  JavaThread "org.springframework.kafka.KafkaListenerEndpointContainer#0-retry-0-C-1"        [_thread_in_Java, id=28776, stack(0x000000cc83a00000,0x000000cc83b00000) (1024K)]

Stack: [0x000000cc83a00000,0x000000cc83b00000],  sp=0x000000cc83afda88,  free space=1014k
Native frames: (J=compiled Java code, j=interpreted, Vv=VM code, C=native code)
C  0x000002c3b30f2b24

The last pc belongs to _linkToVirtual (printed below).

siginfo: EXCEPTION_ACCESS_VIOLATION (0xc0000005), reading address 0xffffffffffffffff


Registers:
RAX=0x000002c3b30c9086, RBX=0x000000071051b158, RCX=0x000000cc83afda98, RDX=0x0000000000000003
RSP=0x000000cc83afda88, RBP=0x000000cc83afdae0, RSI=0x000002c4068befb8, RDI=0x000002c404609f50
R8 =0x0000000000000003, R9 =0x000002c4076936f0, R10=0x000002c47e7290cb, R11=0xe20a363fe20a364c
R12=0x0000000000000000, R13=0x000000cc83afda88, R14=0x000000cc83afdb08, R15=0x000002c4052da3d0
RIP=0x000002c3b30f2b24, EFLAGS=0x0000000000010202

XMM[0]=0x0000000000000000 0x0000000000000000
XMM[1]=0x0000000000000000 0x0000000000000000
XMM[2]=0x0000000000000000 0x0000000000000000
XMM[3]=0x0000000000000000 0x0000000000000000
XMM[4]=0x0000000000000000 0x0000000000000000
XMM[5]=0x0000000000000000 0x0000000000000000
XMM[6]=0x0000000000000000 0x0000000000000000
XMM[7]=0x0000000000000000 0x0000000000000000
XMM[8]=0x0000000000000000 0x0000000000000000
XMM[9]=0x0000000000000000 0x0000000000000000
XMM[10]=0x0000000000000000 0x0000000000000000
XMM[11]=0x0000000000000000 0x0000000000000000
XMM[12]=0x0000000000000000 0x0000000000000000
XMM[13]=0x0000000000000000 0x0000000000000000
XMM[14]=0x0000000000000000 0x0000000000000000
XMM[15]=0x0000000000000000 0x0000000000000000
  MXCSR=0x00001fa0


Register to memory mapping:

RAX=0x000002c3b30c9086 is at code_begin+3078 in an Interpreter codelet
return entry points  [0x000002c3b30c8480, 0x000002c3b30ca298]  7704 bytes
RBX=0x000000071051b158 is an oop: bs.experian.integracion.domain.model.DescargaDocumentoModel 
{0x000000071051b158} - klass: 'bs/experian/integracion/domain/model/DescargaDocumentoModel'
 - ---- fields (total size 7 words):
 - private 'queryId' 'Ljava/lang/String;' @12  "9368f21b-39c2-4098-a463-9b6f8e8e1485"{0x000000071051b190} (0xe20a3632)
 - private 'documentCode' 'Ljava/lang/String;' @16  "301"{0x000000071051b260} (0xe20a364c)
 - private 'notificationId' 'Ljava/lang/String;' @20  "11111111-aaaa-bbbb-cccc-222222222260"{0x000000071051b1f8} (0xe20a363f)
 - private 'pdfUrl' 'Ljava/lang/String;' @24  "http://localhost:6100/experian/descargaPdf"{0x000000071051b2a8} (0xe20a3655)
 - private 'pdfDocument' '[B' @28  null (0x00000000)
 - private 'jsonUrl' 'Ljava/lang/String;' @32  "http://localhost:6100/experian/descargaJson"{0x000000071051b318} (0xe20a3663)
 - private 'jsonDocument' 'Ljava/lang/String;' @36  null (0x00000000)
 - private 'intentos' 'Ljava/lang/Integer;' @40  null (0x00000000)
 - private 'tipoDocumento' 'Ljava/lang/String;' @44  null (0x00000000)
 - private 'origenError' 'Ljava/lang/String;' @48  null (0x00000000)
 - private 'errorMensaje' 'Ljava/lang/String;' @52  null (0x00000000)
RCX=0x000000cc83afda98 is pointing into the stack for thread: 0x000002c4052da3d0
RDX=0x0000000000000003 is an unknown value
RSP=0x000000cc83afda88 is pointing into the stack for thread: 0x000002c4052da3d0
RBP=0x000000cc83afdae0 is pointing into the stack for thread: 0x000002c4052da3d0
RSI=0x000002c4068befb8 points into unknown readable memory: 0x80000557907e0f68 | 68 0f 7e 90 57 05 00 80
RDI=0x000002c404609f50 points into unknown readable memory: 0x0000002000000070 | 70 00 00 00 20 00 00 00
R8 =0x0000000000000003 is an unknown value
R9 =0x000002c4076936f0 points into unknown readable memory: 0x0000008000000003 | 03 00 00 00 80 00 00 00
R10=0x000002c47e7290cb is an unknown value
R11=0xe20a363fe20a364c is an unknown value
R12=0x0 is null
R13=0x000000cc83afda88 is pointing into the stack for thread: 0x000002c4052da3d0
R14=0x000000cc83afdb08 is pointing into the stack for thread: 0x000002c4052da3d0
R15=0x000002c4052da3d0 is a thread

Top of Stack: (sp=0x000000cc83afda88)
0x000000cc83afda88:   000002c3b30c9086 000000070b6bb528
0x000000cc83afda98:   000000cc83afda98 000002c3bf7290cb
0x000000cc83afdaa8:   0000000000000005 000002c3bf0b0d70
0x000000cc83afdab8:   000000cc83afd964 0000000709d14948
0x000000cc83afdac8:   000002c3bf0b3868 000000cc83afda88
0x000000cc83afdad8:   000000cc83afdb10 000000cc83afde38
0x000000cc83afdae8:   000002c3b354473f 000000070c66dc10
0x000000cc83afdaf8:   000000071051b158 000000070b6bb528
0x000000cc83afdb08:   000000070c66dba8 000000070a8266b8
0x000000cc83afdb18:   000002c3b3426b9e 000000070c66dce8
0x000000cc83afdb28:   000000070a8266b8 000000070c66db78
0x000000cc83afdb38:   000000070b6bb528 000000070c66dcc0
0x000000cc83afdb48:   000000071051b158 000000071051b158
0x000000cc83afdb58:   000000070c66dc98 000000070c66dba8
0x000000cc83afdb68:   000000070b6bb528 000002c3b3544654
0x000000cc83afdb78:   0000000000000001 000000cc83afde38
0x000000cc83afdb88:   000002c3b3bcabb2 000000070c66dce8
0x000000cc83afdb98:   000000070a36a320 000002c406446b88
0x000000cc83afdba8:   000000cc83afb3f0 000000cc83afd980
0x000000cc83afdbb8:   000000cc83afd984 000002c40532d980
0x000000cc83afdbc8:   000000cc83afb430 000000cc83afde38
0x000000cc83afdbd8:   000002c3b34ec1c4 000000cc83afda20
0x000000cc83afdbe8:   000000cc83afda24 000002c4052fb370
0x000000cc83afdbf8:   0000000000000c00 0000000000000000
0x000000cc83afdc08:   0000000000000000 0000000000000000
0x000000cc83afdc18:   0000000000000000 0000000000000000
0x000000cc83afdc28:   0000000000000000 0000000000000000
0x000000cc83afdc38:   0000000000000000 000000070c66db58
0x000000cc83afdc48:   000000071051b388 000000070b6bb528
0x000000cc83afdc58:   000000070b6cdb58 000000070a36a320
0x000000cc83afdc68:   000000070a8266b8 000000070a8266b8
0x000000cc83afdc78:   000002c400000001 000000070c66dce8 

Instructions: (pc=0x000002c3b30f2b24)
0x000002c3b30f2a24:   c3 02 00 00 80 2a 0f b3 c3 02 00 00 00 3b 0f b3
0x000002c3b30f2a34:   c3 02 00 00 70 2a 0f b3 c3 02 00 00 70 2a 0f b3
0x000002c3b30f2a44:   c3 02 00 00 00 00 00 00 00 00 00 00 78 db c7 e4
0x000002c3b30f2a54:   fc 7f 00 00 f0 10 00 00 60 00 00 00 ff ff ff ff
0x000002c3b30f2a64:   f0 10 00 00 00 00 00 00 00 00 00 00 00 00 00 00
0x000002c3b30f2a74:   00 00 00 00 00 00 00 00 00 00 00 00 f4 66 66 66
0x000002c3b30f2a84:   0f 1f 84 00 00 00 00 00 66 66 0f 1f 84 00 00 00
0x000002c3b30f2a94:   00 00 66 66 0f 1f 84 00 00 00 00 00 48 8b 53 08
0x000002c3b30f2aa4:   0f b7 52 2e 48 8b 0c d4 8b 59 14 48 c1 e3 03 8b
0x000002c3b30f2ab4:   5b 28 48 c1 e3 03 8b 5b 24 48 c1 e3 03 48 8b 5b
0x000002c3b30f2ac4:   10 48 85 db 0f 84 10 00 00 00 41 80 bf d8 05 00
0x000002c3b30f2ad4:   00 00 74 03 ff 63 38 ff 63 50 e9 9d 16 00 00 66
0x000002c3b30f2ae4:   66 66 0f 1f 84 00 00 00 00 00 66 0f 1f 84 00 00
0x000002c3b30f2af4:   00 00 00 66 0f 1f 84 00 00 00 00 00 48 8b 53 08
0x000002c3b30f2b04:   0f b7 52 2e 48 8b 0c d4 58 5b 50 44 8b 51 08 49
0x000002c3b30f2b14:   bb 00 00 00 bf c3 02 00 00 4d 03 d3 4c 8b 5b 10
0x000002c3b30f2b24:   4b 8b 9c da d0 01 00 00 48 85 db 0f 84 10 00 00
0x000002c3b30f2b34:   00 41 80 bf d8 05 00 00 00 74 03 ff 63 38 ff 63
0x000002c3b30f2b44:   50 e9 36 16 00 00 66 66 66 0f 1f 84 00 00 00 00
0x000002c3b30f2b54:   00 66 66 66 0f 1f 84 00 00 00 00 00 58 5b 50 8b
0x000002c3b30f2b64:   5b 24 48 c1 e3 03 48 8b 5b 10 48 85 db 0f 84 10
0x000002c3b30f2b74:   00 00 00 41 80 bf d8 05 00 00 00 74 03 ff 63 38
0x000002c3b30f2b84:   ff 63 50 e9 f4 15 00 00 66 66 0f 1f 84 00 00 00
0x000002c3b30f2b94:   00 00 66 66 0f 1f 84 00 00 00 00 00 48 8b 53 08
0x000002c3b30f2ba4:   0f b7 52 2e 48 8b 0c d4 58 5b 50 48 3b 01 8b 5b
0x000002c3b30f2bb4:   24 48 c1 e3 03 48 8b 5b 10 48 85 db 0f 84 10 00
0x000002c3b30f2bc4:   00 00 41 80 bf d8 05 00 00 00 74 03 ff 63 38 ff
0x000002c3b30f2bd4:   63 50 e9 a5 15 00 00 0f 1f 44 00 00 48 8b 53 08
0x000002c3b30f2be4:   0f b7 52 2e 48 8b 0c d4 58 5b 50 44 8b 51 08 49
0x000002c3b30f2bf4:   bb 00 00 00 bf c3 02 00 00 4d 03 d3 8b 43 18 48
0x000002c3b30f2c04:   c1 e0 03 48 8b 40 10 48 8b 5b 10 45 8b 9a ac 00
0x000002c3b30f2c14:   00 00 4f 8d 9c da d0 01 00 00 4d 8d 14 da 49 8b 


Stack slot to memory mapping:

stack at sp + 0 slots: 0x000002c3b30c9086 is at code_begin+3078 in an Interpreter codelet
return entry points  [0x000002c3b30c8480, 0x000002c3b30ca298]  7704 bytes
stack at sp + 1 slots: 0x000000070b6bb528 is an oop: bs.experian.integracion.infrastructure.persistence.ProcesarDocumentosRepository 
{0x000000070b6bb528} - klass: 'bs/experian/integracion/infrastructure/persistence/ProcesarDocumentosRepository'
 - ---- fields (total size 3 words):
 - private final 'descargaDocumentoErrorRepository' 'Lbs/experian/integracion/infrastructure/persistence/repository/DescargaDocumentoErrorRepository;' @12  a 'jdk/proxy2/$Proxy122'{0x000000070b6bb540} (0xe16d76a8)
 - private final 'documentoPendienteCustodiaRepository' 'Lbs/experian/integracion/infrastructure/persistence/repository/DocumentoPendienteCustodiaRepository;' @16  a 'jdk/proxy2/$Proxy124'{0x000000070b6ef910} (0xe16ddf22)
stack at sp + 2 slots: 0x000000cc83afda98 is pointing into the stack for thread: 0x000002c4052da3d0
stack at sp + 3 slots: 0x000002c3bf7290cb is pointing into metadata
stack at sp + 4 slots: 0x0000000000000005 is an unknown value
stack at sp + 5 slots: 0x000002c3bf0b0d70 is pointing into metadata
stack at sp + 6 slots: 0x000000cc83afd964 is pointing into the stack for thread: 0x000002c4052da3d0
stack at sp + 7 slots: 0x0000000709d14948 is an oop: java.lang.Class 
{0x0000000709d14948} - klass: 'java/lang/Class'
 - ---- fields (total size 14 words):
 - private volatile transient 'classRedefinedCount' 'I' @12  0 (0x00000000)
 - injected 'klass' 'J' @16  3039747049784 (0x000002c3bf0b0938)
 - injected 'array_klass' 'J' @24  0 (0x0000000000000000)
 - injected 'oop_size' 'I' @32  14 (0x0000000e)
 - injected 'static_oop_field_count' 'I' @36  0 (0x00000000)
 - private volatile transient 'cachedConstructor' 'Ljava/lang/reflect/Constructor;' @40  null (0x00000000)
 - private transient 'name' 'Ljava/lang/String;' @44  null (0x00000000)
 - private transient 'module' 'Ljava/lang/Module;' @48  a 'java/lang/Module'{0x0000000709d04b28} (0xe13a0965)
 - private final 'classLoader' 'Ljava/lang/ClassLoader;' @52  null (0x00000000)
 - private transient 'classData' 'Ljava/lang/Object;' @56  null (0x00000000)
 - private transient 'packageName' 'Ljava/lang/String;' @60  null (0x00000000)
 - private final 'componentType' 'Ljava/lang/Class;' @64  null (0x00000000)
 - private volatile transient 'reflectionData' 'Ljava/lang/ref/SoftReference;' @68  null (0x00000000)
 - private volatile transient 'genericInfo' 'Lsun/reflect/generics/repository/ClassRepository;' @72  null (0x00000000)
 - private volatile transient 'enumConstants' '[Ljava/lang/Object;' @76  null (0x00000000)
 - private volatile transient 'enumConstantDirectory' 'Ljava/util/Map;' @80  null (0x00000000)
 - private volatile transient 'annotationData' 'Ljava/lang/Class$AnnotationData;' @84  null (0x00000000)
 - private volatile transient 'annotationType' 'Lsun/reflect/annotation/AnnotationType;' @88  null (0x00000000)
 - transient 'classValueMap' 'Ljava/lang/ClassValue$ClassValueMap;' @92  null (0x00000000)
 - injected 'protection_domain' 'Ljava/lang/Object;' @96  null (0x00000000)
 - injected 'signers_name' 'Ljava/lang/Object;' @100  null (0x00000000)
 - injected 'source_file' 'Ljava/lang/Object;' @104  null (0x00000000)
 - injected '<init_lock>' 'Ljava/lang/Object;' @108  null (0x00000000)
 - signature: Ljava/lang/invoke/DirectMethodHandle$Holder;
 - ---- static fields (0):

MethodHandle::interpreter_entry::_linkToVirtual [0x000002c3b30f2ae3, 0x000002c3b30f2b4a] (103 bytes)
[MachCode]
  0x000002c3b30f2ae3: 6666 660f | 1f84 0000 | 0000 0066 | 0f1f 8400 | 0000 0000 | 660f 1f84 | 0000 0000 | 0048 8b53 
  0x000002c3b30f2b03: 080f b752 | 2e48 8b0c | d458 5b50 | 448b 5108 | 49bb 0000 | 00bf c302 | 0000 4d03 | d34c 8b5b 
  0x000002c3b30f2b23: 104b 8b9c | dad0 0100 | 0048 85db | 0f84 1000 | 0000 4180 | bfd8 0500 | 0000 7403 | ff63 38ff 
  0x000002c3b30f2b43: 6350 e936 | 
[/MachCode]

---------------  P R O C E S S  ---------------

Threads class SMR info:
_java_thread_list=0x000002c4068b75c0, length=48, elements={
0x000002c3be29d940, 0x000002c3be29ef00, 0x000002c3be2a30d0, 0x000002c3be2a3e80,
0x000002c3be2adfc0, 0x000002c3be2b2e10, 0x000002c3be2b6d30, 0x000002c3be6730b0,
0x000002c3be6965c0, 0x000002c3be696c40, 0x000002c3be6a4600, 0x000002c4042abae0,
0x000002c4044e6870, 0x000002c404505ba0, 0x000002c404532b10, 0x000002c404cacbb0,
0x000002c404cc2480, 0x000002c405c6b4d0, 0x000002c405c6e2c0, 0x000002c405c6c1f0,
0x000002c405c6dc30, 0x000002c405c6d5a0, 0x000002c405c6ae40, 0x000002c40642a5f0,
0x000002c40642b310, 0x000002c406428520, 0x000002c406427e90, 0x000002c406428bb0,
0x000002c4052d3440, 0x000002c4052d6230, 0x000002c4052d68c0, 0x000002c4052d4e80,
0x000002c4052d5510, 0x000002c4052d6f50, 0x000002c4052d3ad0, 0x000002c4052d5ba0,
0x000002c4052d75e0, 0x000002c4052d4160, 0x000002c4052d7c70, 0x000002c4052d47f0,
0x000002c4052d96b0, 0x000002c4052da3d0, 0x000002c4052daa60, 0x000002c4052d8990,
0x000002c4052d8300, 0x000002c4052d9020, 0x000002c4043683f0, 0x000002c404365600
}

Java Threads: ( => current thread )
  0x000002c3be29d940 JavaThread "Reference Handler"          daemon [_thread_blocked, id=20400, stack(0x000000ccff800000,0x000000ccff900000) (1024K)]
  0x000002c3be29ef00 JavaThread "Finalizer"                  daemon [_thread_blocked, id=5004, stack(0x000000ccff900000,0x000000ccffa00000) (1024K)]
  0x000002c3be2a30d0 JavaThread "Signal Dispatcher"          daemon [_thread_blocked, id=16644, stack(0x000000ccffa00000,0x000000ccffb00000) (1024K)]
  0x000002c3be2a3e80 JavaThread "Attach Listener"            daemon [_thread_blocked, id=7268, stack(0x000000ccffb00000,0x000000ccffc00000) (1024K)]
  0x000002c3be2adfc0 JavaThread "Service Thread"             daemon [_thread_blocked, id=21324, stack(0x000000ccffc00000,0x000000ccffd00000) (1024K)]
  0x000002c3be2b2e10 JavaThread "Monitor Deflation Thread"   daemon [_thread_blocked, id=12908, stack(0x000000ccffd00000,0x000000ccffe00000) (1024K)]
  0x000002c3be2b6d30 JavaThread "C1 CompilerThread0"         daemon [_thread_blocked, id=18076, stack(0x000000ccffe00000,0x000000ccfff00000) (1024K)]
  0x000002c3be6730b0 JavaThread "JDWP Transport Listener: dt_socket" daemon [_thread_blocked, id=1844, stack(0x000000cc80200000,0x000000cc80300000) (1024K)]
  0x000002c3be6965c0 JavaThread "JDWP Event Helper Thread"   daemon [_thread_blocked, id=16832, stack(0x000000cc80300000,0x000000cc80400000) (1024K)]
  0x000002c3be696c40 JavaThread "JDWP Command Reader"        daemon [_thread_in_native, id=1740, stack(0x000000cc80400000,0x000000cc80500000) (1024K)]
  0x000002c3be6a4600 JavaThread "Common-Cleaner"             daemon [_thread_blocked, id=26612, stack(0x000000cc80500000,0x000000cc80600000) (1024K)]
  0x000002c4042abae0 JavaThread "Notification Thread"        daemon [_thread_blocked, id=7764, stack(0x000000cc80600000,0x000000cc80700000) (1024K)]
  0x000002c4044e6870 JavaThread "RMI TCP Accept-0"           daemon [_thread_in_native, id=13144, stack(0x000000cc80e00000,0x000000cc80f00000) (1024K)]
  0x000002c404505ba0 JavaThread "RMI TCP Accept-56569"       daemon [_thread_in_native, id=12016, stack(0x000000cc80f00000,0x000000cc81000000) (1024K)]
  0x000002c404532b10 JavaThread "RMI TCP Accept-0"           daemon [_thread_in_native, id=8560, stack(0x000000cc81000000,0x000000cc81100000) (1024K)]
  0x000002c404cacbb0 JavaThread "RMI Scheduler(0)"           daemon [_thread_blocked, id=22956, stack(0x000000cc81700000,0x000000cc81800000) (1024K)]
  0x000002c404cc2480 JavaThread "JMX server connection timeout 51" daemon [_thread_blocked, id=22192, stack(0x000000cc81900000,0x000000cc81a00000) (1024K)]
  0x000002c405c6b4d0 JavaThread "Catalina-utility-1"                [_thread_blocked, id=22300, stack(0x000000cc81a00000,0x000000cc81b00000) (1024K)]
  0x000002c405c6e2c0 JavaThread "Catalina-utility-2"                [_thread_blocked, id=7824, stack(0x000000cc82000000,0x000000cc82100000) (1024K)]
  0x000002c405c6c1f0 JavaThread "container-0"                       [_thread_blocked, id=11000, stack(0x000000cc82100000,0x000000cc82200000) (1024K)]
  0x000002c405c6dc30 JavaThread "oracle.jdbc.diagnostics.Diagnostic.CLOCK" daemon [_thread_blocked, id=420, stack(0x000000cc82200000,0x000000cc82300000) (1024K)]
  0x000002c405c6d5a0 JavaThread "oracle.jdbc.driver.BlockSource.ThreadedCachingBlockSource.BlockReleaser" daemon [_thread_blocked, id=5096, stack(0x000000cc82300000,0x000000cc82400000) (1024K)]
  0x000002c405c6ae40 JavaThread "InterruptTimer"             daemon [_thread_blocked, id=24256, stack(0x000000cc82500000,0x000000cc82600000) (1024K)]
  0x000002c40642a5f0 JavaThread "HikariPool-1:housekeeper"   daemon [_thread_blocked, id=17972, stack(0x000000cc82700000,0x000000cc82800000) (1024K)]
  0x000002c40642b310 JavaThread "http-nio-6001-exec-1"       daemon [_thread_blocked, id=19084, stack(0x000000cc82900000,0x000000cc82a00000) (1024K)]
  0x000002c406428520 JavaThread "http-nio-6001-exec-2"       daemon [_thread_blocked, id=7900, stack(0x000000cc82a00000,0x000000cc82b00000) (1024K)]
  0x000002c406427e90 JavaThread "http-nio-6001-exec-3"       daemon [_thread_blocked, id=6336, stack(0x000000cc82b00000,0x000000cc82c00000) (1024K)]
  0x000002c406428bb0 JavaThread "http-nio-6001-exec-4"       daemon [_thread_blocked, id=412, stack(0x000000cc82c00000,0x000000cc82d00000) (1024K)]
  0x000002c4052d3440 JavaThread "http-nio-6001-exec-5"       daemon [_thread_blocked, id=15028, stack(0x000000cc82d00000,0x000000cc82e00000) (1024K)]
  0x000002c4052d6230 JavaThread "http-nio-6001-exec-6"       daemon [_thread_blocked, id=16000, stack(0x000000cc82e00000,0x000000cc82f00000) (1024K)]
  0x000002c4052d68c0 JavaThread "http-nio-6001-exec-7"       daemon [_thread_blocked, id=21244, stack(0x000000cc82f00000,0x000000cc83000000) (1024K)]
  0x000002c4052d4e80 JavaThread "http-nio-6001-exec-8"       daemon [_thread_blocked, id=2932, stack(0x000000cc83000000,0x000000cc83100000) (1024K)]
  0x000002c4052d5510 JavaThread "http-nio-6001-exec-9"       daemon [_thread_blocked, id=10408, stack(0x000000cc83100000,0x000000cc83200000) (1024K)]
  0x000002c4052d6f50 JavaThread "http-nio-6001-exec-10"      daemon [_thread_blocked, id=28400, stack(0x000000cc83200000,0x000000cc83300000) (1024K)]
  0x000002c4052d3ad0 JavaThread "http-nio-6001-Poller"       daemon [_thread_in_native, id=22048, stack(0x000000cc83300000,0x000000cc83400000) (1024K)]
  0x000002c4052d5ba0 JavaThread "http-nio-6001-Acceptor"     daemon [_thread_in_native, id=16020, stack(0x000000cc83400000,0x000000cc83500000) (1024K)]
  0x000002c4052d75e0 JavaThread "ThreadPoolTaskScheduler-1"         [_thread_blocked, id=28148, stack(0x000000cc83500000,0x000000cc83600000) (1024K)]
  0x000002c4052d4160 JavaThread "org.springframework.kafka.KafkaListenerEndpointContainer#0-dlt-0-C-1"        [_thread_in_native, id=8508, stack(0x000000cc83600000,0x000000cc83700000) (1024K)]
  0x000002c4052d7c70 JavaThread "ThreadPoolTaskScheduler-1"         [_thread_blocked, id=1368, stack(0x000000cc83700000,0x000000cc83800000) (1024K)]
  0x000002c4052d47f0 JavaThread "org.springframework.kafka.KafkaListenerEndpointContainer#0-0-C-1"        [_thread_in_native, id=27752, stack(0x000000cc83800000,0x000000cc83900000) (1024K)]
  0x000002c4052d96b0 JavaThread "ThreadPoolTaskScheduler-1"         [_thread_blocked, id=14964, stack(0x000000cc83900000,0x000000cc83a00000) (1024K)]
=>0x000002c4052da3d0 JavaThread "org.springframework.kafka.KafkaListenerEndpointContainer#0-retry-0-C-1"        [_thread_in_Java, id=28776, stack(0x000000cc83a00000,0x000000cc83b00000) (1024K)]
  0x000002c4052daa60 JavaThread "kafka-coordinator-heartbeat-thread | integracion-experian-dlt" daemon [_thread_blocked, id=21544, stack(0x000000cc83b00000,0x000000cc83c00000) (1024K)]
  0x000002c4052d8990 JavaThread "kafka-coordinator-heartbeat-thread | integracion-experian" daemon [_thread_blocked, id=13380, stack(0x000000cc83c00000,0x000000cc83d00000) (1024K)]
  0x000002c4052d8300 JavaThread "kafka-coordinator-heartbeat-thread | integracion-experian-retry" daemon [_thread_blocked, id=3680, stack(0x000000cc83d00000,0x000000cc83e00000) (1024K)]
  0x000002c4052d9020 JavaThread "DestroyJavaVM"                     [_thread_blocked, id=21408, stack(0x000000ccff000000,0x000000ccff100000) (1024K)]
  0x000002c4043683f0 JavaThread "RMI TCP Connection(idle)"   daemon [_thread_blocked, id=17348, stack(0x000000cc84100000,0x000000cc84200000) (1024K)]
  0x000002c404365600 JavaThread "kafka-producer-network-thread | experian-integracion-producer-1" daemon [_thread_in_native, id=18364, stack(0x000000cc81d00000,0x000000cc81e00000) (1024K)]
Total: 48

Other Threads:
  0x000002c3be27ddf0 VMThread "VM Thread"                           [id=9772, stack(0x000000ccff700000,0x000000ccff800000) (1024K)]
  0x000002c3be26ad30 WatcherThread "VM Periodic Task Thread"        [id=11536, stack(0x000000ccff600000,0x000000ccff700000) (1024K)]
  0x000002c3aaa233d0 WorkerThread "GC Thread#0"                     [id=27812, stack(0x000000ccff100000,0x000000ccff200000) (1024K)]
  0x000002c404494600 WorkerThread "GC Thread#1"                     [id=28716, stack(0x000000cc80700000,0x000000cc80800000) (1024K)]
  0x000002c4044949a0 WorkerThread "GC Thread#2"                     [id=20904, stack(0x000000cc80800000,0x000000cc80900000) (1024K)]
  0x000002c404496d50 WorkerThread "GC Thread#3"                     [id=23256, stack(0x000000cc80900000,0x000000cc80a00000) (1024K)]
  0x000002c4044a8030 WorkerThread "GC Thread#4"                     [id=11488, stack(0x000000cc80a00000,0x000000cc80b00000) (1024K)]
  0x000002c4044a8b10 WorkerThread "GC Thread#5"                     [id=15268, stack(0x000000cc80b00000,0x000000cc80c00000) (1024K)]
  0x000002c4044a7c90 WorkerThread "GC Thread#6"                     [id=20632, stack(0x000000cc80c00000,0x000000cc80d00000) (1024K)]
  0x000002c4044a83d0 WorkerThread "GC Thread#7"                     [id=10692, stack(0x000000cc80d00000,0x000000cc80e00000) (1024K)]
  0x000002c4044a8eb0 WorkerThread "GC Thread#8"                     [id=10204, stack(0x000000cc81100000,0x000000cc81200000) (1024K)]
  0x000002c4044a8770 WorkerThread "GC Thread#9"                     [id=29660, stack(0x000000cc81200000,0x000000cc81300000) (1024K)]
  0x000002c4044a78f0 WorkerThread "GC Thread#10"                    [id=20684, stack(0x000000cc81300000,0x000000cc81400000) (1024K)]
  0x000002c4044a7550 WorkerThread "GC Thread#11"                    [id=13864, stack(0x000000cc81400000,0x000000cc81500000) (1024K)]
  0x000002c404a1fc20 WorkerThread "GC Thread#12"                    [id=7680, stack(0x000000cc81500000,0x000000cc81600000) (1024K)]
  0x000002c3aaa353d0 ConcurrentGCThread "G1 Main Marker"            [id=18656, stack(0x000000ccff200000,0x000000ccff300000) (1024K)]
  0x000002c3aaa36580 WorkerThread "G1 Conc#0"                       [id=5844, stack(0x000000ccff300000,0x000000ccff400000) (1024K)]
  0x000002c404a20360 WorkerThread "G1 Conc#1"                       [id=28508, stack(0x000000cc81b00000,0x000000cc81c00000) (1024K)]
  0x000002c404a1f4e0 WorkerThread "G1 Conc#2"                       [id=22120, stack(0x000000cc81c00000,0x000000cc81d00000) (1024K)]
  0x000002c3be13d050 ConcurrentGCThread "G1 Refine#0"               [id=19780, stack(0x000000ccff400000,0x000000ccff500000) (1024K)]
  0x000002c3be140890 ConcurrentGCThread "G1 Service"                [id=24048, stack(0x000000ccff500000,0x000000ccff600000) (1024K)]
Total: 21

Threads with active compile tasks:
Total: 0

VM state: not at safepoint (normal execution)

VM Mutex/Monitor currently owned by a thread: None

Heap address: 0x0000000709800000, size: 3944 MB, Compressed Oops mode: Zero based, Oop shift amount: 3

CDS archive(s) mapped at: [0x000002c3bf000000-0x000002c3bfc80000-0x000002c3bfc80000), size 13107200, SharedBaseAddress: 0x000002c3bf000000, ArchiveRelocationMode: 1.
Compressed class space mapped at: 0x000002c3c0000000-0x000002c400000000, reserved size: 1073741824
Narrow klass base: 0x000002c3bf000000, Narrow klass shift: 0, Narrow klass range: 0x100000000

GC Precious Log:
 CardTable entry size: 512
 Card Set container configuration: InlinePtr #cards 4 size 8 Array Of Cards #cards 16 size 48 Howl #buckets 8 coarsen threshold 3686 Howl Bitmap #cards 512 size 80 coarsen threshold 460 Card regions per heap region 1 cards per card region 4096
 CPUs: 16 total, 16 available
 Memory: 15772M
 Large Page Support: Disabled
 NUMA Support: Disabled
 Compressed Oops: Enabled (Zero based)
 Heap Region Size: 2M
 Heap Min Capacity: 8M
 Heap Initial Capacity: 248M
 Heap Max Capacity: 3944M
 Pre-touch: Disabled
 Parallel Workers: 13
 Concurrent Workers: 3
 Concurrent Refinement Workers: 13
 Periodic GC: Disabled

Heap:
 garbage-first heap   total 118784K, used 52164K [0x0000000709800000, 0x0000000800000000)
  region size 2048K, 9 young (18432K), 3 survivors (6144K)
 Metaspace       used 97825K, committed 98688K, reserved 1179648K
  class space    used 13571K, committed 13952K, reserved 1048576K

Heap Regions: E=young(eden), S=young(survivor), O=old, HS=humongous(starts), HC=humongous(continues), CS=collection set, F=free, TAMS=top-at-mark-start, PB=parsable bottom
|   0|0x0000000709800000, 0x0000000709a00000, 0x0000000709a00000|100%| O|  |TAMS 0x0000000709800000| PB 0x0000000709800000| Untracked 
|   1|0x0000000709a00000, 0x0000000709c00000, 0x0000000709c00000|100%| O|  |TAMS 0x0000000709a00000| PB 0x0000000709a00000| Untracked 
|   2|0x0000000709c00000, 0x0000000709e00000, 0x0000000709e00000|100%| O|  |TAMS 0x0000000709c00000| PB 0x0000000709c00000| Untracked 
|   3|0x0000000709e00000, 0x000000070a000000, 0x000000070a000000|100%| O|  |TAMS 0x0000000709e00000| PB 0x0000000709e00000| Untracked 
|   4|0x000000070a000000, 0x000000070a200000, 0x000000070a200000|100%| O|  |TAMS 0x000000070a000000| PB 0x000000070a000000| Untracked 
|   5|0x000000070a200000, 0x000000070a400000, 0x000000070a400000|100%| O|  |TAMS 0x000000070a200000| PB 0x000000070a200000| Untracked 
|   6|0x000000070a400000, 0x000000070a600000, 0x000000070a600000|100%| O|  |TAMS 0x000000070a400000| PB 0x000000070a400000| Untracked 
|   7|0x000000070a600000, 0x000000070a800000, 0x000000070a800000|100%| O|  |TAMS 0x000000070a600000| PB 0x000000070a600000| Untracked 
|   8|0x000000070a800000, 0x000000070aa00000, 0x000000070aa00000|100%| O|  |TAMS 0x000000070a800000| PB 0x000000070a800000| Untracked 
|   9|0x000000070aa00000, 0x000000070ac00000, 0x000000070ac00000|100%| O|Cm|TAMS 0x000000070aa00000| PB 0x000000070aa00000| Complete 
|  10|0x000000070ac00000, 0x000000070ae00000, 0x000000070ae00000|100%| O|  |TAMS 0x000000070ac00000| PB 0x000000070ac00000| Untracked 
|  11|0x000000070ae00000, 0x000000070b000000, 0x000000070b000000|100%| O|  |TAMS 0x000000070ae00000| PB 0x000000070ae00000| Untracked 
|  12|0x000000070b000000, 0x000000070b200000, 0x000000070b200000|100%| O|  |TAMS 0x000000070b000000| PB 0x000000070b000000| Untracked 
|  13|0x000000070b200000, 0x000000070b400000, 0x000000070b400000|100%| O|  |TAMS 0x000000070b200000| PB 0x000000070b200000| Untracked 
|  14|0x000000070b400000, 0x000000070b600000, 0x000000070b600000|100%| O|  |TAMS 0x000000070b400000| PB 0x000000070b400000| Untracked 
|  15|0x000000070b600000, 0x000000070b800000, 0x000000070b800000|100%| O|  |TAMS 0x000000070b600000| PB 0x000000070b600000| Untracked 
|  16|0x000000070b800000, 0x000000070ba00000, 0x000000070ba00000|100%| O|  |TAMS 0x000000070b800000| PB 0x000000070b800000| Untracked 
|  17|0x000000070ba00000, 0x000000070bc00000, 0x000000070bc00000|100%| O|  |TAMS 0x000000070ba00000| PB 0x000000070ba00000| Untracked 
|  18|0x000000070bc00000, 0x000000070bc82b00, 0x000000070be00000| 25%| O|  |TAMS 0x000000070bc00000| PB 0x000000070bc00000| Untracked 
|  19|0x000000070be00000, 0x000000070be00000, 0x000000070c000000|  0%| F|  |TAMS 0x000000070be00000| PB 0x000000070be00000| Untracked 
|  20|0x000000070c000000, 0x000000070c000000, 0x000000070c200000|  0%| F|  |TAMS 0x000000070c000000| PB 0x000000070c000000| Untracked 
|  21|0x000000070c200000, 0x000000070c26e688, 0x000000070c400000| 21%| S|CS|TAMS 0x000000070c200000| PB 0x000000070c200000| Complete 
|  22|0x000000070c400000, 0x000000070c600000, 0x000000070c600000|100%| S|CS|TAMS 0x000000070c400000| PB 0x000000070c400000| Complete 
|  23|0x000000070c600000, 0x000000070c800000, 0x000000070c800000|100%| S|CS|TAMS 0x000000070c600000| PB 0x000000070c600000| Complete 
|  24|0x000000070c800000, 0x000000070c800000, 0x000000070ca00000|  0%| F|  |TAMS 0x000000070c800000| PB 0x000000070c800000| Untracked 
|  25|0x000000070ca00000, 0x000000070ca00000, 0x000000070cc00000|  0%| F|  |TAMS 0x000000070ca00000| PB 0x000000070ca00000| Untracked 
|  26|0x000000070cc00000, 0x000000070cc00000, 0x000000070ce00000|  0%| F|  |TAMS 0x000000070cc00000| PB 0x000000070cc00000| Untracked 
|  27|0x000000070ce00000, 0x000000070ce00000, 0x000000070d000000|  0%| F|  |TAMS 0x000000070ce00000| PB 0x000000070ce00000| Untracked 
|  28|0x000000070d000000, 0x000000070d000000, 0x000000070d200000|  0%| F|  |TAMS 0x000000070d000000| PB 0x000000070d000000| Untracked 
|  29|0x000000070d200000, 0x000000070d200000, 0x000000070d400000|  0%| F|  |TAMS 0x000000070d200000| PB 0x000000070d200000| Untracked 
|  30|0x000000070d400000, 0x000000070d400000, 0x000000070d600000|  0%| F|  |TAMS 0x000000070d400000| PB 0x000000070d400000| Untracked 
|  31|0x000000070d600000, 0x000000070d600000, 0x000000070d800000|  0%| F|  |TAMS 0x000000070d600000| PB 0x000000070d600000| Untracked 
|  32|0x000000070d800000, 0x000000070d800000, 0x000000070da00000|  0%| F|  |TAMS 0x000000070d800000| PB 0x000000070d800000| Untracked 
|  33|0x000000070da00000, 0x000000070da00000, 0x000000070dc00000|  0%| F|  |TAMS 0x000000070da00000| PB 0x000000070da00000| Untracked 
|  34|0x000000070dc00000, 0x000000070dc00000, 0x000000070de00000|  0%| F|  |TAMS 0x000000070dc00000| PB 0x000000070dc00000| Untracked 
|  35|0x000000070de00000, 0x000000070de00000, 0x000000070e000000|  0%| F|  |TAMS 0x000000070de00000| PB 0x000000070de00000| Untracked 
|  36|0x000000070e000000, 0x000000070e000000, 0x000000070e200000|  0%| F|  |TAMS 0x000000070e000000| PB 0x000000070e000000| Untracked 
|  37|0x000000070e200000, 0x000000070e200000, 0x000000070e400000|  0%| F|  |TAMS 0x000000070e200000| PB 0x000000070e200000| Untracked 
|  38|0x000000070e400000, 0x000000070e400000, 0x000000070e600000|  0%| F|  |TAMS 0x000000070e400000| PB 0x000000070e400000| Untracked 
|  39|0x000000070e600000, 0x000000070e600000, 0x000000070e800000|  0%| F|  |TAMS 0x000000070e600000| PB 0x000000070e600000| Untracked 
|  40|0x000000070e800000, 0x000000070e800000, 0x000000070ea00000|  0%| F|  |TAMS 0x000000070e800000| PB 0x000000070e800000| Untracked 
|  41|0x000000070ea00000, 0x000000070ea00000, 0x000000070ec00000|  0%| F|  |TAMS 0x000000070ea00000| PB 0x000000070ea00000| Untracked 
|  42|0x000000070ec00000, 0x000000070ec00000, 0x000000070ee00000|  0%| F|  |TAMS 0x000000070ec00000| PB 0x000000070ec00000| Untracked 
|  43|0x000000070ee00000, 0x000000070ee00000, 0x000000070f000000|  0%| F|  |TAMS 0x000000070ee00000| PB 0x000000070ee00000| Untracked 
|  44|0x000000070f000000, 0x000000070f000000, 0x000000070f200000|  0%| F|  |TAMS 0x000000070f000000| PB 0x000000070f000000| Untracked 
|  45|0x000000070f200000, 0x000000070f200000, 0x000000070f400000|  0%| F|  |TAMS 0x000000070f200000| PB 0x000000070f200000| Untracked 
|  46|0x000000070f400000, 0x000000070f400000, 0x000000070f600000|  0%| F|  |TAMS 0x000000070f400000| PB 0x000000070f400000| Untracked 
|  47|0x000000070f600000, 0x000000070f600000, 0x000000070f800000|  0%| F|  |TAMS 0x000000070f600000| PB 0x000000070f600000| Untracked 
|  48|0x000000070f800000, 0x000000070f800000, 0x000000070fa00000|  0%| F|  |TAMS 0x000000070f800000| PB 0x000000070f800000| Untracked 
|  49|0x000000070fa00000, 0x000000070fa00000, 0x000000070fc00000|  0%| F|  |TAMS 0x000000070fa00000| PB 0x000000070fa00000| Untracked 
|  50|0x000000070fc00000, 0x000000070fc00000, 0x000000070fe00000|  0%| F|  |TAMS 0x000000070fc00000| PB 0x000000070fc00000| Untracked 
|  51|0x000000070fe00000, 0x000000070fe00000, 0x0000000710000000|  0%| F|  |TAMS 0x000000070fe00000| PB 0x000000070fe00000| Untracked 
|  52|0x0000000710000000, 0x000000071010fc18, 0x0000000710200000| 53%| E|  |TAMS 0x0000000710000000| PB 0x0000000710000000| Complete 
|  53|0x0000000710200000, 0x0000000710400000, 0x0000000710400000|100%| E|CS|TAMS 0x0000000710200000| PB 0x0000000710200000| Complete 
|  54|0x0000000710400000, 0x0000000710600000, 0x0000000710600000|100%| E|CS|TAMS 0x0000000710400000| PB 0x0000000710400000| Complete 
|  97|0x0000000715a00000, 0x0000000715c00000, 0x0000000715c00000|100%| E|CS|TAMS 0x0000000715a00000| PB 0x0000000715a00000| Complete 
|  98|0x0000000715c00000, 0x0000000715e00000, 0x0000000715e00000|100%| E|CS|TAMS 0x0000000715c00000| PB 0x0000000715c00000| Complete 
| 123|0x0000000718e00000, 0x0000000719000000, 0x0000000719000000|100%| E|CS|TAMS 0x0000000718e00000| PB 0x0000000718e00000| Complete 

Card table byte_map: [0x000002c3b6ef0000,0x000002c3b76b0000] _byte_map_base: 0x000002c3b36a4000

Marking Bits: (CMBitMap*) 0x000002c3aaa239e0
 Bits: [0x000002c3b76b0000, 0x000002c3bb450000)

Polling page: 0x000002c3a8740000

Metaspace:

Usage:
  Non-class:     82.28 MB used.
      Class:     13.25 MB used.
       Both:     95.53 MB used.

Virtual space:
  Non-class space:      128.00 MB reserved,      82.75 MB ( 65%) committed,  2 nodes.
      Class space:        1.00 GB reserved,      13.62 MB (  1%) committed,  1 nodes.
             Both:        1.12 GB reserved,      96.38 MB (  8%) committed. 

Chunk freelists:
   Non-Class:  12.75 MB
       Class:  2.32 MB
        Both:  15.07 MB

MaxMetaspaceSize: unlimited
CompressedClassSpaceSize: 1.00 GB
Initial GC threshold: 21.00 MB
Current GC threshold: 154.31 MB
CDS: on
 - commit_granule_bytes: 65536.
 - commit_granule_words: 8192.
 - virtual_space_node_default_size: 8388608.
 - enlarge_chunks_in_place: 1.
 - use_allocation_guard: 0.


Internal statistics:

num_allocs_failed_limit: 9.
num_arena_births: 1282.
num_arena_deaths: 0.
num_vsnodes_births: 3.
num_vsnodes_deaths: 0.
num_space_committed: 1542.
num_space_uncommitted: 0.
num_chunks_returned_to_freelist: 9.
num_chunks_taken_from_freelist: 4717.
num_chunk_merges: 6.
num_chunk_splits: 3563.
num_chunks_enlarged: 2917.
num_inconsistent_stats: 0.

CodeCache: size=49152Kb used=13658Kb max_used=16317Kb free=35493Kb
 bounds [0x000002c3b30c0000, 0x000002c3b40b0000, 0x000002c3b60c0000]
 total_blobs=7882, nmethods=6985, adapters=821, full_count=0
Compilation: enabled, stopped_count=0, restarted_count=0

Compilation events (20 events):
Event: 209.998 Thread 0x000002c3be2b6d30 7706       1       java.util.concurrent.locks.LockSupport::park (24 bytes)
Event: 209.998 Thread 0x000002c3be2b6d30 nmethod 7706 0x000002c3b3a06810 code [0x000002c3b3a069c0, 0x000002c3b3a06b40]
Event: 210.990 Thread 0x000002c3be2b6d30 7707   !   1       java.util.concurrent.locks.AbstractQueuedSynchronizer$ConditionObject::await (180 bytes)
Event: 210.991 Thread 0x000002c3be2b6d30 nmethod 7707 0x000002c3b3a05410 code [0x000002c3b3a056a0, 0x000002c3b3a060c8]
Event: 211.203 Thread 0x000002c3be2b6d30 7708       1       org.apache.kafka.clients.consumer.internals.ClassicKafkaConsumer::release (21 bytes)
Event: 211.203 Thread 0x000002c3be2b6d30 nmethod 7708 0x000002c3b3a05090 code [0x000002c3b3a05220, 0x000002c3b3a05340]
Event: 211.989 Thread 0x000002c3be2b6d30 7709       1       java.util.concurrent.locks.AbstractQueuedSynchronizer$ConditionNode::block (15 bytes)
Event: 211.990 Thread 0x000002c3be2b6d30 nmethod 7709 0x000002c3b3a04b90 code [0x000002c3b3a04d40, 0x000002c3b3a04f20]
Event: 216.202 Thread 0x000002c3be2b6d30 7710   !   1       java.util.Collections$SynchronizedCollection::toArray (24 bytes)
Event: 216.203 Thread 0x000002c3be2b6d30 nmethod 7710 0x000002c3b3a04690 code [0x000002c3b3a04840, 0x000002c3b3a04a50]
Event: 216.203 Thread 0x000002c3be2b6d30 7711   !   1       org.springframework.kafka.listener.KafkaMessageListenerContainer::getAssignedPartitions (76 bytes)
Event: 216.203 Thread 0x000002c3be2b6d30 nmethod 7711 0x000002c3b3a03e10 code [0x000002c3b3a04000, 0x000002c3b3a04410]
Event: 217.768 Thread 0x000002c3be2b6d30 7712       1       java.lang.StringCoding::implEncodeAsciiArray (47 bytes)
Event: 217.769 Thread 0x000002c3be2b6d30 nmethod 7712 0x000002c3b3a03990 code [0x000002c3b3a03b40, 0x000002c3b3a03c80]
Event: 217.769 Thread 0x000002c3be2b6d30 7713       1       ch.qos.logback.classic.Level::toString (5 bytes)
Event: 217.769 Thread 0x000002c3be2b6d30 nmethod 7713 0x000002c3b3a03690 code [0x000002c3b3a03820, 0x000002c3b3a038f0]
Event: 217.771 Thread 0x000002c3be2b6d30 7714       1       oracle.jdbc.driver.PhysicalConnection::requireOpenConnection (25 bytes)
Event: 217.772 Thread 0x000002c3be2b6d30 nmethod 7714 0x000002c3b3a03010 code [0x000002c3b3a031e0, 0x000002c3b3a034e8]
Event: 219.240 Thread 0x000002c3be2b6d30 7715       1       org.apache.kafka.clients.consumer.internals.ConsumerNetworkClient::send (11 bytes)
Event: 219.241 Thread 0x000002c3be2b6d30 nmethod 7715 0x000002c3b3a02c90 code [0x000002c3b3a02e40, 0x000002c3b3a02f48]

GC Heap History (20 events):
Event: 3.513 GC heap before
{Heap before GC invocations=16 (full 0):
 garbage-first heap   total 98304K, used 50277K [0x0000000709800000, 0x0000000800000000)
  region size 2048K, 14 young (28672K), 2 survivors (4096K)
 Metaspace       used 56081K, committed 56640K, reserved 1114112K
  class space    used 7746K, committed 8000K, reserved 1048576K
}
Event: 3.515 GC heap after
{Heap after GC invocations=17 (full 0):
 garbage-first heap   total 98304K, used 28435K [0x0000000709800000, 0x0000000800000000)
  region size 2048K, 3 young (6144K), 3 survivors (6144K)
 Metaspace       used 56081K, committed 56640K, reserved 1114112K
  class space    used 7746K, committed 8000K, reserved 1048576K
}
Event: 3.811 GC heap before
{Heap before GC invocations=18 (full 0):
 garbage-first heap   total 98304K, used 77587K [0x0000000709800000, 0x0000000800000000)
  region size 2048K, 28 young (57344K), 3 survivors (6144K)
 Metaspace       used 60444K, committed 61056K, reserved 1114112K
  class space    used 8415K, committed 8704K, reserved 1048576K
}
Event: 3.815 GC heap after
{Heap after GC invocations=19 (full 0):
 garbage-first heap   total 98304K, used 29995K [0x0000000709800000, 0x0000000800000000)
  region size 2048K, 3 young (6144K), 3 survivors (6144K)
 Metaspace       used 60444K, committed 61056K, reserved 1114112K
  class space    used 8415K, committed 8704K, reserved 1048576K
}
Event: 4.117 GC heap before
{Heap before GC invocations=19 (full 0):
 garbage-first heap   total 98304K, used 79147K [0x0000000709800000, 0x0000000800000000)
  region size 2048K, 28 young (57344K), 3 survivors (6144K)
 Metaspace       used 66228K, committed 66880K, reserved 1114112K
  class space    used 9266K, committed 9536K, reserved 1048576K
}
Event: 4.120 GC heap after
{Heap after GC invocations=20 (full 0):
 garbage-first heap   total 118784K, used 30260K [0x0000000709800000, 0x0000000800000000)
  region size 2048K, 3 young (6144K), 3 survivors (6144K)
 Metaspace       used 66228K, committed 66880K, reserved 1114112K
  class space    used 9266K, committed 9536K, reserved 1048576K
}
Event: 4.623 GC heap before
{Heap before GC invocations=20 (full 0):
 garbage-first heap   total 118784K, used 91700K [0x0000000709800000, 0x0000000800000000)
  region size 2048K, 34 young (69632K), 3 survivors (6144K)
 Metaspace       used 72474K, committed 73152K, reserved 1114112K
  class space    used 10308K, committed 10624K, reserved 1048576K
}
Event: 4.626 GC heap after
{Heap after GC invocations=21 (full 0):
 garbage-first heap   total 118784K, used 31676K [0x0000000709800000, 0x0000000800000000)
  region size 2048K, 4 young (8192K), 4 survivors (8192K)
 Metaspace       used 72474K, committed 73152K, reserved 1114112K
  class space    used 10308K, committed 10624K, reserved 1048576K
}
Event: 5.000 GC heap before
{Heap before GC invocations=21 (full 0):
 garbage-first heap   total 118784K, used 93116K [0x0000000709800000, 0x0000000800000000)
  region size 2048K, 34 young (69632K), 4 survivors (8192K)
 Metaspace       used 78135K, committed 78848K, reserved 1179648K
  class space    used 11087K, committed 11456K, reserved 1048576K
}
Event: 5.003 GC heap after
{Heap after GC invocations=22 (full 0):
 garbage-first heap   total 118784K, used 34650K [0x0000000709800000, 0x0000000800000000)
  region size 2048K, 4 young (8192K), 4 survivors (8192K)
 Metaspace       used 78135K, committed 78848K, reserved 1179648K
  class space    used 11087K, committed 11456K, reserved 1048576K
}
Event: 5.528 GC heap before
{Heap before GC invocations=22 (full 0):
 garbage-first heap   total 118784K, used 96090K [0x0000000709800000, 0x0000000800000000)
  region size 2048K, 34 young (69632K), 4 survivors (8192K)
 Metaspace       used 82650K, committed 83456K, reserved 1179648K
  class space    used 11807K, committed 12160K, reserved 1048576K
}
Event: 5.532 GC heap after
{Heap after GC invocations=23 (full 0):
 garbage-first heap   total 118784K, used 38008K [0x0000000709800000, 0x0000000800000000)
  region size 2048K, 4 young (8192K), 4 survivors (8192K)
 Metaspace       used 82650K, committed 83456K, reserved 1179648K
  class space    used 11807K, committed 12160K, reserved 1048576K
}
Event: 5.780 GC heap before
{Heap before GC invocations=23 (full 0):
 garbage-first heap   total 118784K, used 97400K [0x0000000709800000, 0x0000000800000000)
  region size 2048K, 34 young (69632K), 4 survivors (8192K)
 Metaspace       used 88350K, committed 89152K, reserved 1179648K
  class space    used 12251K, committed 12608K, reserved 1048576K
}
Event: 5.784 GC heap after
{Heap after GC invocations=24 (full 0):
 garbage-first heap   total 118784K, used 39602K [0x0000000709800000, 0x0000000800000000)
  region size 2048K, 3 young (6144K), 3 survivors (6144K)
 Metaspace       used 88350K, committed 89152K, reserved 1179648K
  class space    used 12251K, committed 12608K, reserved 1048576K
}
Event: 6.092 GC heap before
{Heap before GC invocations=24 (full 0):
 garbage-first heap   total 118784K, used 103090K [0x0000000709800000, 0x0000000800000000)
  region size 2048K, 34 young (69632K), 3 survivors (6144K)
 Metaspace       used 93575K, committed 94336K, reserved 1179648K
  class space    used 12864K, committed 13184K, reserved 1048576K
}
Event: 6.095 GC heap after
{Heap after GC invocations=25 (full 0):
 garbage-first heap   total 118784K, used 39781K [0x0000000709800000, 0x0000000800000000)
  region size 2048K, 3 young (6144K), 3 survivors (6144K)
 Metaspace       used 93575K, committed 94336K, reserved 1179648K
  class space    used 12864K, committed 13184K, reserved 1048576K
}
Event: 6.135 GC heap before
{Heap before GC invocations=25 (full 0):
 garbage-first heap   total 118784K, used 45925K [0x0000000709800000, 0x0000000800000000)
  region size 2048K, 7 young (14336K), 3 survivors (6144K)
 Metaspace       used 93935K, committed 94720K, reserved 1179648K
  class space    used 12927K, committed 13248K, reserved 1048576K
}
Event: 6.138 GC heap after
{Heap after GC invocations=26 (full 0):
 garbage-first heap   total 118784K, used 40613K [0x0000000709800000, 0x0000000800000000)
  region size 2048K, 2 young (4096K), 2 survivors (4096K)
 Metaspace       used 93935K, committed 94720K, reserved 1179648K
  class space    used 12927K, committed 13248K, reserved 1048576K
}
Event: 155.388 GC heap before
{Heap before GC invocations=27 (full 0):
 garbage-first heap   total 118784K, used 104101K [0x0000000709800000, 0x0000000800000000)
  region size 2048K, 34 young (69632K), 2 survivors (4096K)
 Metaspace       used 97790K, committed 98688K, reserved 1179648K
  class space    used 13563K, committed 13952K, reserved 1048576K
}
Event: 155.391 GC heap after
{Heap after GC invocations=28 (full 0):
 garbage-first heap   total 118784K, used 41924K [0x0000000709800000, 0x0000000800000000)
  region size 2048K, 3 young (6144K), 3 survivors (6144K)
 Metaspace       used 97790K, committed 98688K, reserved 1179648K
  class space    used 13563K, committed 13952K, reserved 1048576K
}

Dll operation events (12 events):
Event: 0.007 Loaded shared library C:\Program Files\Amazon Corretto\jdk21.0.9_10\bin\java.dll
Event: 0.234 Loaded shared library C:\Program Files\Amazon Corretto\jdk21.0.9_10\bin\zip.dll
Event: 0.236 Loaded shared library C:\Program Files\Amazon Corretto\jdk21.0.9_10\bin\instrument.dll
Event: 0.241 Loaded shared library C:\Program Files\Amazon Corretto\jdk21.0.9_10\bin\net.dll
Event: 0.242 Loaded shared library C:\Program Files\Amazon Corretto\jdk21.0.9_10\bin\nio.dll
Event: 0.244 Loaded shared library C:\Program Files\Amazon Corretto\jdk21.0.9_10\bin\zip.dll
Event: 0.356 Loaded shared library C:\Program Files\Amazon Corretto\jdk21.0.9_10\bin\jimage.dll
Event: 0.388 Loaded shared library C:\Program Files\Amazon Corretto\jdk21.0.9_10\bin\management.dll
Event: 0.395 Loaded shared library C:\Program Files\Amazon Corretto\jdk21.0.9_10\bin\management_ext.dll
Event: 0.537 Loaded shared library C:\Program Files\Amazon Corretto\jdk21.0.9_10\bin\extnet.dll
Event: 0.553 Loaded shared library C:\Program Files\Amazon Corretto\jdk21.0.9_10\bin\verify.dll
Event: 1.488 Loaded shared library C:\Program Files\Amazon Corretto\jdk21.0.9_10\bin\sunmscapi.dll

Deoptimization events (20 events):
Event: 6.671 Thread 0x000002c404cb5220 DEOPT PACKING pc=0x000002c3b3edb674 sp=0x000000cc818fd9e0
Event: 6.671 Thread 0x000002c404cb5220 DEOPT UNPACKING pc=0x000002c3b3114bc2 sp=0x000000cc818fcf48 mode 1
Event: 84.651 Thread 0x000002c4052da3d0 DEOPT PACKING pc=0x000002c3b3bca34c sp=0x000000cc83afe370
Event: 84.651 Thread 0x000002c4052da3d0 DEOPT UNPACKING pc=0x000002c3b3114bc2 sp=0x000000cc83afd868 mode 1
Event: 84.651 Thread 0x000002c4052da3d0 DEOPT PACKING pc=0x000002c3b3bc7874 sp=0x000000cc83afe510
Event: 84.651 Thread 0x000002c4052da3d0 DEOPT UNPACKING pc=0x000002c3b3114bc2 sp=0x000000cc83afda00 mode 1
Event: 84.700 Thread 0x000002c404365600 DEOPT PACKING pc=0x000002c3b337964c sp=0x000000cc81dfed20
Event: 84.700 Thread 0x000002c404365600 DEOPT UNPACKING pc=0x000002c3b3114bc2 sp=0x000000cc81dfe258 mode 1
Event: 84.700 Thread 0x000002c404365600 DEOPT PACKING pc=0x000002c3b33adee4 sp=0x000000cc81dfee20
Event: 84.700 Thread 0x000002c404365600 DEOPT UNPACKING pc=0x000002c3b3114bc2 sp=0x000000cc81dfe3f8 mode 1
Event: 179.371 Thread 0x000002c4052da3d0 DEOPT PACKING pc=0x000002c3b3bca34c sp=0x000000cc83afe370
Event: 179.371 Thread 0x000002c4052da3d0 DEOPT UNPACKING pc=0x000002c3b3114bc2 sp=0x000000cc83afd868 mode 1
Event: 179.371 Thread 0x000002c4052da3d0 DEOPT PACKING pc=0x000002c3b3bc7874 sp=0x000000cc83afe510
Event: 179.371 Thread 0x000002c4052da3d0 DEOPT UNPACKING pc=0x000002c3b3114bc2 sp=0x000000cc83afda00 mode 1
Event: 191.956 Thread 0x000002c4052da3d0 DEOPT PACKING pc=0x000002c3b3bca34c sp=0x000000cc83afe370
Event: 191.956 Thread 0x000002c4052da3d0 DEOPT UNPACKING pc=0x000002c3b3114bc2 sp=0x000000cc83afd868 mode 1
Event: 191.956 Thread 0x000002c4052da3d0 DEOPT PACKING pc=0x000002c3b3bc7874 sp=0x000000cc83afe510
Event: 191.956 Thread 0x000002c4052da3d0 DEOPT UNPACKING pc=0x000002c3b3114bc2 sp=0x000000cc83afda00 mode 1
Event: 220.194 Thread 0x000002c4052da3d0 DEOPT PACKING pc=0x000002c3b406123c sp=0x000000cc83afdaa0
Event: 220.194 Thread 0x000002c4052da3d0 DEOPT UNPACKING pc=0x000002c3b3114bc2 sp=0x000000cc83afcf48 mode 0

Classes loaded (20 events):
Event: 9.142 Loading class java/util/zip/CRC32C
Event: 9.143 Loading class java/util/zip/CRC32C done
Event: 19.006 Loading class org/w3c/dom/Node
Event: 19.006 Loading class org/w3c/dom/Node done
Event: 19.006 Loading class org/w3c/dom/Document
Event: 19.006 Loading class org/w3c/dom/Document done
Event: 84.652 Loading class java/time/Instant$1
Event: 84.652 Loading class java/time/Instant$1 done
Event: 84.660 Loading class java/io/PrintWriter$1
Event: 84.660 Loading class jdk/internal/access/JavaIOPrintWriterAccess
Event: 84.660 Loading class jdk/internal/access/JavaIOPrintWriterAccess done
Event: 84.660 Loading class java/io/PrintWriter$1 done
Event: 84.660 Loading class java/lang/Throwable$WrappedPrintWriter
Event: 84.660 Loading class java/lang/Throwable$WrappedPrintWriter done
Event: 84.681 Loading class java/util/PriorityQueue
Event: 84.681 Loading class java/util/PriorityQueue done
Event: 174.475 Loading class jdk/internal/reflect/AccessorUtils
Event: 174.475 Loading class jdk/internal/reflect/AccessorUtils done
Event: 189.023 Loading class java/lang/Throwable$WrappedPrintStream
Event: 189.023 Loading class java/lang/Throwable$WrappedPrintStream done

Classes unloaded (0 events):
No events

Classes redefined (2 events):
Event: 170.306 Thread 0x000002c3be27ddf0 redefined class name=bs.experian.integracion.infrastructure.persistence.ProcesarDocumentosRepository, count=1
Event: 220.212 Thread 0x000002c3be27ddf0 redefined class name=bs.experian.integracion.infrastructure.persistence.ProcesarDocumentosRepository, count=2

Internal exceptions (20 events):
Event: 5.494 Thread 0x000002c3aa9bd460 Exception <a 'java/lang/NoSuchMethodError'{0x000000070d4c5b68}: 'float java.lang.invoke.DirectMethodHandle$Holder.invokeVirtual(java.lang.Object, java.lang.Object)'> (0x000000070d4c5b68) 
thrown [s\src\hotspot\share\interpreter\linkResolver.cpp, line 773]
Event: 5.494 Thread 0x000002c3aa9bd460 Exception <a 'java/lang/NoSuchMethodError'{0x000000070d4ccba0}: 'float java.lang.invoke.DelegatingMethodHandle$Holder.reinvoke_L(java.lang.Object, java.lang.Object)'> (0x000000070d4ccba0) 
thrown [s\src\hotspot\share\interpreter\linkResolver.cpp, line 773]
Event: 5.495 Thread 0x000002c3aa9bd460 Exception <a 'java/lang/NoSuchMethodError'{0x000000070d4de3e0}: 'float java.lang.invoke.DelegatingMethodHandle$Holder.reinvoke_L(java.lang.Object, java.lang.Object, int)'> (0x000000070d4de3e0) 
thrown [s\src\hotspot\share\interpreter\linkResolver.cpp, line 773]
Event: 5.495 Thread 0x000002c3aa9bd460 Exception <a 'java/lang/NoSuchMethodError'{0x000000070d4e7f30}: 'void java.lang.invoke.DelegatingMethodHandle$Holder.reinvoke_L(java.lang.Object, java.lang.Object, float)'> (0x000000070d4e7f30) 
thrown [s\src\hotspot\share\interpreter\linkResolver.cpp, line 773]
Event: 5.876 Thread 0x000002c40642b310 Exception <a 'java/lang/NoSuchMethodError'{0x000000070f5aecb8}: 'java.lang.Object java.lang.invoke.DirectMethodHandle$Holder.newInvokeSpecial(java.lang.Object, java.lang.Object, long)'> (0x000000070f5aecb8) 
thrown [s\src\hotspot\share\interpreter\linkResolver.cpp, line 773]
Event: 5.974 Thread 0x000002c3aa9bd460 Exception <a 'java/lang/NoSuchMethodError'{0x000000070e9fc498}: 'java.lang.Object java.lang.invoke.DirectMethodHandle$Holder.newInvokeSpecial(java.lang.Object, java.lang.Object, int, java.lang.Object, java.lang.Object)'> (0x000000070e9fc498) 
thrown [s\src\hotspot\share\interpreter\linkResolver.cpp, line 773]
Event: 6.671 Thread 0x000002c404cb5220 Exception <a 'java/lang/NoSuchMethodError'{0x0000000718f34d88}: 'java.lang.Object java.lang.invoke.DirectMethodHandle$Holder.invokeInterface(java.lang.Object, java.lang.Object, java.lang.Object, java.lang.Object, java.lang.Object, java.lang.Object, java.lang.Object)'> (0x0000000718f34d88) 
thrown [s\src\hotspot\share\interpreter\linkResolver.cpp, line 773]
Event: 9.138 Thread 0x000002c4052da3d0 Exception <a 'java/lang/NoSuchMethodError'{0x000000070fe19fa8}: 'java.lang.Object java.lang.invoke.DirectMethodHandle$Holder.newInvokeSpecial(java.lang.Object, int, java.lang.Object, java.lang.Object)'> (0x000000070fe19fa8) 
thrown [s\src\hotspot\share\interpreter\linkResolver.cpp, line 773]
Event: 9.145 Thread 0x000002c4052da3d0 Exception <a 'java/lang/IncompatibleClassChangeError'{0x000000070fed1628}: Found class java.lang.Object, but interface was expected> (0x000000070fed1628) 
thrown [s\src\hotspot\share\interpreter\linkResolver.cpp, line 840]
Event: 9.158 Thread 0x000002c4052da3d0 Exception <a 'java/lang/NoSuchMethodError'{0x000000070fc7bde0}: 'java.lang.Object java.lang.invoke.DirectMethodHandle$Holder.newInvokeSpecial(java.lang.Object, long, java.lang.Object)'> (0x000000070fc7bde0) 
thrown [s\src\hotspot\share\interpreter\linkResolver.cpp, line 773]
Event: 9.158 Thread 0x000002c4052da3d0 Exception <a 'java/lang/NoSuchMethodError'{0x000000070fc7fa78}: 'java.lang.Object java.lang.invoke.DirectMethodHandle$Holder.invokeSpecial(java.lang.Object, java.lang.Object, long, java.lang.Object)'> (0x000000070fc7fa78) 
thrown [s\src\hotspot\share\interpreter\linkResolver.cpp, line 773]
Event: 36.468 Thread 0x000002c4052da3d0 Exception <a 'java/lang/NoSuchMethodError'{0x000000070e74f520}: 'void java.lang.invoke.DirectMethodHandle$Holder.invokeSpecialIFC(java.lang.Object, java.lang.Object, int, java.lang.Object, java.lang.Object, java.lang.Object, java.lang.Object)'> (0x000000070e74f520) 
thrown [s\src\hotspot\share\interpreter\linkResolver.cpp, line 773]
Event: 69.310 Thread 0x000002c4052da3d0 Exception <a 'java/lang/NullPointerException'{0x000000070e160680}> (0x000000070e160680) 
thrown [s\src\hotspot\share\interpreter\linkResolver.cpp, line 1372]
Event: 84.652 Thread 0x000002c4052da3d0 Exception <a 'java/lang/IncompatibleClassChangeError'{0x000000070da58900}: Found class java.lang.Object, but interface was expected> (0x000000070da58900) 
thrown [s\src\hotspot\share\interpreter\linkResolver.cpp, line 840]
Event: 84.662 Thread 0x000002c4052da3d0 Exception <a 'java/lang/NoSuchMethodError'{0x000000070d871090}: 'java.lang.Object java.lang.invoke.DirectMethodHandle$Holder.newInvokeSpecial(java.lang.Object, long, long, long)'> (0x000000070d871090) 
thrown [s\src\hotspot\share\interpreter\linkResolver.cpp, line 773]
Event: 84.693 Thread 0x000002c4052da3d0 Exception <a 'java/lang/NoSuchMethodError'{0x000000070d5cf218}: 'double java.lang.invoke.DirectMethodHandle$Holder.invokeStatic(java.lang.Object, java.lang.Object, java.lang.Object, long)'> (0x000000070d5cf218) 
thrown [s\src\hotspot\share\interpreter\linkResolver.cpp, line 773]
Event: 84.695 Thread 0x000002c4052da3d0 Exception <a 'java/lang/NoSuchMethodError'{0x000000070d5f6c80}: 'void java.lang.invoke.DirectMethodHandle$Holder.invokeSpecial(java.lang.Object, java.lang.Object, java.lang.Object, java.lang.Object, java.lang.Object, java.lang.Object, java.lang.Object, java.lang.Object, java.lang.Object)'> (0x000000070d5f6c80) 
thrown [s\src\hotspot\share\interpreter\linkResolver.cpp, line 773]
Event: 84.722 Thread 0x000002c404365600 Exception <a 'java/lang/NoSuchMethodError'{0x000000070d050918}: 'java.lang.Object java.lang.invoke.DirectMethodHandle$Holder.newInvokeSpecial(java.lang.Object, java.lang.Object, java.lang.Object, java.lang.Object, int, long, java.lang.Object)'> (0x000000070d050918) 
thrown [s\src\hotspot\share\interpreter\linkResolver.cpp, line 773]
Event: 174.474 Thread 0x000002c4052da3d0 Exception <a 'java/lang/NullPointerException'{0x0000000715dce870}> (0x0000000715dce870) 
thrown [s\src\hotspot\share\interpreter\linkResolver.cpp, line 1372]
Event: 184.329 Thread 0x000002c4052da3d0 Exception <a 'java/lang/NullPointerException'{0x0000000715bd4e70}> (0x0000000715bd4e70) 
thrown [s\src\hotspot\share\interpreter\linkResolver.cpp, line 1372]

ZGC Phase Switch (0 events):
No events

VM Operations (20 events):
Event: 217.993 Executing VM operation: get/set locals
Event: 217.993 Executing VM operation: get/set locals done
Event: 217.993 Executing VM operation: get/set locals
Event: 217.993 Executing VM operation: get/set locals done
Event: 217.993 Executing VM operation: get/set locals
Event: 217.993 Executing VM operation: get/set locals done
Event: 217.995 Executing VM operation: get/set locals
Event: 217.995 Executing VM operation: get/set locals done
Event: 217.995 Executing VM operation: get/set locals
Event: 217.995 Executing VM operation: get/set locals done
Event: 220.193 Executing VM operation: ChangeSingleStep
Event: 220.193 Executing VM operation: ChangeSingleStep done
Event: 220.194 Executing VM operation: ChangeSingleStep
Event: 220.194 Executing VM operation: ChangeSingleStep done
Event: 220.207 Executing VM operation: RedefineClasses
Event: 220.232 Executing VM operation: RedefineClasses done
Event: 220.250 Executing VM operation: ChangeBreakpoints
Event: 220.253 Executing VM operation: ChangeBreakpoints done
Event: 220.258 Executing VM operation: ChangeSingleStep
Event: 220.258 Executing VM operation: ChangeSingleStep done

Memory protections (0 events):
No events

Nmethod flushes (20 events):
Event: 6.157 Thread 0x000002c3be27ddf0 flushing  nmethod 0x000002c3b3709f90
Event: 6.157 Thread 0x000002c3be27ddf0 flushing  nmethod 0x000002c3b370ae10
Event: 6.157 Thread 0x000002c3be27ddf0 flushing  nmethod 0x000002c3b3731490
Event: 6.157 Thread 0x000002c3be27ddf0 flushing  nmethod 0x000002c3b3731d10
Event: 6.157 Thread 0x000002c3be27ddf0 flushing  nmethod 0x000002c3b3732890
Event: 6.157 Thread 0x000002c3be27ddf0 flushing  nmethod 0x000002c3b3743310
Event: 6.157 Thread 0x000002c3be27ddf0 flushing  nmethod 0x000002c3b3743690
Event: 6.157 Thread 0x000002c3be27ddf0 flushing  nmethod 0x000002c3b3743990
Event: 6.157 Thread 0x000002c3be27ddf0 flushing  nmethod 0x000002c3b3744610
Event: 6.157 Thread 0x000002c3be27ddf0 flushing  nmethod 0x000002c3b3744c90
Event: 6.157 Thread 0x000002c3be27ddf0 flushing  nmethod 0x000002c3b3744f90
Event: 6.157 Thread 0x000002c3be27ddf0 flushing  nmethod 0x000002c3b3745910
Event: 6.157 Thread 0x000002c3be27ddf0 flushing  nmethod 0x000002c3b3747790
Event: 6.157 Thread 0x000002c3be27ddf0 flushing  nmethod 0x000002c3b3747a90
Event: 6.157 Thread 0x000002c3be27ddf0 flushing  nmethod 0x000002c3b375e790
Event: 6.157 Thread 0x000002c3be27ddf0 flushing  nmethod 0x000002c3b377b890
Event: 6.157 Thread 0x000002c3be27ddf0 flushing  nmethod 0x000002c3b377d010
Event: 6.157 Thread 0x000002c3be27ddf0 flushing  nmethod 0x000002c3b377d310
Event: 6.157 Thread 0x000002c3be27ddf0 flushing  nmethod 0x000002c3b37a5290
Event: 6.157 Thread 0x000002c3be27ddf0 flushing  nmethod 0x000002c3b3affc90

Events (20 events):
Event: 7.698 Thread 0x000002c404367040 Thread exited: 0x000002c404367040
Event: 9.237 Thread 0x000002c4064298d0 Thread exited: 0x000002c4064298d0
Event: 11.090 Thread 0x000002c4051eba50 Thread exited: 0x000002c4051eba50
Event: 14.127 Thread 0x000002c405451750 Thread exited: 0x000002c405451750
Event: 20.395 Thread 0x000002c3be5d1140 Thread exited: 0x000002c3be5d1140
Event: 21.094 Thread 0x000002c3be5cc680 Thread exited: 0x000002c3be5cc680
Event: 21.094 Thread 0x000002c3be56d8e0 Thread exited: 0x000002c3be56d8e0
Event: 25.293 Thread 0x000002c3be2b6d30 Thread added: 0x000002c40c44c4a0
Event: 25.293 Thread 0x000002c3be2b6d30 Thread added: 0x000002c405341350
Event: 28.230 Thread 0x000002c405341350 Thread exited: 0x000002c405341350
Event: 29.208 Thread 0x000002c40c44c4a0 Thread exited: 0x000002c40c44c4a0
Event: 64.207 Thread 0x000002c406429240 Thread exited: 0x000002c406429240
Event: 84.694 Thread 0x000002c4052da3d0 Thread added: 0x000002c404365600
Event: 91.064 Thread 0x000002c404366320 Thread exited: 0x000002c404366320
Event: 91.064 Thread 0x000002c4043676d0 Thread exited: 0x000002c4043676d0
Event: 91.064 Thread 0x000002c404cb5220 Thread exited: 0x000002c404cb5220
Event: 91.064 Thread 0x000002c404367d60 Thread exited: 0x000002c404367d60
Event: 91.064 Thread 0x000002c404365c90 Thread exited: 0x000002c404365c90
Event: 91.064 Thread 0x000002c404c688f0 Thread exited: 0x000002c404c688f0
Event: 91.064 Thread 0x000002c404362810 Thread exited: 0x000002c404362810


Dynamic libraries:
0x00007ff659d40000 - 0x00007ff659d4e000 	C:\Program Files\Amazon Corretto\jdk21.0.9_10\bin\javaw.exe
0x00007ffd4c4a0000 - 0x00007ffd4c707000 	C:\Windows\SYSTEM32\ntdll.dll
0x00007ffd4b9e0000 - 0x00007ffd4baa9000 	C:\Windows\System32\KERNEL32.DLL
0x00007ffd48ef0000 - 0x00007ffd492e1000 	C:\Windows\System32\KERNELBASE.dll
0x00007ffd49450000 - 0x00007ffd4959b000 	C:\Windows\System32\ucrtbase.dll
0x00007ffd32a60000 - 0x00007ffd32a78000 	C:\Program Files\Amazon Corretto\jdk21.0.9_10\bin\jli.dll
0x00007ffd32a80000 - 0x00007ffd32a9e000 	C:\Program Files\Amazon Corretto\jdk21.0.9_10\bin\VCRUNTIME140.dll
0x00007ffd4a780000 - 0x00007ffd4a945000 	C:\Windows\System32\USER32.dll
0x00007ffd492f0000 - 0x00007ffd49317000 	C:\Windows\System32\win32u.dll
0x00007ffd4c430000 - 0x00007ffd4c45b000 	C:\Windows\System32\GDI32.dll
0x00007ffd35250000 - 0x00007ffd354e3000 	C:\Windows\WinSxS\amd64_microsoft.windows.common-controls_6595b64144ccf1df_6.0.26100.8037_none_3e092faae333b53b\COMCTL32.dll
0x00007ffd49320000 - 0x00007ffd4944b000 	C:\Windows\System32\gdi32full.dll
0x00007ffd4a5d0000 - 0x00007ffd4a679000 	C:\Windows\System32\msvcrt.dll
0x00007ffd4a0e0000 - 0x00007ffd4a183000 	C:\Windows\System32\msvcp_win.dll
0x00007ffd4b9a0000 - 0x00007ffd4b9d1000 	C:\Windows\System32\IMM32.DLL
0x00007ffd2d820000 - 0x00007ffd2d82c000 	C:\Program Files\Amazon Corretto\jdk21.0.9_10\bin\vcruntime140_1.dll
0x00007ffcf6950000 - 0x00007ffcf69d9000 	C:\Program Files\Amazon Corretto\jdk21.0.9_10\bin\msvcp140.dll
0x00007ffce4260000 - 0x00007ffce5007000 	C:\Program Files\Amazon Corretto\jdk21.0.9_10\bin\server\jvm.dll
0x00007ffd4bfb0000 - 0x00007ffd4c06b000 	C:\Windows\System32\ADVAPI32.dll
0x00007ffd4b7f0000 - 0x00007ffd4b897000 	C:\Windows\System32\sechost.dll
0x00007ffd4c290000 - 0x00007ffd4c3a8000 	C:\Windows\System32\RPCRT4.dll
0x00007ffd4c210000 - 0x00007ffd4c284000 	C:\Windows\System32\WS2_32.dll
0x00007ffd48be0000 - 0x00007ffd48c3e000 	C:\Windows\SYSTEM32\POWRPROF.dll
0x00007ffd3ed60000 - 0x00007ffd3ed95000 	C:\Windows\SYSTEM32\WINMM.dll
0x00007ffd41880000 - 0x00007ffd4188b000 	C:\Windows\SYSTEM32\VERSION.dll
0x00007ffd48bc0000 - 0x00007ffd48bd4000 	C:\Windows\SYSTEM32\UMPDC.dll
0x00007ffd47b10000 - 0x00007ffd47b2b000 	C:\Windows\SYSTEM32\kernel.appcore.dll
0x00007ffd2d810000 - 0x00007ffd2d81a000 	C:\Program Files\Amazon Corretto\jdk21.0.9_10\bin\jimage.dll
0x00007ffd3dbe0000 - 0x00007ffd3de22000 	C:\Windows\SYSTEM32\DBGHELP.DLL
0x00007ffd4bab0000 - 0x00007ffd4be32000 	C:\Windows\System32\combase.dll
0x00007ffd4bed0000 - 0x00007ffd4bfa7000 	C:\Windows\System32\OLEAUT32.dll
0x00007ffd30080000 - 0x00007ffd300bb000 	C:\Windows\SYSTEM32\dbgcore.DLL
0x00007ffd4a190000 - 0x00007ffd4a235000 	C:\Windows\System32\bcryptPrimitives.dll
0x00007ffd333b0000 - 0x00007ffd333ec000 	C:\Program Files\Amazon Corretto\jdk21.0.9_10\bin\jdwp.dll
0x00007ffd41030000 - 0x00007ffd41040000 	C:\Program Files\Amazon Corretto\jdk21.0.9_10\bin\instrument.dll
0x00007ffd10810000 - 0x00007ffd10831000 	C:\Program Files\Amazon Corretto\jdk21.0.9_10\bin\java.dll
0x00007ffd4ab70000 - 0x00007ffd4b2cf000 	C:\Windows\System32\SHELL32.dll
0x00007ffd48d80000 - 0x00007ffd48eea000 	C:\Windows\System32\wintypes.dll
0x00007ffd49660000 - 0x00007ffd49ec4000 	C:\Windows\System32\windows.storage.dll
0x00007ffd4a680000 - 0x00007ffd4a777000 	C:\Windows\System32\SHCORE.dll
0x00007ffd4a420000 - 0x00007ffd4a487000 	C:\Windows\System32\shlwapi.dll
0x00007ffd48ca0000 - 0x00007ffd48cc9000 	C:\Windows\SYSTEM32\profapi.dll
0x00007ffd405b0000 - 0x00007ffd405bc000 	C:\Program Files\Amazon Corretto\jdk21.0.9_10\bin\dt_socket.dll
0x00007ffd475b0000 - 0x00007ffd475e3000 	C:\Windows\SYSTEM32\IPHLPAPI.DLL
0x00007ffd48080000 - 0x00007ffd480eb000 	C:\Windows\system32\mswsock.dll
0x00007ffd475f0000 - 0x00007ffd4771a000 	C:\Windows\SYSTEM32\DNSAPI.dll
0x00007ffd4a530000 - 0x00007ffd4a53a000 	C:\Windows\System32\NSI.dll
0x00007ffd41490000 - 0x00007ffd4149b000 	C:\Windows\System32\rasadhlp.dll
0x00007ffd43160000 - 0x00007ffd431e6000 	C:\Windows\System32\fwpuclnt.dll
0x00007ffd03770000 - 0x00007ffd03788000 	C:\Program Files\Amazon Corretto\jdk21.0.9_10\bin\zip.dll
0x00007ffd0f920000 - 0x00007ffd0f931000 	C:\Program Files\Amazon Corretto\jdk21.0.9_10\bin\net.dll
0x00007ffd414a0000 - 0x00007ffd415c7000 	C:\Windows\SYSTEM32\WINHTTP.dll
0x00007ffd0d520000 - 0x00007ffd0d536000 	C:\Program Files\Amazon Corretto\jdk21.0.9_10\bin\nio.dll
0x00007ffd2d800000 - 0x00007ffd2d80a000 	C:\Program Files\Amazon Corretto\jdk21.0.9_10\bin\management.dll
0x00007ffd28d90000 - 0x00007ffd28d9c000 	C:\Program Files\Amazon Corretto\jdk21.0.9_10\bin\management_ext.dll
0x00007ffd4c410000 - 0x00007ffd4c418000 	C:\Windows\System32\PSAPI.DLL
0x00007ffd2c530000 - 0x00007ffd2c548000 	C:\Windows\system32\napinsp.dll
0x00007ffd2c510000 - 0x00007ffd2c522000 	C:\Windows\System32\winrnr.dll
0x00007ffd2c4e0000 - 0x00007ffd2c502000 	C:\Windows\system32\nlansp_c.dll
0x00007ffd40a10000 - 0x00007ffd40a26000 	C:\Windows\system32\wshbth.dll
0x00007ffd48370000 - 0x00007ffd4838b000 	C:\Windows\SYSTEM32\CRYPTSP.dll
0x00007ffd47a70000 - 0x00007ffd47aa9000 	C:\Windows\system32\rsaenh.dll
0x00007ffd48130000 - 0x00007ffd48162000 	C:\Windows\SYSTEM32\USERENV.dll
0x00007ffd48c70000 - 0x00007ffd48c9a000 	C:\Windows\SYSTEM32\bcrypt.dll
0x00007ffd48360000 - 0x00007ffd4836c000 	C:\Windows\SYSTEM32\CRYPTBASE.dll
0x00007ffd27c10000 - 0x00007ffd27c19000 	C:\Program Files\Amazon Corretto\jdk21.0.9_10\bin\extnet.dll
0x00007ffd3eff0000 - 0x00007ffd3f000000 	C:\Program Files\Amazon Corretto\jdk21.0.9_10\bin\verify.dll
0x00007ffd27840000 - 0x00007ffd2784e000 	C:\Program Files\Amazon Corretto\jdk21.0.9_10\bin\sunmscapi.dll
0x00007ffd49ed0000 - 0x00007ffd4a047000 	C:\Windows\System32\CRYPT32.dll
0x00007ffd48580000 - 0x00007ffd485b0000 	C:\Windows\SYSTEM32\ncrypt.dll
0x00007ffd48530000 - 0x00007ffd4856f000 	C:\Windows\SYSTEM32\NTASN1.dll
0x00007ffd33f60000 - 0x00007ffd33f68000 	C:\Windows\system32\wshunix.dll

JVMTI agents:
jdwp path:C:\Program Files\Amazon Corretto\jdk21.0.9_10\bin\jdwp.dll, loaded, initialized, options:transport=dt_socket,suspend=y,address=localhost:56570
C:\eclipse\configuration\org.eclipse.osgi\1082\0\.cp\lib\javaagent-shaded.jar path:C:\Program Files\Amazon Corretto\jdk21.0.9_10\bin\instrument.dll, loaded, initialized, instrumentlib options:none

dbghelp: loaded successfully - version: 4.0.5 - missing functions: none
symbol engine: initialized successfully - sym options: 0x614 - pdb path: .;C:\Program Files\Amazon Corretto\jdk21.0.9_10\bin;C:\Windows\SYSTEM32;C:\Windows\WinSxS\amd64_microsoft.windows.common-controls_6595b64144ccf1df_6.0.26100.8037_none_3e092faae333b53b;C:\Program Files\Amazon Corretto\jdk21.0.9_10\bin\server

VM Arguments:
jvm_args: -XX:+ShowCodeDetailsInExceptionMessages -agentlib:jdwp=transport=dt_socket,suspend=y,address=localhost:56570 -Dcom.sun.management.jmxremote -Dcom.sun.management.jmxremote.port=56569 -Dcom.sun.management.jmxremote.authenticate=false -Dcom.sun.management.jmxremote.ssl=false -Djava.rmi.server.hostname=localhost -Dspring.jmx.enabled=true -Dmanagement.endpoints.jmx.exposure.include=* -Dspring.application.admin.enabled=true -Dspring.profiles.active=local -Dspring.output.ansi.enabled=always -XX:TieredStopAtLevel=1 -Dspring.boot.project.name=experian-integracion -javaagent:C:\eclipse\configuration\org.eclipse.osgi\1082\0\.cp\lib\javaagent-shaded.jar -Dfile.encoding=UTF-8 -Dstdout.encoding=UTF-8 -Dstderr.encoding=UTF-8 
java_command: bs.experian.integracion.ExperianIntegracionApplication
java_class_path (initial): C:\Users\rzara\eclipse-workspace\experian-integracion\target\classes;C:\Users\rzara\.m2\repository\org\springframework\boot\spring-boot-starter-data-jpa\3.5.11\spring-boot-starter-data-jpa-3.5.11.jar;C:\Users\rzara\.m2\repository\org\springframework\boot\spring-boot-starter-jdbc\3.5.11\spring-boot-starter-jdbc-3.5.11.jar;C:\Users\rzara\.m2\repository\com\zaxxer\HikariCP\6.3.3\HikariCP-6.3.3.jar;C:\Users\rzara\.m2\repository\org\springframework\spring-jdbc\6.2.16\spring-jdbc-6.2.16.jar;C:\Users\rzara\.m2\repository\org\hibernate\orm\hibernate-core\6.6.42.Final\hibernate-core-6.6.42.Final.jar;C:\Users\rzara\.m2\repository\jakarta\persistence\jakarta.persistence-api\3.1.0\jakarta.persistence-api-3.1.0.jar;C:\Users\rzara\.m2\repository\jakarta\transaction\jakarta.transaction-api\2.0.1\jakarta.transaction-api-2.0.1.jar;C:\Users\rzara\.m2\repository\org\jboss\logging\jboss-logging\3.6.2.Final\jboss-logging-3.6.2.Final.jar;C:\Users\rzara\.m2\repository\org\hibernate\common\hibernate-commons-annotations\7.0.3.Final\hibernate-commons-annotations-7.0.3.Final.jar;C:\Users\rzara\.m2\repository\io\smallrye\jandex\3.2.0\jandex-3.2.0.jar;C:\Users\rzara\.m2\repository\com\fasterxml\classmate\1.7.3\classmate-1.7.3.jar;C:\Users\rzara\.m2\repository\net\bytebuddy\byte-buddy\1.17.8\byte-buddy-1.17.8.jar;C:\Users\rzara\.m2\repository\org\glassfish\jaxb\jaxb-runtime\4.0.6\jaxb-runtime-4.0.6.jar;C:\Users\rzara\.m2\repository\org\glassfish\jaxb\jaxb-core\4.0.6\jaxb-core-4.0.6.jar;C:\Users\rzara\.m2\repository\org\eclipse\angus\angus-activation\2.0.3\angus-activation-2.0.3.jar;C:\Users\rzara\.m2\repository\org\glassfish\jaxb\txw2\4.0.6\txw2-4.0.6.jar;C:\Users\rzara\.m2\repository\com\sun\istack\istack-commons-runtime\4.1.2\istack-commons-runtime-4.1.2.jar;C:\Users\rzara\.m2\repository\jakarta\inject\jakarta.inject-api\2.0.1\jakarta.inject-api-2.0.1.jar;C:\Users\rzara\.m2\repository\org\antlr\antlr4-runtime\4.13.0\antlr4-runtime-4.13.0.jar;C:\Users\rzara\.m2\repository\org\springframework\data\spring-data-jpa\3.5.9\spring-data-jpa-3.5.9.jar;C:\Users\rzara\.m2\repository\org\springframework\data\spring-data-commons\3.5.9\spring-data-commons-3.5.9.jar;C:\Users\rzara\.m2\repository\org\springframework\spring-orm\6.2.16\spring-orm-6.2.16.jar;C:\Users\rzara\.m2\repository\org\springframework\spring-aop\6.2.16\spring-aop-6.2.16.jar;C:\Users\rzara\.m2\repository\org\springframework\spring-beans\6.2.16\spring-beans-6.2.16.jar;C:\Users\rzara\.m2\repository\org\slf4j\slf4j-api\2.0.17\slf4j-api-2.0.17.jar;C:\Users\rzara\.m2\repository\org\springframework\spring-aspects\6.2.16\spring-aspects-6.2.16.jar;C:\Users\rzara\.m2\repository\org\aspectj\aspectjweaver\1.9.25.1\aspectjweaver-1.9.25.1.jar;C:\Users\rzara\.m2\repository\org\springframework\boot\spring-boot-starter-web\3.5.11\spring-boot-starter-web-3.5.11.jar;C:\Users\rzara\.m2\repository\org\springframework\boot\spring-boot-starter-json\3.5.11\spring-boot-starter-json-3.5.11.jar;C:\Users\rzara\.m2\repository\com\fasterxml\jackson\core\jackson-databind\2.19.4\jackson-databind-2.19.4.jar;C:\Users\rzara\.m2\repository\com\fasterxml\jackson\core\jackson-annotations\2.19.4\jackson-annotations-2.19.4.jar;C:\Users\rzara\.m2\repository\com\fasterxml\jackson\core\jackson-core\2.19.4\jackson-core-2.19.4.jar;C:\Users\rzara\.m2\repository\com\fasterxml\jackson\datatype\jackson-datatype-jdk8\2.19.4\jackson-datatype-jdk8-2.19.4.jar;C:\Users\rzara\.m2\repository\com\fasterxml\jackson\datatype\jackson-datatype-jsr310\2.19.4\jackson-datatype-jsr310-2.19.4.jar;C:\Users\rzara\.m2\repository\com\fasterxml\jackson\module\jackson-module-parameter-names\2.19.4\jackson-module-parameter-names-2.19.4.jar;C:\Users\rzara\.m2\repository\org\springframework\boot\spring-boot-starter-tomcat\3.5.11\spring-boot-starter-tomcat-3.5.11.jar;C:\Users\rzara\.m2\repository\org\apache\tomcat\embed\tomcat-embed-core\10.1.52\tomcat-embed-core-10.1.52.jar;C:\Users\rzara\.m2\repository\org\apache\tomcat\embed\tomcat-embed-websocket\10.1.52\tomcat-embed-websocket-10.1.52.jar;C:\Users\rzara\.m2\repository\org\springframework\spring-web\6.2.16\spring-web-6.2.16.jar;C:\Users\rzara\.m2\repository\org\springframework\spring-webmvc\6.2.16\spring-webmvc-6.2.16.jar;C:\Users\rzara\.m2\repository\org\springframework\spring-expression\6.2.16\spring-expression-6.2.16.jar;C:\Users\rzara\.m2\repository\com\oracle\database\jdbc\ojdbc11\23.7.0.25.01\ojdbc11-23.7.0.25.01.jar;C:\Users\rzara\.m2\repository\org\projectlombok\lombok\1.18.42\lombok-1.18.42.jar;C:\Users\rzara\.m2\repository\jakarta\xml\bind\jakarta.xml.bind-api\4.0.4\jakarta.xml.bind-api-4.0.4.jar;C:\Users\rzara\.m2\repository\jakarta\activation\jakarta.activation-api\2.1.4\jakarta.activation-api-2.1.4.jar;C:\Users\rzara\.m2\repository\org\springframework\spring-core\6.2.16\spring-core-6.2.16.jar;C:\Users\rzara\.m2\repository\org\springframework\spring-jcl\6.2.16\spring-jcl-6.2.16.jar;C:\Users\rzara\.m2\repository\org\mapstruct\mapstruct\1.6.3\mapstruct-1.6.3.jar;C:\Users\rzara\.m2\repository\org\projectlombok\lombok-mapstruct-binding\0.2.0\lombok-mapstruct-binding-0.2.0.jar;C:\Users\rzara\.m2\repository\org\springframework\boot\spring-boot-starter-validation\3.5.11\spring-boot-starter-validation-3.5.11.jar;C:\Users\rzara\.m2\repository\org\apache\tomcat\embed\tomcat-embed-el\10.1.52\tomcat-embed-el-10.1.52.jar;C:\Users\rzara\.m2\repository\org\hibernate\validator\hibernate-validator\8.0.3.Final\hibernate-validator-8.0.3.Final.jar;C:\Users\rzara\.m2\repository\jakarta\validation\jakarta.validation-api\3.0.2\jakarta.validation-api-3.0.2.jar;C:\Users\rzara\.m2\repository\org\springframework\boot\spring-boot-configuration-processor\3.5.11\spring-boot-configuration-processor-3.5.11.jar;C:\Users\rzara\.m2\repository\org\springframework\boot\spring-boot-starter-webflux\3.5.11\spring-boot-starter-webflux-3.5.11.jar;C:\Users\rzara\.m2\repository\org\springframework\boot\spring-boot-starter-reactor-netty\3.5.11\spring-boot-starter-reactor-netty-3.5.11.jar;C:\Users\rzara\.m2\repository\io\projectreactor\netty\reactor-netty-http\1.2.15\reactor-netty-http-1.2.15.jar;C:\Users\rzara\.m2\repository\io\netty\netty-codec-http\4.1.131.Final\netty-codec-http-4.1.131.Final.jar;C:\Users\rzara\.m2\repository\io\netty\netty-codec-http2\4.1.131.Final\netty-codec-http2-4.1.131.Final.jar;C:\Users\rzara\.m2\repository\io\netty\netty-resolver-dns\4.1.131.Final\netty-resolver-dns-4.1.131.Final.jar;C:\Users\rzara\.m2\repository\io\netty\netty-codec-dns\4.1.131.Final\netty-codec-dns-4.1.131.Final.jar;C:\Users\rzara\.m2\repository\io\netty\netty-resolver-dns-native-macos\4.1.131.Final\netty-resolver-dns-native-macos-4.1.131.Final-osx-x86_64.jar;C:\Users\rzara\.m2\repository\io\netty\netty-resolver-dns-classes-macos\4.1.131.Final\netty-resolver-dns-classes-macos-4.1.131.Final.jar;C:\Users\rzara\.m2\repository\io\netty\netty-transport-native-epoll\4.1.131.Final\netty-transport-native-epoll-4.1.131.Final-linux-x86_64.jar;C:\Users\rzara\.m2\repository\io\projectreactor\netty\reactor-netty-core\1.2.15\reactor-netty-core-1.2.15.jar;C:\Users\rzara\.m2\repository\io\netty\netty-handler-proxy\4.1.131.Final\netty-handler-proxy-4.1.131.Final.jar;C:\Users\rzara\.m2\repository\io\netty\netty-codec-socks\4.1.131.Final\netty-codec-socks-4.1.131.Final.jar;C:\Users\rzara\.m2\repository\org\springframework\spring-webflux\6.2.16\spring-webflux-6.2.16.jar;C:\Users\rzara\.m2\repository\io\projectreactor\reactor-core\3.7.16\reactor-core-3.7.16.jar;C:\Users\rzara\.m2\repository\org\reactivestreams\reactive-streams\1.0.4\reactive-streams-1.0.4.jar;C:\Users\rzara\.m2\repository\org\springframework\boot\spring-boot-starter\3.5.11\spring-boot-starter-3.5.11.jar;C:\Users\rzara\.m2\repository\org\springframework\boot\spring-boot\3.5.11\spring-boot-3.5.11.jar;C:\Users\rzara\.m2\repository\org\springframework\boot\spring-boot-autoconfigure\3.5.11\spring-boot-autoconfigure-3.5.11.jar;C:\Users\rzara\.m2\repository\org\springframework\boot\spring-boot-starter-logging\3.5.11\spring-boot-starter-logging-3.5.11.jar;C:\Users\rzara\.m2\repository\ch\qos\logback\logback-classic\1.5.32\logback-classic-1.5.32.jar;C:\Users\rzara\.m2\repository\org\apache\logging\log4j\log4j-to-slf4j\2.24.3\log4j-to-slf4j-2.24.3.jar;C:\Users\rzara\.m2\repository\org\apache\logging\log4j\log4j-api\2.24.3\log4j-api-2.24.3.jar;C:\Users\rzara\.m2\repository\org\slf4j\jul-to-slf4j\2.0.17\jul-to-slf4j-2.0.17.jar;C:\Users\rzara\.m2\repository\jakarta\annotation\jakarta.annotation-api\2.1.1\jakarta.annotation-api-2.1.1.jar;C:\Users\rzara\.m2\repository\org\yaml\snakeyaml\2.4\snakeyaml-2.4.jar;C:\Users\rzara\.m2\repository\org\springframework\kafka\spring-kafka\3.3.13\spring-kafka-3.3.13.jar;C:\Users\rzara\.m2\repository\org\springframework\spring-context\6.2.16\spring-context-6.2.16.jar;C:\Users\rzara\.m2\repository\org\springframework\spring-messaging\6.2.16\spring-messaging-6.2.16.jar;C:\Users\rzara\.m2\repository\org\springframework\spring-tx\6.2.16\spring-tx-6.2.16.jar;C:\Users\rzara\.m2\repository\org\springframework\retry\spring-retry\2.0.12\spring-retry-2.0.12.jar;C:\Users\rzara\.m2\repository\org\apache\kafka\kafka-clients\3.9.1\kafka-clients-3.9.1.jar;C:\Users\rzara\.m2\repository\com\github\luben\zstd-jni\1.5.6-4\zstd-jni-1.5.6-4.jar;C:\Users\rzara\.m2\repository\org\lz4\lz4-java\1.8.0\lz4-java-1.8.0.jar;C:\Users\rzara\.m2\repository\org\xerial\snappy\snappy-java\1.1.10.5\snappy-java-1.1.10.5.jar;C:\Users\rzara\.m2\repository\io\micrometer\micrometer-observation\1.15.9\micrometer-observation-1.15.9.jar;C:\Users\rzara\.m2\repository\io\micrometer\micrometer-commons\1.15.9\micrometer-commons-1.15.9.jar;C:\Users\rzara\.m2\repository\io\netty\netty-handler\4.1.131.Final\netty-handler-4.1.131.Final.jar;C:\Users\rzara\.m2\repository\io\netty\netty-common\4.1.131.Final\netty-common-4.1.131.Final.jar;C:\Users\rzara\.m2\repository\io\netty\netty-resolver\4.1.131.Final\netty-resolver-4.1.131.Final.jar;C:\Users\rzara\.m2\repository\io\netty\netty-buffer\4.1.131.Final\netty-buffer-4.1.131.Final.jar;C:\Users\rzara\.m2\repository\io\netty\netty-transport\4.1.131.Final\netty-transport-4.1.131.Final.jar;C:\Users\rzara\.m2\repository\io\netty\netty-transport-native-unix-common\4.1.131.Final\netty-transport-native-unix-common-4.1.131.Final.jar;C:\Users\rzara\.m2\repository\io\netty\netty-codec\4.1.131.Final\netty-codec-4.1.131.Final.jar;C:\Users\rzara\.m2\repository\io\netty\netty-transport-classes-epoll\4.1.131.Final\netty-transport-classes-epoll-4.1.131.Final.jar;C:\Users\rzara\.m2\repository\ch\qos\logback\logback-core\1.5.32\logback-core-1.5.32.jar
Launcher Type: SUN_STANDARD

[Global flags]
     intx CICompilerCount                          = 12                                        {product} {ergonomic}
     uint ConcGCThreads                            = 3                                         {product} {ergonomic}
     uint G1ConcRefinementThreads                  = 13                                        {product} {ergonomic}
   size_t G1HeapRegionSize                         = 2097152                                   {product} {ergonomic}
    uintx GCDrainStackTargetSize                   = 64                                        {product} {ergonomic}
   size_t InitialHeapSize                          = 260046848                                 {product} {ergonomic}
     bool ManagementServer                         = true                                      {product} {command line}
   size_t MarkStackSize                            = 4194304                                   {product} {ergonomic}
   size_t MaxHeapSize                              = 4135583744                                {product} {ergonomic}
   size_t MaxNewSize                               = 2480930816                                {product} {ergonomic}
   size_t MinHeapDeltaBytes                        = 2097152                                   {product} {ergonomic}
   size_t MinHeapSize                              = 8388608                                   {product} {ergonomic}
    uintx NonNMethodCodeHeapSize                   = 4096                                   {pd product} {ergonomic}
    uintx NonProfiledCodeHeapSize                  = 0                                      {pd product} {ergonomic}
     bool ProfileInterpreter                       = false                                  {pd product} {command line}
    uintx ProfiledCodeHeapSize                     = 0                                      {pd product} {ergonomic}
     bool ShowCodeDetailsInExceptionMessages       = true                                   {manageable} {command line}
   size_t SoftMaxHeapSize                          = 4135583744                             {manageable} {ergonomic}
     intx TieredStopAtLevel                        = 1                                         {product} {command line}
     bool UseCompressedOops                        = true                           {product lp64_product} {ergonomic}
     bool UseG1GC                                  = true                                      {product} {ergonomic}
     bool UseLargePagesIndividualAllocation        = false                                  {pd product} {ergonomic}

Logging:
Log output configuration:
 #0: stdout all=warning uptime,level,tags foldmultilines=false
 #1: stderr all=off uptime,level,tags foldmultilines=false

Release file:
IMPLEMENTOR="Amazon.com Inc." 
IMPLEMENTOR_VERSION="Corretto-21.0.9.10.1" 
JAVA_RUNTIME_VERSION="21.0.9+10-LTS" 
JAVA_VERSION="21.0.9" 
JAVA_VERSION_DATE="2025-10-21" 
LIBC="default" 
MODULES="java.base java.compiler java.datatransfer java.xml java.prefs java.desktop java.instrument java.logging java.management java.security.sasl java.naming java.rmi java.management.rmi java.net.http java.scripting java.security.jgss java.transaction.xa java.sql java.sql.rowset java.xml.crypto java.se java.smartcardio jdk.accessibility jdk.internal.jvmstat jdk.attach jdk.charsets jdk.internal.opt jdk.zipfs jdk.compiler jdk.crypto.ec jdk.crypto.cryptoki jdk.crypto.mscapi jdk.dynalink jdk.internal.ed jdk.editpad jdk.hotspot.agent jdk.httpserver jdk.incubator.vector jdk.internal.le jdk.internal.vm.ci jdk.internal.vm.compiler jdk.internal.vm.compiler.management jdk.jartool jdk.javadoc jdk.jcmd jdk.management jdk.management.agent jdk.jconsole jdk.jdeps jdk.jdwp.agent jdk.jdi jdk.jfr jdk.jlink jdk.jpackage jdk.jshell jdk.jsobject jdk.jstatd jdk.localedata jdk.management.jfr jdk.naming.dns jdk.naming.rmi jdk.net jdk.nio.mapmode jdk.random jdk.sctp jdk.security.auth jdk.security.jgss jdk.unsupported jdk.unsupported.desktop jdk.xml.dom" 
OS_ARCH="x86_64" 
OS_NAME="Windows" 
SOURCE="" 

Environment Variables:
JAVA_HOME=C:\Program Files\Amazon Corretto\jdk21.0.9_10
PATH=C:/eclipse//plugins/org.eclipse.justj.openjdk.hotspot.jre.full.win32.x86_64_21.0.10.v20260205-0638/jre/bin/server;C:/eclipse//plugins/org.eclipse.justj.openjdk.hotspot.jre.full.win32.x86_64_21.0.10.v20260205-0638/jre/bin;C:\Program Files\Amazon Corretto\jdk21.0.9_10\bin;C:\Windows\system32;C:\Windows;C:\Windows\System32\Wbem;C:\Windows\System32\WindowsPowerShell\v1.0\;C:\Windows\System32\OpenSSH\;C:\Program Files\Amazon Corretto\jdk21.0.9_10\bin;%MAVEN_HOME%\bin;C:\Program Files\Git\cmd;C:\consul;;C:\Program Files\Docker\Docker\resources\bin;C:\Users\rzara\AppData\Local\Microsoft\WindowsApps;C:\Program Files\JetBrains\IntelliJ IDEA 2025.3.1.1\bin;C:\eclipse;
USERNAME=rzara
OS=Windows_NT
PROCESSOR_IDENTIFIER=AMD64 Family 25 Model 80 Stepping 0, AuthenticAMD
TMP=C:\Users\rzara\AppData\Local\Temp
TEMP=C:\Users\rzara\AppData\Local\Temp




Periodic native trim disabled

---------------  S Y S T E M  ---------------

OS:
 Windows 11 , 64 bit Build 26100 (10.0.26100.7920)
OS uptime: 16 days 11:23 hours
Hyper-V role detected

CPU: total 16 (initial active 16) (16 cores per cpu, 2 threads per core) family 25 model 80 stepping 0 microcode 0xa500011, cx8, cmov, fxsr, ht, mmx, 3dnowpref, sse, sse2, sse3, ssse3, sse4a, sse4.1, sse4.2, popcnt, lzcnt, tsc, tscinvbit, avx, avx2, aes, erms, clmul, bmi1, bmi2, adx, sha, fma, vzeroupper, clflush, clflushopt, hv, rdtscp, rdpid, fsrm, f16c, cet_ss
Processor Information for the first 16 processors :
  Max Mhz: 2000, Current Mhz: 2000, Mhz Limit: 2000

Memory: 4k page, system-wide physical 15772M (2174M free)
TotalPageFile size 24988M (AvailPageFile size 1386M)
current process WorkingSet (physical memory assigned to process): 333M, peak: 333M
current process commit charge ("private bytes"): 380M, peak: 382M

vm_info: OpenJDK 64-Bit Server VM (21.0.9+10-LTS) for windows-amd64 JRE (21.0.9+10-LTS), built on 2025-10-16T09:41:28Z by "Administrator" with unknown MS VC++:1944

END.
