#
# A fatal error has been detected by the Java Runtime Environment:
#
#  EXCEPTION_ACCESS_VIOLATION (0xc0000005) at pc=0x000001c5185a2b24, pid=7204, tid=17284
#
# JRE version: OpenJDK Runtime Environment Corretto-21.0.9.10.1 (21.0.9+10) (build 21.0.9+10-LTS)
# Java VM: OpenJDK 64-Bit Server VM Corretto-21.0.9.10.1 (21.0.9+10-LTS, mixed mode, emulated-client, sharing, tiered, compressed oops, compressed class ptrs, g1 gc, windows-amd64)
# Problematic frame:
# v  ~BufferBlob::MethodHandles adapters 0x000001c5185a2b24
#
# No core dump will be written. Minidumps are not enabled by default on client versions of Windows
#
# If you would like to submit a bug report, please visit:
#   https://github.com/corretto/corretto-21/issues/
#

---------------  S U M M A R Y ------------

Command Line: -XX:+ShowCodeDetailsInExceptionMessages -agentlib:jdwp=transport=dt_socket,suspend=y,address=localhost:57883 -Dcom.sun.management.jmxremote -Dcom.sun.management.jmxremote.port=57882 -Dcom.sun.management.jmxremote.authenticate=false -Dcom.sun.management.jmxremote.ssl=false -Djava.rmi.server.hostname=localhost -Dspring.jmx.enabled=true -Dmanagement.endpoints.jmx.exposure.include=* -Dspring.application.admin.enabled=true -Dspring.profiles.active=local -Dspring.output.ansi.enabled=always -XX:TieredStopAtLevel=1 -Dspring.boot.project.name=experian-integracion -javaagent:C:\eclipse\configuration\org.eclipse.osgi\1082\0\.cp\lib\javaagent-shaded.jar -Dfile.encoding=UTF-8 -Dstdout.encoding=UTF-8 -Dstderr.encoding=UTF-8 bs.experian.integracion.ExperianIntegracionApplication

Host: AMD Ryzen 7 5825U with Radeon Graphics         , 16 cores, 15G,  Windows 11 , 64 bit Build 26100 (10.0.26100.7920)
Time: Sat Mar 28 14:20:53 2026 Hora estándar romance elapsed time: 678.575259 seconds (0d 0h 11m 18s)

---------------  T H R E A D  ---------------

Current thread (0x000001c56b3419a0):  JavaThread "org.springframework.kafka.KafkaListenerEndpointContainer#0-retry-0-C-1"        [_thread_in_Java, id=17284, stack(0x000000b587800000,0x000000b587900000) (1024K)]

Stack: [0x000000b587800000,0x000000b587900000],  sp=0x000000b5878fde68,  free space=1015k
Native frames: (J=compiled Java code, j=interpreted, Vv=VM code, C=native code)
C  0x000001c5185a2b24

The last pc belongs to _linkToVirtual (printed below).

siginfo: EXCEPTION_ACCESS_VIOLATION (0xc0000005), reading address 0xffffffffffffffff


Registers:
RAX=0x000001c518579086, RBX=0x000000070fa27a08, RCX=0x000000b5878fde78, RDX=0x0000000000000003
RSP=0x000000b5878fde68, RBP=0x000000b5878fdec0, RSI=0x000001c56c942838, RDI=0x000001c5729595c0
R8 =0x0000000000000003, R9 =0x000001c56a4f4f50, R10=0x000001c54a7290cb, R11=0xe1f44f55e1f44f62
R12=0x0000000000000000, R13=0x000000b5878fde68, R14=0x000000b5878fdee8, R15=0x000001c56b3419a0
RIP=0x000001c5185a2b24, EFLAGS=0x0000000000010202

XMM[0]=0x0000000000000000 0x0000000000000000
XMM[1]=0x0000000000000000 0x0000000000000000
XMM[2]=0x0000000000000000 0x0000000000000000
XMM[3]=0x0000000000000000 0x0000000000000000
XMM[4]=0x0000000000000000 0x0000000000000000
XMM[5]=0x0000000000000000 0x0000000000000000
XMM[6]=0x0000000000000000 0x0000000000000000
XMM[7]=0x0000000000000000 0x0000000000000000
XMM[8]=0x0000000000000000 0x0000000000000000
XMM[9]=0x0000000000000000 0x0000000000000000
XMM[10]=0x0000000000000000 0x0000000000000000
XMM[11]=0x0000000000000000 0x0000000000000000
XMM[12]=0x0000000000000000 0x0000000000000000
XMM[13]=0x0000000000000000 0x0000000000000000
XMM[14]=0x0000000000000000 0x0000000000000000
XMM[15]=0x0000000000000000 0x0000000000000000
  MXCSR=0x00001fa1


Register to memory mapping:

RAX=0x000001c518579086 is at code_begin+3078 in an Interpreter codelet
return entry points  [0x000001c518578480, 0x000001c51857a298]  7704 bytes
RBX=0x000000070fa27a08 is an oop: bs.experian.integracion.domain.model.DescargaDocumentoModel 
{0x000000070fa27a08} - klass: 'bs/experian/integracion/domain/model/DescargaDocumentoModel'
 - ---- fields (total size 7 words):
 - private 'queryId' 'Ljava/lang/String;' @12  "9368f21b-39c2-4098-a463-9b6f8e8e1485"{0x000000070fa27a40} (0xe1f44f48)
 - private 'documentCode' 'Ljava/lang/String;' @16  "301"{0x000000070fa27b10} (0xe1f44f62)
 - private 'notificationId' 'Ljava/lang/String;' @20  "11111111-aaaa-bbbb-cccc-222222222260"{0x000000070fa27aa8} (0xe1f44f55)
 - private 'pdfUrl' 'Ljava/lang/String;' @24  "http://localhost:6100/experian/descargaPdf"{0x000000070fa27b58} (0xe1f44f6b)
 - private 'pdfDocument' '[B' @28  null (0x00000000)
 - private 'jsonUrl' 'Ljava/lang/String;' @32  "http://localhost:6100/experian/descargaJson"{0x000000070fa27bc8} (0xe1f44f79)
 - private 'jsonDocument' 'Ljava/lang/String;' @36  null (0x00000000)
 - private 'intentos' 'Ljava/lang/Integer;' @40  a 'java/lang/Integer'{0x0000000709c8e3e0} = 0 (0xe1391c7c)
 - private 'tipoDocumento' 'Ljava/lang/String;' @44  null (0x00000000)
 - private 'origenError' 'Ljava/lang/String;' @48  null (0x00000000)
 - private 'errorMensaje' 'Ljava/lang/String;' @52  null (0x00000000)
RCX=0x000000b5878fde78 is pointing into the stack for thread: 0x000001c56b3419a0
RDX=0x0000000000000003 is an unknown value
RSP=0x000000b5878fde68 is pointing into the stack for thread: 0x000001c56b3419a0
RBP=0x000000b5878fdec0 is pointing into the stack for thread: 0x000001c56b3419a0
RSI=0x000001c56c942838 points into unknown readable memory: 0x88000d2fc08e1bc1 | c1 1b 8e c0 2f 0d 00 88
RDI=0x000001c5729595c0 points into unknown readable memory: 0x0000002000000070 | 70 00 00 00 20 00 00 00
R8 =0x0000000000000003 is an unknown value
R9 =0x000001c56a4f4f50 points into unknown readable memory: 0x0000008000000003 | 03 00 00 00 80 00 00 00
R10=0x000001c54a7290cb is an unknown value
R11=0xe1f44f55e1f44f62 is an unknown value
R12=0x0 is null
R13=0x000000b5878fde68 is pointing into the stack for thread: 0x000001c56b3419a0
R14=0x000000b5878fdee8 is pointing into the stack for thread: 0x000001c56b3419a0
R15=0x000001c56b3419a0 is a thread

Top of Stack: (sp=0x000000b5878fde68)
0x000000b5878fde68:   000001c518579086 000000070b7f8798
0x000000b5878fde78:   000000b5878fde78 000001c5257290cb
0x000000b5878fde88:   0000000000000005 000001c5250b0d70
0x000000b5878fde98:   000000070c2cad28 0000000709c62b68
0x000000b5878fdea8:   000001c5250b3868 000000b5878fde68
0x000000b5878fdeb8:   000000b5878fdef0 000000b5878fe218
0x000000b5878fdec8:   000001c51881433f 000000070c2cacf8
0x000000b5878fded8:   000000070fa27a08 000000070b7f8798
0x000000b5878fdee8:   000000070c2cac98 000000070aebb460
0x000000b5878fdef8:   000001c5188d6f9e 000000070c0de988
0x000000b5878fdf08:   000000070aebb460 000000070c2cad28
0x000000b5878fdf18:   000000070b7f8798 000000070c2cad58
0x000000b5878fdf28:   000000070fa27a08 000000070fa27a08
0x000000b5878fdf38:   000000070c2cad80 000000070c2cac98
0x000000b5878fdf48:   000000070b7f8798 000001c518814254
0x000000b5878fdf58:   0000000000000001 000000b5878fe218
0x000000b5878fdf68:   000001c51910c2b2 000000070c0de988
0x000000b5878fdf78:   000000070a530100 000001c525486798
0x000000b5878fdf88:   000001c56ef7f438 000001c56b3419a0
0x000000b5878fdf98:   000000b5878fa590 0000000000000000
0x000000b5878fdfa8:   00007ffce4844286 000000b5878fe218
0x000000b5878fdfb8:   000001c51899c0c4 000001c56b3419a0
0x000000b5878fdfc8:   000001c572294be8 000001c56b3419a0
0x000000b5878fdfd8:   0000000000000c00 0000000000000000
0x000000b5878fdfe8:   0000000000000000 0000000000000000
0x000000b5878fdff8:   0000000000000000 0000000000000000
0x000000b5878fe008:   0000000000000000 0000000000000000
0x000000b5878fe018:   0000000000000000 000000070c2cada8
0x000000b5878fe028:   000000070fa27c38 000000070b7f8798
0x000000b5878fe038:   000000070b77c3f8 000000070a530100
0x000000b5878fe048:   000000070aebb460 000000070aebb460
0x000000b5878fe058:   000001c500000001 000000070c0de988 

Instructions: (pc=0x000001c5185a2b24)
0x000001c5185a2a24:   c5 01 00 00 80 2a 5a 18 c5 01 00 00 00 3b 5a 18
0x000001c5185a2a34:   c5 01 00 00 70 2a 5a 18 c5 01 00 00 70 2a 5a 18
0x000001c5185a2a44:   c5 01 00 00 00 00 00 00 00 00 00 00 78 db c7 e4
0x000001c5185a2a54:   fc 7f 00 00 f0 10 00 00 60 00 00 00 ff ff ff ff
0x000001c5185a2a64:   f0 10 00 00 00 00 00 00 00 00 00 00 00 00 00 00
0x000001c5185a2a74:   00 00 00 00 00 00 00 00 00 00 00 00 f4 66 66 66
0x000001c5185a2a84:   0f 1f 84 00 00 00 00 00 66 66 0f 1f 84 00 00 00
0x000001c5185a2a94:   00 00 66 66 0f 1f 84 00 00 00 00 00 48 8b 53 08
0x000001c5185a2aa4:   0f b7 52 2e 48 8b 0c d4 8b 59 14 48 c1 e3 03 8b
0x000001c5185a2ab4:   5b 28 48 c1 e3 03 8b 5b 24 48 c1 e3 03 48 8b 5b
0x000001c5185a2ac4:   10 48 85 db 0f 84 10 00 00 00 41 80 bf d8 05 00
0x000001c5185a2ad4:   00 00 74 03 ff 63 38 ff 63 50 e9 9d 16 00 00 66
0x000001c5185a2ae4:   66 66 0f 1f 84 00 00 00 00 00 66 0f 1f 84 00 00
0x000001c5185a2af4:   00 00 00 66 0f 1f 84 00 00 00 00 00 48 8b 53 08
0x000001c5185a2b04:   0f b7 52 2e 48 8b 0c d4 58 5b 50 44 8b 51 08 49
0x000001c5185a2b14:   bb 00 00 00 25 c5 01 00 00 4d 03 d3 4c 8b 5b 10
0x000001c5185a2b24:   4b 8b 9c da d0 01 00 00 48 85 db 0f 84 10 00 00
0x000001c5185a2b34:   00 41 80 bf d8 05 00 00 00 74 03 ff 63 38 ff 63
0x000001c5185a2b44:   50 e9 36 16 00 00 66 66 66 0f 1f 84 00 00 00 00
0x000001c5185a2b54:   00 66 66 66 0f 1f 84 00 00 00 00 00 58 5b 50 8b
0x000001c5185a2b64:   5b 24 48 c1 e3 03 48 8b 5b 10 48 85 db 0f 84 10
0x000001c5185a2b74:   00 00 00 41 80 bf d8 05 00 00 00 74 03 ff 63 38
0x000001c5185a2b84:   ff 63 50 e9 f4 15 00 00 66 66 0f 1f 84 00 00 00
0x000001c5185a2b94:   00 00 66 66 0f 1f 84 00 00 00 00 00 48 8b 53 08
0x000001c5185a2ba4:   0f b7 52 2e 48 8b 0c d4 58 5b 50 48 3b 01 8b 5b
0x000001c5185a2bb4:   24 48 c1 e3 03 48 8b 5b 10 48 85 db 0f 84 10 00
0x000001c5185a2bc4:   00 00 41 80 bf d8 05 00 00 00 74 03 ff 63 38 ff
0x000001c5185a2bd4:   63 50 e9 a5 15 00 00 0f 1f 44 00 00 48 8b 53 08
0x000001c5185a2be4:   0f b7 52 2e 48 8b 0c d4 58 5b 50 44 8b 51 08 49
0x000001c5185a2bf4:   bb 00 00 00 25 c5 01 00 00 4d 03 d3 8b 43 18 48
0x000001c5185a2c04:   c1 e0 03 48 8b 40 10 48 8b 5b 10 45 8b 9a ac 00
0x000001c5185a2c14:   00 00 4f 8d 9c da d0 01 00 00 4d 8d 14 da 49 8b 


Stack slot to memory mapping:

stack at sp + 0 slots: 0x000001c518579086 is at code_begin+3078 in an Interpreter codelet
return entry points  [0x000001c518578480, 0x000001c51857a298]  7704 bytes
stack at sp + 1 slots: 0x000000070b7f8798 is an oop: bs.experian.integracion.infrastructure.persistence.ProcesarDocumentosRepository 
{0x000000070b7f8798} - klass: 'bs/experian/integracion/infrastructure/persistence/ProcesarDocumentosRepository'
 - ---- fields (total size 3 words):
 - private final 'descargaDocumentoErrorRepository' 'Lbs/experian/integracion/infrastructure/persistence/repository/DescargaDocumentoErrorRepository;' @12  a 'jdk/proxy2/$Proxy122'{0x000000070b7f87b0} (0xe16ff0f6)
 - private final 'documentoPendienteCustodiaRepository' 'Lbs/experian/integracion/infrastructure/persistence/repository/DocumentoPendienteCustodiaRepository;' @16  a 'jdk/proxy2/$Proxy124'{0x000000070bac5240} (0xe1758a48)
stack at sp + 2 slots: 0x000000b5878fde78 is pointing into the stack for thread: 0x000001c56b3419a0
stack at sp + 3 slots: 0x000001c5257290cb is pointing into metadata
stack at sp + 4 slots: 0x0000000000000005 is an unknown value
stack at sp + 5 slots: 0x000001c5250b0d70 is pointing into metadata
stack at sp + 6 slots: 0x000000070c2cad28 is an oop: java.lang.invoke.BoundMethodHandle$Species_LLL 
{0x000000070c2cad28} - klass: 'java/lang/invoke/BoundMethodHandle$Species_LLL'
 - ---- fields (total size 6 words):
 - private 'customizationCount' 'B' @12  3 (0x03)
 - private volatile 'updateInProgress' 'Z' @13  false (0x00)
 - private final 'type' 'Ljava/lang/invoke/MethodType;' @16  a 'java/lang/invoke/MethodType'{0x0000000709c60358} = (Ljava/lang/Object;Ljava/lang/Object;)Ljava/lang/Object; (0xe138c06b)
 - final 'form' 'Ljava/lang/invoke/LambdaForm;' @20  a 'java/lang/invoke/LambdaForm'{0x000000070a278378} => a 'java/lang/invoke/MemberName'{0x000000070a278400} = {method} {0x000001c5664276f0} 'invoke' '(Ljava/lang/Object;Ljava/lang/Object;Ljava/lang/Object;)Ljava/lang/Object;' in 'java/lang/invoke/LambdaForm$MH+0x000001c5260c4000' (0xe144f06f)
 - private 'asTypeCache' 'Ljava/lang/invoke/MethodHandle;' @24  null (0x00000000)
 - private 'asTypeSoftCache' 'Ljava/lang/ref/SoftReference;' @28  null (0x00000000)
 - final 'argL0' 'Ljava/lang/Object;' @32  a 'java/lang/invoke/DirectMethodHandle'{0x000000070c2cac98} (0xe1859593)
 - final 'argL1' 'Ljava/lang/Object;' @36  a 'java/lang/invoke/BoundMethodHandle$Species_LL'{0x000000070c2cad80} (0xe18595b0)
 - final 'argL2' 'Ljava/lang/Object;' @40  a 'java/lang/invoke/BoundMethodHandle$Species_LL'{0x000000070c2cad58} (0xe18595ab)
stack at sp + 7 slots: 0x0000000709c62b68 is an oop: java.lang.Class 
{0x0000000709c62b68} - klass: 'java/lang/Class'
 - ---- fields (total size 14 words):
 - private volatile transient 'classRedefinedCount' 'I' @12  0 (0x00000000)
 - injected 'klass' 'J' @16  1946241665336 (0x000001c5250b0938)
 - injected 'array_klass' 'J' @24  0 (0x0000000000000000)
 - injected 'oop_size' 'I' @32  14 (0x0000000e)
 - injected 'static_oop_field_count' 'I' @36  0 (0x00000000)
 - private volatile transient 'cachedConstructor' 'Ljava/lang/reflect/Constructor;' @40  null (0x00000000)
 - private transient 'name' 'Ljava/lang/String;' @44  null (0x00000000)
 - private transient 'module' 'Ljava/lang/Module;' @48  a 'java/lang/Module'{0x0000000709c8e298} (0xe1391c53)
 - private final 'classLoader' 'Ljava/lang/ClassLoader;' @52  null (0x00000000)
 - private transient 'classData' 'Ljava/lang/Object;' @56  null (0x00000000)
 - private transient 'packageName' 'Ljava/lang/String;' @60  null (0x00000000)
 - private final 'componentType' 'Ljava/lang/Class;' @64  null (0x00000000)
 - private volatile transient 'reflectionData' 'Ljava/lang/ref/SoftReference;' @68  null (0x00000000)
 - private volatile transient 'genericInfo' 'Lsun/reflect/generics/repository/ClassRepository;' @72  null (0x00000000)
 - private volatile transient 'enumConstants' '[Ljava/lang/Object;' @76  null (0x00000000)
 - private volatile transient 'enumConstantDirectory' 'Ljava/util/Map;' @80  null (0x00000000)
 - private volatile transient 'annotationData' 'Ljava/lang/Class$AnnotationData;' @84  null (0x00000000)
 - private volatile transient 'annotationType' 'Lsun/reflect/annotation/AnnotationType;' @88  null (0x00000000)
 - transient 'classValueMap' 'Ljava/lang/ClassValue$ClassValueMap;' @92  null (0x00000000)
 - injected 'protection_domain' 'Ljava/lang/Object;' @96  null (0x00000000)
 - injected 'signers_name' 'Ljava/lang/Object;' @100  null (0x00000000)
 - injected 'source_file' 'Ljava/lang/Object;' @104  null (0x00000000)
 - injected '<init_lock>' 'Ljava/lang/Object;' @108  null (0x00000000)
 - signature: Ljava/lang/invoke/DirectMethodHandle$Holder;
 - ---- static fields (0):

MethodHandle::interpreter_entry::_linkToVirtual [0x000001c5185a2ae3, 0x000001c5185a2b4a] (103 bytes)
[MachCode]
  0x000001c5185a2ae3: 6666 660f | 1f84 0000 | 0000 0066 | 0f1f 8400 | 0000 0000 | 660f 1f84 | 0000 0000 | 0048 8b53 
  0x000001c5185a2b03: 080f b752 | 2e48 8b0c | d458 5b50 | 448b 5108 | 49bb 0000 | 0025 c501 | 0000 4d03 | d34c 8b5b 
  0x000001c5185a2b23: 104b 8b9c | dad0 0100 | 0048 85db | 0f84 1000 | 0000 4180 | bfd8 0500 | 0000 7403 | ff63 38ff 
  0x000001c5185a2b43: 6350 e936 | 
[/MachCode]

---------------  P R O C E S S  ---------------

Threads class SMR info:
_java_thread_list=0x000001c57298b970, length=65, elements={
0x000001c523596310, 0x000001c523596f10, 0x000001c523598d40, 0x000001c5235993d0,
0x000001c523599a60, 0x000001c52359a0f0, 0x000001c52359e3b0, 0x000001c52431e940,
0x000001c524326300, 0x000001c52432a9a0, 0x000001c5235986b0, 0x000001c52359a780,
0x000001c523598020, 0x000001c52359ae10, 0x000001c52359b4a0, 0x000001c56acf8190,
0x000001c56acfb610, 0x000001c56acfbca0, 0x000001c56acf8eb0, 0x000001c56acf9bd0,
0x000001c56acfa8f0, 0x000001c56acfc330, 0x000001c56acfc9c0, 0x000001c56acfaf80,
0x000001c56acfa260, 0x000001c56acff120, 0x000001c56acfea90, 0x000001c56acff7b0,
0x000001c56acfdd70, 0x000001c56b33de90, 0x000001c56b33c450, 0x000001c56b33aa10,
0x000001c56b33cae0, 0x000001c56b33b730, 0x000001c56b33d170, 0x000001c56b33d800,
0x000001c56b33e520, 0x000001c56b33bdc0, 0x000001c56b33b0a0, 0x000001c56b33f8d0,
0x000001c56b341310, 0x000001c56b33f240, 0x000001c56b3419a0, 0x000001c56b33ebb0,
0x000001c56b33ff60, 0x000001c56b340c80, 0x000001c56b342030, 0x000001c56a3ac0b0,
0x000001c56acfd6e0, 0x000001c56acfe400, 0x000001c56b3405f0, 0x000001c572691d20,
0x000001c5726902e0, 0x000001c572690970, 0x000001c5726930d0, 0x000001c572691000,
0x000001c572691690, 0x000001c5726923b0, 0x000001c57268fc50, 0x000001c572693760,
0x000001c572694b10, 0x000001c5726951a0, 0x000001c572695830, 0x000001c572695ec0,
0x000001c572694480
}

Java Threads: ( => current thread )
  0x000001c523596310 JavaThread "Reference Handler"          daemon [_thread_blocked, id=22748, stack(0x000000b583500000,0x000000b583600000) (1024K)]
  0x000001c523596f10 JavaThread "Finalizer"                  daemon [_thread_blocked, id=7560, stack(0x000000b583600000,0x000000b583700000) (1024K)]
  0x000001c523598d40 JavaThread "Signal Dispatcher"          daemon [_thread_blocked, id=14080, stack(0x000000b583700000,0x000000b583800000) (1024K)]
  0x000001c5235993d0 JavaThread "Attach Listener"            daemon [_thread_blocked, id=13944, stack(0x000000b583800000,0x000000b583900000) (1024K)]
  0x000001c523599a60 JavaThread "Service Thread"             daemon [_thread_blocked, id=20316, stack(0x000000b583900000,0x000000b583a00000) (1024K)]
  0x000001c52359a0f0 JavaThread "Monitor Deflation Thread"   daemon [_thread_blocked, id=8056, stack(0x000000b583a00000,0x000000b583b00000) (1024K)]
  0x000001c52359e3b0 JavaThread "C1 CompilerThread0"         daemon [_thread_blocked, id=24148, stack(0x000000b583b00000,0x000000b583c00000) (1024K)]
  0x000001c52431e940 JavaThread "JDWP Transport Listener: dt_socket" daemon [_thread_blocked, id=23752, stack(0x000000b583f00000,0x000000b584000000) (1024K)]
  0x000001c524326300 JavaThread "JDWP Event Helper Thread"   daemon [_thread_blocked, id=6884, stack(0x000000b584000000,0x000000b584100000) (1024K)]
  0x000001c52432a9a0 JavaThread "JDWP Command Reader"        daemon [_thread_in_native, id=6776, stack(0x000000b584100000,0x000000b584200000) (1024K)]
  0x000001c5235986b0 JavaThread "Common-Cleaner"             daemon [_thread_blocked, id=8044, stack(0x000000b584200000,0x000000b584300000) (1024K)]
  0x000001c52359a780 JavaThread "Notification Thread"        daemon [_thread_blocked, id=5832, stack(0x000000b584300000,0x000000b584400000) (1024K)]
  0x000001c523598020 JavaThread "RMI TCP Accept-0"           daemon [_thread_in_native, id=8096, stack(0x000000b584b00000,0x000000b584c00000) (1024K)]
  0x000001c52359ae10 JavaThread "RMI TCP Accept-57882"       daemon [_thread_in_native, id=10072, stack(0x000000b584c00000,0x000000b584d00000) (1024K)]
  0x000001c52359b4a0 JavaThread "RMI TCP Accept-0"           daemon [_thread_in_native, id=28980, stack(0x000000b584d00000,0x000000b584e00000) (1024K)]
  0x000001c56acf8190 JavaThread "RMI TCP Connection(idle)"   daemon [_thread_blocked, id=15988, stack(0x000000b585300000,0x000000b585400000) (1024K)]
  0x000001c56acfb610 JavaThread "RMI Scheduler(0)"           daemon [_thread_blocked, id=22096, stack(0x000000b585400000,0x000000b585500000) (1024K)]
  0x000001c56acfbca0 JavaThread "JMX server connection timeout 53" daemon [_thread_blocked, id=24972, stack(0x000000b585700000,0x000000b585800000) (1024K)]
  0x000001c56acf8eb0 JavaThread "Catalina-utility-1"                [_thread_blocked, id=25364, stack(0x000000b585600000,0x000000b585700000) (1024K)]
  0x000001c56acf9bd0 JavaThread "Catalina-utility-2"                [_thread_blocked, id=19020, stack(0x000000b585e00000,0x000000b585f00000) (1024K)]
  0x000001c56acfa8f0 JavaThread "container-0"                       [_thread_blocked, id=7856, stack(0x000000b585f00000,0x000000b586000000) (1024K)]
  0x000001c56acfc330 JavaThread "oracle.jdbc.diagnostics.Diagnostic.CLOCK" daemon [_thread_blocked, id=14096, stack(0x000000b586000000,0x000000b586100000) (1024K)]
  0x000001c56acfc9c0 JavaThread "oracle.jdbc.driver.BlockSource.ThreadedCachingBlockSource.BlockReleaser" daemon [_thread_blocked, id=5308, stack(0x000000b586100000,0x000000b586200000) (1024K)]
  0x000001c56acfaf80 JavaThread "InterruptTimer"             daemon [_thread_blocked, id=26428, stack(0x000000b586300000,0x000000b586400000) (1024K)]
  0x000001c56acfa260 JavaThread "HikariPool-1:housekeeper"   daemon [_thread_blocked, id=20876, stack(0x000000b586500000,0x000000b586600000) (1024K)]
  0x000001c56acff120 JavaThread "http-nio-6001-exec-1"       daemon [_thread_blocked, id=27972, stack(0x000000b586700000,0x000000b586800000) (1024K)]
  0x000001c56acfea90 JavaThread "http-nio-6001-exec-2"       daemon [_thread_blocked, id=13712, stack(0x000000b586800000,0x000000b586900000) (1024K)]
  0x000001c56acff7b0 JavaThread "http-nio-6001-exec-3"       daemon [_thread_blocked, id=13852, stack(0x000000b586900000,0x000000b586a00000) (1024K)]
  0x000001c56acfdd70 JavaThread "http-nio-6001-exec-4"       daemon [_thread_blocked, id=6564, stack(0x000000b586a00000,0x000000b586b00000) (1024K)]
  0x000001c56b33de90 JavaThread "http-nio-6001-exec-5"       daemon [_thread_blocked, id=13360, stack(0x000000b586b00000,0x000000b586c00000) (1024K)]
  0x000001c56b33c450 JavaThread "http-nio-6001-exec-6"       daemon [_thread_blocked, id=26052, stack(0x000000b586c00000,0x000000b586d00000) (1024K)]
  0x000001c56b33aa10 JavaThread "http-nio-6001-exec-7"       daemon [_thread_blocked, id=19356, stack(0x000000b586d00000,0x000000b586e00000) (1024K)]
  0x000001c56b33cae0 JavaThread "http-nio-6001-exec-8"       daemon [_thread_blocked, id=15544, stack(0x000000b586e00000,0x000000b586f00000) (1024K)]
  0x000001c56b33b730 JavaThread "http-nio-6001-exec-9"       daemon [_thread_blocked, id=13348, stack(0x000000b586f00000,0x000000b587000000) (1024K)]
  0x000001c56b33d170 JavaThread "http-nio-6001-exec-10"      daemon [_thread_blocked, id=15420, stack(0x000000b587000000,0x000000b587100000) (1024K)]
  0x000001c56b33d800 JavaThread "http-nio-6001-Poller"       daemon [_thread_in_native, id=23344, stack(0x000000b587100000,0x000000b587200000) (1024K)]
  0x000001c56b33e520 JavaThread "http-nio-6001-Acceptor"     daemon [_thread_in_native, id=3732, stack(0x000000b587200000,0x000000b587300000) (1024K)]
  0x000001c56b33bdc0 JavaThread "ThreadPoolTaskScheduler-1"         [_thread_blocked, id=10444, stack(0x000000b587300000,0x000000b587400000) (1024K)]
  0x000001c56b33b0a0 JavaThread "org.springframework.kafka.KafkaListenerEndpointContainer#0-dlt-0-C-1"        [_thread_in_native, id=29600, stack(0x000000b587400000,0x000000b587500000) (1024K)]
  0x000001c56b33f8d0 JavaThread "ThreadPoolTaskScheduler-1"         [_thread_blocked, id=14908, stack(0x000000b587500000,0x000000b587600000) (1024K)]
  0x000001c56b341310 JavaThread "org.springframework.kafka.KafkaListenerEndpointContainer#0-0-C-1"        [_thread_in_native, id=2688, stack(0x000000b587600000,0x000000b587700000) (1024K)]
  0x000001c56b33f240 JavaThread "ThreadPoolTaskScheduler-1"         [_thread_blocked, id=7976, stack(0x000000b587700000,0x000000b587800000) (1024K)]
=>0x000001c56b3419a0 JavaThread "org.springframework.kafka.KafkaListenerEndpointContainer#0-retry-0-C-1"        [_thread_in_Java, id=17284, stack(0x000000b587800000,0x000000b587900000) (1024K)]
  0x000001c56b33ebb0 JavaThread "kafka-coordinator-heartbeat-thread | integracion-experian-dlt" daemon [_thread_blocked, id=24392, stack(0x000000b587900000,0x000000b587a00000) (1024K)]
  0x000001c56b33ff60 JavaThread "kafka-coordinator-heartbeat-thread | integracion-experian" daemon [_thread_blocked, id=28044, stack(0x000000b587a00000,0x000000b587b00000) (1024K)]
  0x000001c56b340c80 JavaThread "kafka-coordinator-heartbeat-thread | integracion-experian-retry" daemon [_thread_blocked, id=9808, stack(0x000000b587b00000,0x000000b587c00000) (1024K)]
  0x000001c56b342030 JavaThread "DestroyJavaVM"                     [_thread_blocked, id=22352, stack(0x000000b582d00000,0x000000b582e00000) (1024K)]
  0x000001c56a3ac0b0 JavaThread "reactor-http-nio-1"         daemon [_thread_in_native, id=27044, stack(0x000000b582a00000,0x000000b582b00000) (1024K)]
  0x000001c56acfd6e0 JavaThread "reactor-http-nio-2"         daemon [_thread_in_native, id=27764, stack(0x000000b582b00000,0x000000b582c00000) (1024K)]
  0x000001c56acfe400 JavaThread "reactor-http-nio-3"         daemon [_thread_in_native, id=10896, stack(0x000000b582c00000,0x000000b582d00000) (1024K)]
  0x000001c56b3405f0 JavaThread "reactor-http-nio-4"         daemon [_thread_in_native, id=8924, stack(0x000000b583e00000,0x000000b583f00000) (1024K)]
  0x000001c572691d20 JavaThread "reactor-http-nio-5"         daemon [_thread_in_native, id=22524, stack(0x000000b585a00000,0x000000b585b00000) (1024K)]
  0x000001c5726902e0 JavaThread "reactor-http-nio-6"         daemon [_thread_in_native, id=22768, stack(0x000000b585b00000,0x000000b585c00000) (1024K)]
  0x000001c572690970 JavaThread "reactor-http-nio-7"         daemon [_thread_in_native, id=26812, stack(0x000000b585c00000,0x000000b585d00000) (1024K)]
  0x000001c5726930d0 JavaThread "reactor-http-nio-8"         daemon [_thread_in_native, id=29204, stack(0x000000b585d00000,0x000000b585e00000) (1024K)]
  0x000001c572691000 JavaThread "reactor-http-nio-9"         daemon [_thread_in_native, id=29572, stack(0x000000b586400000,0x000000b586500000) (1024K)]
  0x000001c572691690 JavaThread "reactor-http-nio-10"        daemon [_thread_in_native, id=17888, stack(0x000000b586600000,0x000000b586700000) (1024K)]
  0x000001c5726923b0 JavaThread "reactor-http-nio-11"        daemon [_thread_in_native, id=29328, stack(0x000000b588100000,0x000000b588200000) (1024K)]
  0x000001c57268fc50 JavaThread "reactor-http-nio-12"        daemon [_thread_in_native, id=12932, stack(0x000000b588300000,0x000000b588400000) (1024K)]
  0x000001c572693760 JavaThread "reactor-http-nio-13"        daemon [_thread_in_native, id=16204, stack(0x000000b588400000,0x000000b588500000) (1024K)]
  0x000001c572694b10 JavaThread "reactor-http-nio-14"        daemon [_thread_in_native, id=23260, stack(0x000000b588500000,0x000000b588600000) (1024K)]
  0x000001c5726951a0 JavaThread "reactor-http-nio-15"        daemon [_thread_in_native, id=3904, stack(0x000000b588600000,0x000000b588700000) (1024K)]
  0x000001c572695830 JavaThread "reactor-http-nio-16"        daemon [_thread_in_native, id=5116, stack(0x000000b588700000,0x000000b588800000) (1024K)]
  0x000001c572695ec0 JavaThread "Jndi-Dns-address-change-listener" daemon [_thread_in_native, id=23748, stack(0x000000b588800000,0x000000b588900000) (1024K)]
  0x000001c572694480 JavaThread "kafka-producer-network-thread | experian-integracion-producer-1" daemon [_thread_in_native, id=540, stack(0x000000b587e00000,0x000000b587f00000) (1024K)]
Total: 65

Other Threads:
  0x000001c5235733b0 VMThread "VM Thread"                           [id=11212, stack(0x000000b583400000,0x000000b583500000) (1024K)]
  0x000001c523562bf0 WatcherThread "VM Periodic Task Thread"        [id=19652, stack(0x000000b583300000,0x000000b583400000) (1024K)]
  0x000001c50e7d0d90 WorkerThread "GC Thread#0"                     [id=8772, stack(0x000000b582e00000,0x000000b582f00000) (1024K)]
  0x000001c56a50a040 WorkerThread "GC Thread#1"                     [id=22916, stack(0x000000b584400000,0x000000b584500000) (1024K)]
  0x000001c56a50a3e0 WorkerThread "GC Thread#2"                     [id=15852, stack(0x000000b584500000,0x000000b584600000) (1024K)]
  0x000001c56a50a780 WorkerThread "GC Thread#3"                     [id=21584, stack(0x000000b584600000,0x000000b584700000) (1024K)]
  0x000001c56a50ab20 WorkerThread "GC Thread#4"                     [id=22280, stack(0x000000b584700000,0x000000b584800000) (1024K)]
  0x000001c56a538260 WorkerThread "GC Thread#5"                     [id=16408, stack(0x000000b584800000,0x000000b584900000) (1024K)]
  0x000001c56a538600 WorkerThread "GC Thread#6"                     [id=13060, stack(0x000000b584900000,0x000000b584a00000) (1024K)]
  0x000001c56a5397c0 WorkerThread "GC Thread#7"                     [id=6668, stack(0x000000b584a00000,0x000000b584b00000) (1024K)]
  0x000001c56aa401d0 WorkerThread "GC Thread#8"                     [id=12936, stack(0x000000b584e00000,0x000000b584f00000) (1024K)]
  0x000001c56aa3fe30 WorkerThread "GC Thread#9"                     [id=28452, stack(0x000000b584f00000,0x000000b585000000) (1024K)]
  0x000001c56aa40570 WorkerThread "GC Thread#10"                    [id=28244, stack(0x000000b585000000,0x000000b585100000) (1024K)]
  0x000001c56aa3f6f0 WorkerThread "GC Thread#11"                    [id=7052, stack(0x000000b585100000,0x000000b585200000) (1024K)]
  0x000001c56aa40910 WorkerThread "GC Thread#12"                    [id=3628, stack(0x000000b585200000,0x000000b585300000) (1024K)]
  0x000001c50e7e1300 ConcurrentGCThread "G1 Main Marker"            [id=11188, stack(0x000000b582f00000,0x000000b583000000) (1024K)]
  0x000001c50e7e49f0 WorkerThread "G1 Conc#0"                       [id=2960, stack(0x000000b583000000,0x000000b583100000) (1024K)]
  0x000001c56b0f7fb0 WorkerThread "G1 Conc#1"                       [id=8328, stack(0x000000b585800000,0x000000b585900000) (1024K)]
  0x000001c56b0f7c10 WorkerThread "G1 Conc#2"                       [id=21560, stack(0x000000b585900000,0x000000b585a00000) (1024K)]
  0x000001c50e81e4d0 ConcurrentGCThread "G1 Refine#0"               [id=3176, stack(0x000000b583100000,0x000000b583200000) (1024K)]
  0x000001c523431090 ConcurrentGCThread "G1 Service"                [id=16100, stack(0x000000b583200000,0x000000b583300000) (1024K)]
Total: 21

Threads with active compile tasks:
Total: 0

VM state: not at safepoint (normal execution)

VM Mutex/Monitor currently owned by a thread: None

Heap address: 0x0000000709800000, size: 3944 MB, Compressed Oops mode: Zero based, Oop shift amount: 3

CDS archive(s) mapped at: [0x000001c525000000-0x000001c525c80000-0x000001c525c80000), size 13107200, SharedBaseAddress: 0x000001c525000000, ArchiveRelocationMode: 1.
Compressed class space mapped at: 0x000001c526000000-0x000001c566000000, reserved size: 1073741824
Narrow klass base: 0x000001c525000000, Narrow klass shift: 0, Narrow klass range: 0x100000000

GC Precious Log:
 CardTable entry size: 512
 Card Set container configuration: InlinePtr #cards 4 size 8 Array Of Cards #cards 16 size 48 Howl #buckets 8 coarsen threshold 3686 Howl Bitmap #cards 512 size 80 coarsen threshold 460 Card regions per heap region 1 cards per card region 4096
 CPUs: 16 total, 16 available
 Memory: 15772M
 Large Page Support: Disabled
 NUMA Support: Disabled
 Compressed Oops: Enabled (Zero based)
 Heap Region Size: 2M
 Heap Min Capacity: 8M
 Heap Initial Capacity: 248M
 Heap Max Capacity: 3944M
 Pre-touch: Disabled
 Parallel Workers: 13
 Concurrent Workers: 3
 Concurrent Refinement Workers: 13
 Periodic GC: Disabled

Heap:
 garbage-first heap   total 110592K, used 61010K [0x0000000709800000, 0x0000000800000000)
  region size 2048K, 12 young (24576K), 2 survivors (4096K)
 Metaspace       used 103297K, committed 104320K, reserved 1179648K
  class space    used 14338K, committed 14784K, reserved 1048576K

Heap Regions: E=young(eden), S=young(survivor), O=old, HS=humongous(starts), HC=humongous(continues), CS=collection set, F=free, TAMS=top-at-mark-start, PB=parsable bottom
|   0|0x0000000709800000, 0x0000000709a00000, 0x0000000709a00000|100%| O|  |TAMS 0x0000000709800000| PB 0x0000000709800000| Untracked 
|   1|0x0000000709a00000, 0x0000000709c00000, 0x0000000709c00000|100%| O|  |TAMS 0x0000000709a00000| PB 0x0000000709a00000| Untracked 
|   2|0x0000000709c00000, 0x0000000709e00000, 0x0000000709e00000|100%| O|  |TAMS 0x0000000709c00000| PB 0x0000000709c00000| Untracked 
|   3|0x0000000709e00000, 0x000000070a000000, 0x000000070a000000|100%| O|  |TAMS 0x0000000709e00000| PB 0x0000000709e00000| Untracked 
|   4|0x000000070a000000, 0x000000070a200000, 0x000000070a200000|100%| O|  |TAMS 0x000000070a000000| PB 0x000000070a000000| Untracked 
|   5|0x000000070a200000, 0x000000070a400000, 0x000000070a400000|100%| O|  |TAMS 0x000000070a200000| PB 0x000000070a200000| Untracked 
|   6|0x000000070a400000, 0x000000070a600000, 0x000000070a600000|100%| O|  |TAMS 0x000000070a400000| PB 0x000000070a400000| Untracked 
|   7|0x000000070a600000, 0x000000070a800000, 0x000000070a800000|100%| O|  |TAMS 0x000000070a600000| PB 0x000000070a600000| Untracked 
|   8|0x000000070a800000, 0x000000070aa00000, 0x000000070aa00000|100%| O|  |TAMS 0x000000070a800000| PB 0x000000070a800000| Untracked 
|   9|0x000000070aa00000, 0x000000070ac00000, 0x000000070ac00000|100%| O|  |TAMS 0x000000070aa00000| PB 0x000000070aa00000| Untracked 
|  10|0x000000070ac00000, 0x000000070ae00000, 0x000000070ae00000|100%| O|  |TAMS 0x000000070ac00000| PB 0x000000070ac00000| Untracked 
|  11|0x000000070ae00000, 0x000000070b000000, 0x000000070b000000|100%| O|  |TAMS 0x000000070ae00000| PB 0x000000070ae00000| Untracked 
|  12|0x000000070b000000, 0x000000070b200000, 0x000000070b200000|100%| O|  |TAMS 0x000000070b000000| PB 0x000000070b000000| Untracked 
|  13|0x000000070b200000, 0x000000070b400000, 0x000000070b400000|100%| O|  |TAMS 0x000000070b200000| PB 0x000000070b200000| Untracked 
|  14|0x000000070b400000, 0x000000070b600000, 0x000000070b600000|100%| O|  |TAMS 0x000000070b400000| PB 0x000000070b400000| Untracked 
|  15|0x000000070b600000, 0x000000070b800000, 0x000000070b800000|100%| O|  |TAMS 0x000000070b600000| PB 0x000000070b600000| Untracked 
|  16|0x000000070b800000, 0x000000070b99c548, 0x000000070ba00000| 80%| O|  |TAMS 0x000000070b800000| PB 0x000000070b800000| Untracked 
|  17|0x000000070ba00000, 0x000000070bc00000, 0x000000070bc00000|100%| O|  |TAMS 0x000000070ba00000| PB 0x000000070ba00000| Untracked 
|  18|0x000000070bc00000, 0x000000070be00000, 0x000000070be00000|100%| O|  |TAMS 0x000000070bc00000| PB 0x000000070bc00000| Untracked 
|  19|0x000000070be00000, 0x000000070be00000, 0x000000070c000000|  0%| F|  |TAMS 0x000000070be00000| PB 0x000000070be00000| Untracked 
|  20|0x000000070c000000, 0x000000070c1f8360, 0x000000070c200000| 98%| S|CS|TAMS 0x000000070c000000| PB 0x000000070c000000| Complete 
|  21|0x000000070c200000, 0x000000070c400000, 0x000000070c400000|100%| S|CS|TAMS 0x000000070c200000| PB 0x000000070c200000| Complete 
|  22|0x000000070c400000, 0x000000070c400000, 0x000000070c600000|  0%| F|  |TAMS 0x000000070c400000| PB 0x000000070c400000| Untracked 
|  23|0x000000070c600000, 0x000000070c600000, 0x000000070c800000|  0%| F|  |TAMS 0x000000070c600000| PB 0x000000070c600000| Untracked 
|  24|0x000000070c800000, 0x000000070c800000, 0x000000070ca00000|  0%| F|  |TAMS 0x000000070c800000| PB 0x000000070c800000| Untracked 
|  25|0x000000070ca00000, 0x000000070ca00000, 0x000000070cc00000|  0%| F|  |TAMS 0x000000070ca00000| PB 0x000000070ca00000| Untracked 
|  26|0x000000070cc00000, 0x000000070cc00000, 0x000000070ce00000|  0%| F|  |TAMS 0x000000070cc00000| PB 0x000000070cc00000| Untracked 
|  27|0x000000070ce00000, 0x000000070ce00000, 0x000000070d000000|  0%| F|  |TAMS 0x000000070ce00000| PB 0x000000070ce00000| Untracked 
|  28|0x000000070d000000, 0x000000070d000000, 0x000000070d200000|  0%| F|  |TAMS 0x000000070d000000| PB 0x000000070d000000| Untracked 
|  29|0x000000070d200000, 0x000000070d200000, 0x000000070d400000|  0%| F|  |TAMS 0x000000070d200000| PB 0x000000070d200000| Untracked 
|  30|0x000000070d400000, 0x000000070d400000, 0x000000070d600000|  0%| F|  |TAMS 0x000000070d400000| PB 0x000000070d400000| Untracked 
|  31|0x000000070d600000, 0x000000070d600000, 0x000000070d800000|  0%| F|  |TAMS 0x000000070d600000| PB 0x000000070d600000| Untracked 
|  32|0x000000070d800000, 0x000000070d800000, 0x000000070da00000|  0%| F|  |TAMS 0x000000070d800000| PB 0x000000070d800000| Untracked 
|  33|0x000000070da00000, 0x000000070da00000, 0x000000070dc00000|  0%| F|  |TAMS 0x000000070da00000| PB 0x000000070da00000| Untracked 
|  34|0x000000070dc00000, 0x000000070dc00000, 0x000000070de00000|  0%| F|  |TAMS 0x000000070dc00000| PB 0x000000070dc00000| Untracked 
|  35|0x000000070de00000, 0x000000070de00000, 0x000000070e000000|  0%| F|  |TAMS 0x000000070de00000| PB 0x000000070de00000| Untracked 
|  36|0x000000070e000000, 0x000000070e000000, 0x000000070e200000|  0%| F|  |TAMS 0x000000070e000000| PB 0x000000070e000000| Untracked 
|  37|0x000000070e200000, 0x000000070e200000, 0x000000070e400000|  0%| F|  |TAMS 0x000000070e200000| PB 0x000000070e200000| Untracked 
|  38|0x000000070e400000, 0x000000070e400000, 0x000000070e600000|  0%| F|  |TAMS 0x000000070e400000| PB 0x000000070e400000| Untracked 
|  39|0x000000070e600000, 0x000000070e600000, 0x000000070e800000|  0%| F|  |TAMS 0x000000070e600000| PB 0x000000070e600000| Untracked 
|  40|0x000000070e800000, 0x000000070e800000, 0x000000070ea00000|  0%| F|  |TAMS 0x000000070e800000| PB 0x000000070e800000| Untracked 
|  41|0x000000070ea00000, 0x000000070ea00000, 0x000000070ec00000|  0%| F|  |TAMS 0x000000070ea00000| PB 0x000000070ea00000| Untracked 
|  42|0x000000070ec00000, 0x000000070ec00000, 0x000000070ee00000|  0%| F|  |TAMS 0x000000070ec00000| PB 0x000000070ec00000| Untracked 
|  43|0x000000070ee00000, 0x000000070ee00000, 0x000000070f000000|  0%| F|  |TAMS 0x000000070ee00000| PB 0x000000070ee00000| Untracked 
|  44|0x000000070f000000, 0x000000070f0adee0, 0x000000070f200000| 33%| E|  |TAMS 0x000000070f000000| PB 0x000000070f000000| Complete 
|  45|0x000000070f200000, 0x000000070f400000, 0x000000070f400000|100%| E|CS|TAMS 0x000000070f200000| PB 0x000000070f200000| Complete 
|  46|0x000000070f400000, 0x000000070f600000, 0x000000070f600000|100%| E|CS|TAMS 0x000000070f400000| PB 0x000000070f400000| Complete 
|  47|0x000000070f600000, 0x000000070f800000, 0x000000070f800000|100%| E|CS|TAMS 0x000000070f600000| PB 0x000000070f600000| Complete 
|  48|0x000000070f800000, 0x000000070fa00000, 0x000000070fa00000|100%| E|CS|TAMS 0x000000070f800000| PB 0x000000070f800000| Complete 
|  49|0x000000070fa00000, 0x000000070fc00000, 0x000000070fc00000|100%| E|CS|TAMS 0x000000070fa00000| PB 0x000000070fa00000| Complete 
|  50|0x000000070fc00000, 0x000000070fe00000, 0x000000070fe00000|100%| E|CS|TAMS 0x000000070fc00000| PB 0x000000070fc00000| Complete 
|  97|0x0000000715a00000, 0x0000000715c00000, 0x0000000715c00000|100%| E|CS|TAMS 0x0000000715a00000| PB 0x0000000715a00000| Complete 
|  98|0x0000000715c00000, 0x0000000715e00000, 0x0000000715e00000|100%| E|CS|TAMS 0x0000000715c00000| PB 0x0000000715c00000| Complete 
| 123|0x0000000718e00000, 0x0000000719000000, 0x0000000719000000|100%| E|CS|TAMS 0x0000000718e00000| PB 0x0000000718e00000| Complete 

Card table byte_map: [0x000001c51cb60000,0x000001c51d320000] _byte_map_base: 0x000001c519314000

Marking Bits: (CMBitMap*) 0x000001c50e7d13a0
 Bits: [0x000001c51d320000, 0x000001c5210c0000)

Polling page: 0x000001c50e820000

Metaspace:

Usage:
  Non-class:     86.87 MB used.
      Class:     14.00 MB used.
       Both:    100.88 MB used.

Virtual space:
  Non-class space:      128.00 MB reserved,      87.44 MB ( 68%) committed,  2 nodes.
      Class space:        1.00 GB reserved,      14.44 MB (  1%) committed,  1 nodes.
             Both:        1.12 GB reserved,     101.88 MB (  9%) committed. 

Chunk freelists:
   Non-Class:  8.42 MB
       Class:  1.59 MB
        Both:  10.02 MB

MaxMetaspaceSize: unlimited
CompressedClassSpaceSize: 1.00 GB
Initial GC threshold: 21.00 MB
Current GC threshold: 153.75 MB
CDS: on
 - commit_granule_bytes: 65536.
 - commit_granule_words: 8192.
 - virtual_space_node_default_size: 8388608.
 - enlarge_chunks_in_place: 1.
 - use_allocation_guard: 0.


Internal statistics:

num_allocs_failed_limit: 9.
num_arena_births: 1370.
num_arena_deaths: 0.
num_vsnodes_births: 3.
num_vsnodes_deaths: 0.
num_space_committed: 1630.
num_space_uncommitted: 0.
num_chunks_returned_to_freelist: 9.
num_chunks_taken_from_freelist: 5054.
num_chunk_merges: 9.
num_chunk_splits: 3769.
num_chunks_enlarged: 3064.
num_inconsistent_stats: 0.

CodeCache: size=49152Kb used=14245Kb max_used=16597Kb free=34906Kb
 bounds [0x000001c518570000, 0x000001c5195b0000, 0x000001c51b570000]
 total_blobs=8198, nmethods=7264, adapters=857, full_count=0
Compilation: enabled, stopped_count=0, restarted_count=0

Compilation events (20 events):
Event: 671.295 Thread 0x000001c52359e3b0 7992   !   1       org.springframework.kafka.listener.KafkaMessageListenerContainer$ListenerConsumer::handleAsyncFailure (110 bytes)
Event: 671.295 Thread 0x000001c52359e3b0 nmethod 7992 0x000001c5187fb390 code [0x000001c5187fb600, 0x000001c5187fbd78]
Event: 671.295 Thread 0x000001c52359e3b0 7993   !   1       java.util.concurrent.LinkedBlockingQueue::poll (99 bytes)
Event: 671.296 Thread 0x000001c52359e3b0 nmethod 7993 0x000001c5187f9e10 code [0x000001c5187fa120, 0x000001c5187fab08]
Event: 671.309 Thread 0x000001c52359e3b0 7994       1       org.springframework.kafka.listener.KafkaMessageListenerContainer$ListenerConsumer::debugRecords (38 bytes)
Event: 671.310 Thread 0x000001c52359e3b0 nmethod 7994 0x000001c5187f9010 code [0x000001c5187f9260, 0x000001c5187f9938]
Event: 671.310 Thread 0x000001c52359e3b0 7995       1       org.apache.kafka.clients.consumer.KafkaConsumer::assignment (10 bytes)
Event: 671.311 Thread 0x000001c52359e3b0 nmethod 7995 0x000001c5187f8390 code [0x000001c5187f85a0, 0x000001c5187f8bc0]
Event: 671.311 Thread 0x000001c52359e3b0 7996       1       org.springframework.kafka.listener.KafkaMessageListenerContainer$ListenerConsumer$$Lambda/0x000001c526d10b08::test (12 bytes)
Event: 671.311 Thread 0x000001c52359e3b0 nmethod 7996 0x000001c5187f7e90 code [0x000001c5187f8040, 0x000001c5187f8228]
Event: 671.311 Thread 0x000001c52359e3b0 7997       1       org.springframework.kafka.listener.KafkaMessageListenerContainer$ListenerConsumer::pollAndInvoke (210 bytes)
Event: 671.312 Thread 0x000001c52359e3b0 nmethod 7997 0x000001c5187f6910 code [0x000001c5187f6c60, 0x000001c5187f77d0]
Event: 671.312 Thread 0x000001c52359e3b0 7998   !   1       org.springframework.kafka.listener.KafkaMessageListenerContainer$ListenerConsumer::commitIfNecessary (60 bytes)
Event: 671.312 Thread 0x000001c52359e3b0 nmethod 7998 0x000001c5187f5610 code [0x000001c5187f58c0, 0x000001c5187f61b0]
Event: 676.296 Thread 0x000001c52359e3b0 7999   !   1       org.springframework.kafka.listener.KafkaMessageListenerContainer$ListenerConsumer::doProcessCommits (117 bytes)
Event: 676.297 Thread 0x000001c52359e3b0 nmethod 7999 0x000001c5187f4790 code [0x000001c5187f49e0, 0x000001c5187f5220]
Event: 676.311 Thread 0x000001c52359e3b0 8000       1       org.springframework.kafka.listener.KafkaMessageListenerContainer$ListenerConsumer::invokeIfHaveRecords (87 bytes)
Event: 676.312 Thread 0x000001c52359e3b0 nmethod 8000 0x000001c5187f3210 code [0x000001c5187f3580, 0x000001c5187f4060]
Event: 676.312 Thread 0x000001c52359e3b0 8001       1       org.springframework.kafka.listener.KafkaMessageListenerContainer$ListenerConsumer::lambda$pausePartitionsIfNecessary$34 (27 bytes)
Event: 676.312 Thread 0x000001c52359e3b0 nmethod 8001 0x000001c5187f2d90 code [0x000001c5187f2f40, 0x000001c5187f30c8]

GC Heap History (20 events):
Event: 3.990 GC heap before
{Heap before GC invocations=19 (full 0):
 garbage-first heap   total 92160K, used 77193K [0x0000000709800000, 0x0000000800000000)
  region size 2048K, 27 young (55296K), 2 survivors (4096K)
 Metaspace       used 65819K, committed 66432K, reserved 1114112K
  class space    used 9197K, committed 9472K, reserved 1048576K
}
Event: 3.992 GC heap after
{Heap after GC invocations=20 (full 0):
 garbage-first heap   total 92160K, used 28910K [0x0000000709800000, 0x0000000800000000)
  region size 2048K, 3 young (6144K), 3 survivors (6144K)
 Metaspace       used 65819K, committed 66432K, reserved 1114112K
  class space    used 9197K, committed 9472K, reserved 1048576K
}
Event: 4.272 GC heap before
{Heap before GC invocations=20 (full 0):
 garbage-first heap   total 92160K, used 78062K [0x0000000709800000, 0x0000000800000000)
  region size 2048K, 27 young (55296K), 3 survivors (6144K)
 Metaspace       used 70377K, committed 70976K, reserved 1114112K
  class space    used 9978K, committed 10240K, reserved 1048576K
}
Event: 4.275 GC heap after
{Heap after GC invocations=21 (full 0):
 garbage-first heap   total 110592K, used 29868K [0x0000000709800000, 0x0000000800000000)
  region size 2048K, 3 young (6144K), 3 survivors (6144K)
 Metaspace       used 70377K, committed 70976K, reserved 1114112K
  class space    used 9978K, committed 10240K, reserved 1048576K
}
Event: 4.722 GC heap before
{Heap before GC invocations=21 (full 0):
 garbage-first heap   total 110592K, used 87212K [0x0000000709800000, 0x0000000800000000)
  region size 2048K, 32 young (65536K), 3 survivors (6144K)
 Metaspace       used 76575K, committed 77248K, reserved 1179648K
  class space    used 10807K, committed 11072K, reserved 1048576K
}
Event: 4.725 GC heap after
{Heap after GC invocations=22 (full 0):
 garbage-first heap   total 110592K, used 31913K [0x0000000709800000, 0x0000000800000000)
  region size 2048K, 4 young (8192K), 4 survivors (8192K)
 Metaspace       used 76575K, committed 77248K, reserved 1179648K
  class space    used 10807K, committed 11072K, reserved 1048576K
}
Event: 5.235 GC heap before
{Heap before GC invocations=22 (full 0):
 garbage-first heap   total 110592K, used 89257K [0x0000000709800000, 0x0000000800000000)
  region size 2048K, 32 young (65536K), 4 survivors (8192K)
 Metaspace       used 80824K, committed 81600K, reserved 1179648K
  class space    used 11526K, committed 11904K, reserved 1048576K
}
Event: 5.240 GC heap after
{Heap after GC invocations=23 (full 0):
 garbage-first heap   total 110592K, used 35620K [0x0000000709800000, 0x0000000800000000)
  region size 2048K, 4 young (8192K), 4 survivors (8192K)
 Metaspace       used 80824K, committed 81600K, reserved 1179648K
  class space    used 11526K, committed 11904K, reserved 1048576K
}
Event: 5.565 GC heap before
{Heap before GC invocations=23 (full 0):
 garbage-first heap   total 110592K, used 92964K [0x0000000709800000, 0x0000000800000000)
  region size 2048K, 32 young (65536K), 4 survivors (8192K)
 Metaspace       used 85586K, committed 86400K, reserved 1179648K
  class space    used 12089K, committed 12416K, reserved 1048576K
}
Event: 5.568 GC heap after
{Heap after GC invocations=24 (full 0):
 garbage-first heap   total 110592K, used 37836K [0x0000000709800000, 0x0000000800000000)
  region size 2048K, 3 young (6144K), 3 survivors (6144K)
 Metaspace       used 85586K, committed 86400K, reserved 1179648K
  class space    used 12089K, committed 12416K, reserved 1048576K
}
Event: 5.772 GC heap before
{Heap before GC invocations=24 (full 0):
 garbage-first heap   total 110592K, used 97228K [0x0000000709800000, 0x0000000800000000)
  region size 2048K, 32 young (65536K), 3 survivors (6144K)
 Metaspace       used 90792K, committed 91584K, reserved 1179648K
  class space    used 12480K, committed 12800K, reserved 1048576K
}
Event: 5.776 GC heap after
{Heap after GC invocations=25 (full 0):
 garbage-first heap   total 110592K, used 38778K [0x0000000709800000, 0x0000000800000000)
  region size 2048K, 2 young (4096K), 2 survivors (4096K)
 Metaspace       used 90792K, committed 91584K, reserved 1179648K
  class space    used 12480K, committed 12800K, reserved 1048576K
}
Event: 5.960 GC heap before
{Heap before GC invocations=25 (full 0):
 garbage-first heap   total 110592K, used 69498K [0x0000000709800000, 0x0000000800000000)
  region size 2048K, 18 young (36864K), 2 survivors (4096K)
 Metaspace       used 93451K, committed 94208K, reserved 1179648K
  class space    used 12864K, committed 13184K, reserved 1048576K
}
Event: 5.963 GC heap after
{Heap after GC invocations=26 (full 0):
 garbage-first heap   total 110592K, used 39160K [0x0000000709800000, 0x0000000800000000)
  region size 2048K, 3 young (6144K), 3 survivors (6144K)
 Metaspace       used 93451K, committed 94208K, reserved 1179648K
  class space    used 12864K, committed 13184K, reserved 1048576K
}
Event: 67.884 GC heap before
{Heap before GC invocations=27 (full 0):
 garbage-first heap   total 110592K, used 96504K [0x0000000709800000, 0x0000000800000000)
  region size 2048K, 32 young (65536K), 3 survivors (6144K)
 Metaspace       used 97654K, committed 98560K, reserved 1179648K
  class space    used 13543K, committed 13952K, reserved 1048576K
}
Event: 67.887 GC heap after
{Heap after GC invocations=28 (full 0):
 garbage-first heap   total 110592K, used 40571K [0x0000000709800000, 0x0000000800000000)
  region size 2048K, 3 young (6144K), 3 survivors (6144K)
 Metaspace       used 97654K, committed 98560K, reserved 1179648K
  class space    used 13543K, committed 13952K, reserved 1048576K
}
Event: 114.339 GC heap before
{Heap before GC invocations=28 (full 0):
 garbage-first heap   total 110592K, used 99963K [0x0000000709800000, 0x0000000800000000)
  region size 2048K, 32 young (65536K), 3 survivors (6144K)
 Metaspace       used 103017K, committed 103936K, reserved 1179648K
  class space    used 14296K, committed 14720K, reserved 1048576K
}
Event: 114.343 GC heap after
{Heap after GC invocations=29 (full 0):
 garbage-first heap   total 110592K, used 42249K [0x0000000709800000, 0x0000000800000000)
  region size 2048K, 3 young (6144K), 3 survivors (6144K)
 Metaspace       used 103017K, committed 103936K, reserved 1179648K
  class space    used 14296K, committed 14720K, reserved 1048576K
}
Event: 571.325 GC heap before
{Heap before GC invocations=29 (full 0):
 garbage-first heap   total 110592K, used 101641K [0x0000000709800000, 0x0000000800000000)
  region size 2048K, 32 young (65536K), 3 survivors (6144K)
 Metaspace       used 103119K, committed 104064K, reserved 1179648K
  class space    used 14303K, committed 14720K, reserved 1048576K
}
Event: 571.328 GC heap after
{Heap after GC invocations=30 (full 0):
 garbage-first heap   total 110592K, used 42578K [0x0000000709800000, 0x0000000800000000)
  region size 2048K, 2 young (4096K), 2 survivors (4096K)
 Metaspace       used 103119K, committed 104064K, reserved 1179648K
  class space    used 14303K, committed 14720K, reserved 1048576K
}

Dll operation events (12 events):
Event: 0.007 Loaded shared library C:\Program Files\Amazon Corretto\jdk21.0.9_10\bin\java.dll
Event: 0.230 Loaded shared library C:\Program Files\Amazon Corretto\jdk21.0.9_10\bin\zip.dll
Event: 0.232 Loaded shared library C:\Program Files\Amazon Corretto\jdk21.0.9_10\bin\instrument.dll
Event: 0.236 Loaded shared library C:\Program Files\Amazon Corretto\jdk21.0.9_10\bin\net.dll
Event: 0.237 Loaded shared library C:\Program Files\Amazon Corretto\jdk21.0.9_10\bin\nio.dll
Event: 0.239 Loaded shared library C:\Program Files\Amazon Corretto\jdk21.0.9_10\bin\zip.dll
Event: 0.345 Loaded shared library C:\Program Files\Amazon Corretto\jdk21.0.9_10\bin\jimage.dll
Event: 0.377 Loaded shared library C:\Program Files\Amazon Corretto\jdk21.0.9_10\bin\management.dll
Event: 0.384 Loaded shared library C:\Program Files\Amazon Corretto\jdk21.0.9_10\bin\management_ext.dll
Event: 0.526 Loaded shared library C:\Program Files\Amazon Corretto\jdk21.0.9_10\bin\extnet.dll
Event: 0.541 Loaded shared library C:\Program Files\Amazon Corretto\jdk21.0.9_10\bin\verify.dll
Event: 1.461 Loaded shared library C:\Program Files\Amazon Corretto\jdk21.0.9_10\bin\sunmscapi.dll

Deoptimization events (20 events):
Event: 603.804 Thread 0x000001c56b3419a0 DEOPT PACKING pc=0x000001c518711844 sp=0x000000b5878fe5b0
Event: 603.804 Thread 0x000001c56b3419a0 DEOPT UNPACKING pc=0x000001c5185c4bc2 sp=0x000000b5878fda88 mode 1
Event: 603.804 Thread 0x000001c56b3419a0 DEOPT PACKING pc=0x000001c51874abb4 sp=0x000000b5878fe640
Event: 603.804 Thread 0x000001c56b3419a0 DEOPT UNPACKING pc=0x000001c5185c4bc2 sp=0x000000b5878fdb90 mode 1
Event: 603.804 Thread 0x000001c56b3419a0 DEOPT PACKING pc=0x000001c518757464 sp=0x000000b5878fe740
Event: 603.804 Thread 0x000001c56b3419a0 DEOPT UNPACKING pc=0x000001c5185c4bc2 sp=0x000000b5878fdc18 mode 1
Event: 606.007 Thread 0x000001c56b341310 DEOPT PACKING pc=0x000001c51871524c sp=0x000000b5876fe460
Event: 606.007 Thread 0x000001c56b33b0a0 DEOPT PACKING pc=0x000001c51871524c sp=0x000000b5874fe9e0
Event: 606.007 Thread 0x000001c56b341310 DEOPT UNPACKING pc=0x000001c5185c4bc2 sp=0x000000b5876fd998 mode 1
Event: 606.007 Thread 0x000001c56b33b0a0 DEOPT UNPACKING pc=0x000001c5185c4bc2 sp=0x000000b5874fdf18 mode 1
Event: 606.007 Thread 0x000001c56b341310 DEOPT PACKING pc=0x000001c51875f864 sp=0x000000b5876fe560
Event: 606.007 Thread 0x000001c56b341310 DEOPT UNPACKING pc=0x000001c5185c4bc2 sp=0x000000b5876fdb38 mode 1
Event: 606.007 Thread 0x000001c56b33b0a0 DEOPT PACKING pc=0x000001c51875f864 sp=0x000000b5874feae0
Event: 606.007 Thread 0x000001c56b33b0a0 DEOPT UNPACKING pc=0x000001c5185c4bc2 sp=0x000000b5874fe0b8 mode 1
Event: 606.023 Thread 0x000001c56b3419a0 DEOPT PACKING pc=0x000001c51871524c sp=0x000000b5878fe650
Event: 606.023 Thread 0x000001c56b3419a0 DEOPT UNPACKING pc=0x000001c5185c4bc2 sp=0x000000b5878fdb88 mode 1
Event: 606.023 Thread 0x000001c56b3419a0 DEOPT PACKING pc=0x000001c51875f864 sp=0x000000b5878fe750
Event: 606.023 Thread 0x000001c56b3419a0 DEOPT UNPACKING pc=0x000001c5185c4bc2 sp=0x000000b5878fdd28 mode 1
Event: 678.510 Thread 0x000001c56b3419a0 DEOPT PACKING pc=0x000001c51871613c sp=0x000000b5878fde80
Event: 678.510 Thread 0x000001c56b3419a0 DEOPT UNPACKING pc=0x000001c5185c4bc2 sp=0x000000b5878fd328 mode 0

Classes loaded (20 events):
Event: 72.744 Loading class jdk/internal/icu/impl/Trie2$UTrie2Header
Event: 72.744 Loading class jdk/internal/icu/impl/Trie2$UTrie2Header done
Event: 72.750 Loading class sun/net/util/SocketExceptions
Event: 72.750 Loading class sun/net/util/SocketExceptions done
Event: 72.765 Loading class java/io/PrintWriter$1
Event: 72.765 Loading class jdk/internal/access/JavaIOPrintWriterAccess
Event: 72.765 Loading class jdk/internal/access/JavaIOPrintWriterAccess done
Event: 72.765 Loading class java/io/PrintWriter$1 done
Event: 72.765 Loading class java/lang/Throwable$WrappedPrintWriter
Event: 72.766 Loading class java/lang/Throwable$WrappedPrintWriter done
Event: 92.255 Loading class java/time/Instant$1
Event: 92.255 Loading class java/time/Instant$1 done
Event: 92.283 Loading class java/util/PriorityQueue
Event: 92.284 Loading class java/util/PriorityQueue done
Event: 376.183 Loading class java/util/concurrent/ConcurrentHashMap$TreeBin
Event: 376.184 Loading class java/util/concurrent/ConcurrentHashMap$TreeBin done
Event: 546.267 Loading class java/util/ArrayDeque$DescendingIterator
Event: 546.267 Loading class java/util/ArrayDeque$DescendingIterator done
Event: 567.860 Loading class java/math/MathContext
Event: 567.862 Loading class java/math/MathContext done

Classes unloaded (0 events):
No events

Classes redefined (3 events):
Event: 486.963 Thread 0x000001c5235733b0 redefined class name=bs.experian.integracion.infrastructure.persistence.ProcesarDocumentosRepository, count=1
Event: 549.285 Thread 0x000001c5235733b0 redefined class name=bs.experian.integracion.infrastructure.persistence.ProcesarDocumentosRepository, count=2
Event: 678.529 Thread 0x000001c5235733b0 redefined class name=bs.experian.integracion.infrastructure.persistence.ProcesarDocumentosRepository, count=3

Internal exceptions (20 events):
Event: 72.416 Thread 0x000001c56b3419a0 Exception <a 'java/lang/NoSuchMethodError'{0x000000070f085ed8}: 'java.lang.Object java.lang.invoke.DirectMethodHandle$Holder.newInvokeSpecial(java.lang.Object, java.lang.Object, long, java.lang.Object)'> (0x000000070f085ed8) 
thrown [s\src\hotspot\share\interpreter\linkResolver.cpp, line 773]
Event: 72.700 Thread 0x000001c56b3419a0 Exception <a 'java/lang/NoSuchMethodError'{0x000000070e885138}: 'java.lang.Object java.lang.invoke.DirectMethodHandle$Holder.newInvokeSpecial(java.lang.Object, java.lang.Object, java.lang.Object, java.lang.Object, java.lang.Object, java.lang.Object, int, java.lang.Object)'> (0x000000070e885138) 
thrown [s\src\hotspot\share\interpreter\linkResolver.cpp, line 773]
Event: 72.747 Thread 0x000001c56acfd6e0 Exception <a 'java/lang/NoSuchMethodError'{0x000000070e372358}: 'java.lang.Object java.lang.invoke.DirectMethodHandle$Holder.invokeStatic(java.lang.Object, java.lang.Object, java.lang.Object, int, java.lang.Object, java.lang.Object)'> (0x000000070e372358) 
thrown [s\src\hotspot\share\interpreter\linkResolver.cpp, line 773]
Event: 72.749 Thread 0x000001c56acfd6e0 Exception <a 'java/lang/NoSuchMethodError'{0x000000070e3b24a0}: 'java.lang.Object java.lang.invoke.DirectMethodHandle$Holder.newInvokeSpecial(java.lang.Object, java.lang.Object, java.lang.Object, java.lang.Object, int, java.lang.Object)'> (0x000000070e3b24a0) 
thrown [s\src\hotspot\share\interpreter\linkResolver.cpp, line 773]
Event: 72.750 Thread 0x000001c56acfd6e0 Exception <a 'java/lang/NoSuchMethodError'{0x000000070e3b5fb0}: 'java.lang.Object java.lang.invoke.DirectMethodHandle$Holder.invokeSpecial(java.lang.Object, java.lang.Object, java.lang.Object, java.lang.Object, java.lang.Object, int, java.lang.Object)'> (0x000000070e3b5fb0) 
thrown [s\src\hotspot\share\interpreter\linkResolver.cpp, line 773]
Event: 72.750 Thread 0x000001c56acfd6e0 Exception <a 'java/lang/NoSuchMethodError'{0x000000070e3b99a8}: 'java.lang.Object java.lang.invoke.Invokers$Holder.linkToTargetMethod(java.lang.Object, java.lang.Object, java.lang.Object, int, java.lang.Object, java.lang.Object)'> (0x000000070e3b99a8) 
thrown [s\src\hotspot\share\interpreter\linkResolver.cpp, line 773]
Event: 72.750 Thread 0x000001c56acfd6e0 Exception <a 'java/net/ConnectException'{0x000000070e3bc800}: Connection refused: getsockopt> (0x000000070e3bc800) 
thrown [s\src\hotspot\share\prims\jni.cpp, line 539]
Event: 72.994 Thread 0x000001c56b3419a0 Exception <a 'java/lang/NoSuchMethodError'{0x000000070dda0a70}: 'int java.lang.invoke.DirectMethodHandle$Holder.invokeStatic(java.lang.Object, java.lang.Object, int, int)'> (0x000000070dda0a70) 
thrown [s\src\hotspot\share\interpreter\linkResolver.cpp, line 773]
Event: 73.092 Thread 0x000001c56acfe400 Exception <a 'java/net/ConnectException'{0x000000070f8fde58}: Connection refused: getsockopt> (0x000000070f8fde58) 
thrown [s\src\hotspot\share\prims\jni.cpp, line 539]
Event: 92.254 Thread 0x000001c56b3419a0 Exception <a 'java/lang/IncompatibleClassChangeError'{0x000000070d96cb80}: Found class java.lang.Object, but interface was expected> (0x000000070d96cb80) 
thrown [s\src\hotspot\share\interpreter\linkResolver.cpp, line 840]
Event: 92.265 Thread 0x000001c56b3419a0 Exception <a 'java/lang/NoSuchMethodError'{0x000000070d41c698}: 'java.lang.Object java.lang.invoke.DirectMethodHandle$Holder.newInvokeSpecial(java.lang.Object, long, long, long)'> (0x000000070d41c698) 
thrown [s\src\hotspot\share\interpreter\linkResolver.cpp, line 773]
Event: 92.296 Thread 0x000001c56b3419a0 Exception <a 'java/lang/NoSuchMethodError'{0x000000070d1930e0}: 'double java.lang.invoke.DirectMethodHandle$Holder.invokeStatic(java.lang.Object, java.lang.Object, java.lang.Object, long)'> (0x000000070d1930e0) 
thrown [s\src\hotspot\share\interpreter\linkResolver.cpp, line 773]
Event: 92.298 Thread 0x000001c56b3419a0 Exception <a 'java/lang/NoSuchMethodError'{0x000000070d1cc308}: 'void java.lang.invoke.DirectMethodHandle$Holder.invokeSpecial(java.lang.Object, java.lang.Object, java.lang.Object, java.lang.Object, java.lang.Object, java.lang.Object, java.lang.Object, java.lang.Object, java.lang.Object)'> (0x000000070d1cc308) 
thrown [s\src\hotspot\share\interpreter\linkResolver.cpp, line 773]
Event: 92.325 Thread 0x000001c572694480 Exception <a 'java/lang/NoSuchMethodError'{0x000000070cc31dd0}: 'java.lang.Object java.lang.invoke.DirectMethodHandle$Holder.newInvokeSpecial(java.lang.Object, java.lang.Object, java.lang.Object, java.lang.Object, int, long, java.lang.Object)'> (0x000000070cc31dd0) 
thrown [s\src\hotspot\share\interpreter\linkResolver.cpp, line 773]
Event: 588.848 Thread 0x000001c56b3405f0 Exception <a 'java/net/ConnectException'{0x0000000715c8b4a0}: Connection refused: getsockopt> (0x0000000715c8b4a0) 
thrown [s\src\hotspot\share\prims\jni.cpp, line 539]
Event: 589.545 Thread 0x000001c56b3419a0 Exception <a 'java/lang/NoSuchMethodError'{0x0000000715a192b8}: 'int java.lang.invoke.DirectMethodHandle$Holder.invokeStatic(java.lang.Object, java.lang.Object, int, java.lang.Object)'> (0x0000000715a192b8) 
thrown [s\src\hotspot\share\interpreter\linkResolver.cpp, line 773]
Event: 589.829 Thread 0x000001c572691d20 Exception <a 'java/net/ConnectException'{0x0000000715aa17c0}: Connection refused: getsockopt> (0x0000000715aa17c0) 
thrown [s\src\hotspot\share\prims\jni.cpp, line 539]
Event: 603.797 Thread 0x000001c572694480 Exception <a 'java/lang/NoSuchMethodError'{0x000000070fd8b7c8}: 'java.lang.Object java.lang.invoke.DirectMethodHandle$Holder.newInvokeSpecial(java.lang.Object, java.lang.Object, java.lang.Object, long)'> (0x000000070fd8b7c8) 
thrown [s\src\hotspot\share\interpreter\linkResolver.cpp, line 773]
Event: 603.797 Thread 0x000001c572694480 Exception <a 'java/lang/NoSuchMethodError'{0x000000070fd8f618}: 'java.lang.Object java.lang.invoke.DirectMethodHandle$Holder.invokeSpecial(java.lang.Object, java.lang.Object, java.lang.Object, java.lang.Object, long)'> (0x000000070fd8f618) 
thrown [s\src\hotspot\share\interpreter\linkResolver.cpp, line 773]
Event: 603.797 Thread 0x000001c572694480 Exception <a 'java/lang/NoSuchMethodError'{0x000000070fd92d08}: 'java.lang.Object java.lang.invoke.Invokers$Holder.linkToTargetMethod(java.lang.Object, java.lang.Object, long, java.lang.Object)'> (0x000000070fd92d08) 
thrown [s\src\hotspot\share\interpreter\linkResolver.cpp, line 773]

ZGC Phase Switch (0 events):
No events

VM Operations (20 events):
Event: 652.642 Executing VM operation: Cleanup
Event: 652.642 Executing VM operation: Cleanup done
Event: 660.663 Executing VM operation: Cleanup
Event: 660.663 Executing VM operation: Cleanup done
Event: 661.590 Executing VM operation: HandshakeAllThreads (HandshakeForDeflation)
Event: 661.590 Executing VM operation: HandshakeAllThreads (HandshakeForDeflation) done
Event: 661.590 Executing VM operation: RendezvousGCThreads
Event: 661.590 Executing VM operation: RendezvousGCThreads done
Event: 671.609 Executing VM operation: Cleanup
Event: 671.609 Executing VM operation: Cleanup done
Event: 678.509 Executing VM operation: ChangeSingleStep
Event: 678.509 Executing VM operation: ChangeSingleStep done
Event: 678.510 Executing VM operation: ChangeSingleStep
Event: 678.510 Executing VM operation: ChangeSingleStep done
Event: 678.523 Executing VM operation: RedefineClasses
Event: 678.546 Executing VM operation: RedefineClasses done
Event: 678.565 Executing VM operation: ChangeBreakpoints
Event: 678.567 Executing VM operation: ChangeBreakpoints done
Event: 678.572 Executing VM operation: ChangeSingleStep
Event: 678.572 Executing VM operation: ChangeSingleStep done

Memory protections (0 events):
No events

Nmethod flushes (20 events):
Event: 5.980 Thread 0x000001c5235733b0 flushing  nmethod 0x000001c518acad90
Event: 5.980 Thread 0x000001c5235733b0 flushing  nmethod 0x000001c518acb690
Event: 5.980 Thread 0x000001c5235733b0 flushing  nmethod 0x000001c518b26b10
Event: 5.980 Thread 0x000001c5235733b0 flushing  nmethod 0x000001c518b26e10
Event: 5.980 Thread 0x000001c5235733b0 flushing  nmethod 0x000001c518b4ef10
Event: 5.980 Thread 0x000001c5235733b0 flushing  nmethod 0x000001c518b4f310
Event: 5.980 Thread 0x000001c5235733b0 flushing  nmethod 0x000001c518b52e90
Event: 5.980 Thread 0x000001c5235733b0 flushing  nmethod 0x000001c518b54a90
Event: 5.980 Thread 0x000001c5235733b0 flushing  nmethod 0x000001c518bb6890
Event: 5.980 Thread 0x000001c5235733b0 flushing  nmethod 0x000001c518bb7210
Event: 5.980 Thread 0x000001c5235733b0 flushing  nmethod 0x000001c518bb7d10
Event: 5.980 Thread 0x000001c5235733b0 flushing  nmethod 0x000001c518bba990
Event: 5.980 Thread 0x000001c5235733b0 flushing  nmethod 0x000001c518bbad10
Event: 5.980 Thread 0x000001c5235733b0 flushing  nmethod 0x000001c518c15f10
Event: 5.980 Thread 0x000001c5235733b0 flushing  nmethod 0x000001c518c16890
Event: 5.980 Thread 0x000001c5235733b0 flushing  nmethod 0x000001c518c91b90
Event: 5.980 Thread 0x000001c5235733b0 flushing  nmethod 0x000001c518c92e90
Event: 5.980 Thread 0x000001c5235733b0 flushing  nmethod 0x000001c51905a290
Event: 5.980 Thread 0x000001c5235733b0 flushing  nmethod 0x000001c51905ac90
Event: 5.980 Thread 0x000001c5235733b0 flushing  nmethod 0x000001c51905de10

Events (20 events):
Event: 72.127 Thread 0x000001c56b3419a0 Thread added: 0x000001c572694b10
Event: 72.127 Thread 0x000001c56b3419a0 Thread added: 0x000001c5726951a0
Event: 72.128 Thread 0x000001c56b3419a0 Thread added: 0x000001c572695830
Event: 72.281 Thread 0x000001c56b3419a0 Thread added: 0x000001c572695ec0
Event: 91.059 Thread 0x000001c56a3aad00 Thread exited: 0x000001c56a3aad00
Event: 91.060 Thread 0x000001c56a3ae180 Thread exited: 0x000001c56a3ae180
Event: 91.060 Thread 0x000001c56acf9540 Thread exited: 0x000001c56acf9540
Event: 91.060 Thread 0x000001c56a3acdd0 Thread exited: 0x000001c56a3acdd0
Event: 91.060 Thread 0x000001c56a3ab390 Thread exited: 0x000001c56a3ab390
Event: 91.060 Thread 0x000001c56a3ac740 Thread exited: 0x000001c56a3ac740
Event: 91.060 Thread 0x000001c56a3aba20 Thread exited: 0x000001c56a3aba20
Event: 92.263 Thread 0x000001c52359e3b0 Thread added: 0x000001c5725741b0
Event: 92.263 Thread 0x000001c52359e3b0 Thread added: 0x000001c524549520
Event: 92.263 Thread 0x000001c52359e3b0 Thread added: 0x000001c56a9376a0
Event: 92.297 Thread 0x000001c56b3419a0 Thread added: 0x000001c572694480
Event: 93.209 Thread 0x000001c56a9376a0 Thread exited: 0x000001c56a9376a0
Event: 95.168 Thread 0x000001c5725741b0 Thread exited: 0x000001c5725741b0
Event: 95.168 Thread 0x000001c524549520 Thread exited: 0x000001c524549520
Event: 651.420 Thread 0x000001c52359e3b0 Thread added: 0x000001c56a3d4630
Event: 661.109 Thread 0x000001c56a3d4630 Thread exited: 0x000001c56a3d4630


Dynamic libraries:
0x00007ff659d40000 - 0x00007ff659d4e000 	C:\Program Files\Amazon Corretto\jdk21.0.9_10\bin\javaw.exe
0x00007ffd4c4a0000 - 0x00007ffd4c707000 	C:\Windows\SYSTEM32\ntdll.dll
0x00007ffd4b9e0000 - 0x00007ffd4baa9000 	C:\Windows\System32\KERNEL32.DLL
0x00007ffd48ef0000 - 0x00007ffd492e1000 	C:\Windows\System32\KERNELBASE.dll
0x00007ffd49450000 - 0x00007ffd4959b000 	C:\Windows\System32\ucrtbase.dll
0x00007ffd32a60000 - 0x00007ffd32a78000 	C:\Program Files\Amazon Corretto\jdk21.0.9_10\bin\jli.dll
0x00007ffd32a80000 - 0x00007ffd32a9e000 	C:\Program Files\Amazon Corretto\jdk21.0.9_10\bin\VCRUNTIME140.dll
0x00007ffd4a780000 - 0x00007ffd4a945000 	C:\Windows\System32\USER32.dll
0x00007ffd492f0000 - 0x00007ffd49317000 	C:\Windows\System32\win32u.dll
0x00007ffd35250000 - 0x00007ffd354e3000 	C:\Windows\WinSxS\amd64_microsoft.windows.common-controls_6595b64144ccf1df_6.0.26100.8037_none_3e092faae333b53b\COMCTL32.dll
0x00007ffd4c430000 - 0x00007ffd4c45b000 	C:\Windows\System32\GDI32.dll
0x00007ffd49320000 - 0x00007ffd4944b000 	C:\Windows\System32\gdi32full.dll
0x00007ffd4a5d0000 - 0x00007ffd4a679000 	C:\Windows\System32\msvcrt.dll
0x00007ffd4a0e0000 - 0x00007ffd4a183000 	C:\Windows\System32\msvcp_win.dll
0x00007ffd4b9a0000 - 0x00007ffd4b9d1000 	C:\Windows\System32\IMM32.DLL
0x00007ffd2d820000 - 0x00007ffd2d82c000 	C:\Program Files\Amazon Corretto\jdk21.0.9_10\bin\vcruntime140_1.dll
0x00007ffcf6950000 - 0x00007ffcf69d9000 	C:\Program Files\Amazon Corretto\jdk21.0.9_10\bin\msvcp140.dll
0x00007ffce4260000 - 0x00007ffce5007000 	C:\Program Files\Amazon Corretto\jdk21.0.9_10\bin\server\jvm.dll
0x00007ffd4bfb0000 - 0x00007ffd4c06b000 	C:\Windows\System32\ADVAPI32.dll
0x00007ffd4b7f0000 - 0x00007ffd4b897000 	C:\Windows\System32\sechost.dll
0x00007ffd4c290000 - 0x00007ffd4c3a8000 	C:\Windows\System32\RPCRT4.dll
0x00007ffd4c210000 - 0x00007ffd4c284000 	C:\Windows\System32\WS2_32.dll
0x00007ffd48be0000 - 0x00007ffd48c3e000 	C:\Windows\SYSTEM32\POWRPROF.dll
0x00007ffd41880000 - 0x00007ffd4188b000 	C:\Windows\SYSTEM32\VERSION.dll
0x00007ffd3ed60000 - 0x00007ffd3ed95000 	C:\Windows\SYSTEM32\WINMM.dll
0x00007ffd48bc0000 - 0x00007ffd48bd4000 	C:\Windows\SYSTEM32\UMPDC.dll
0x00007ffd47b10000 - 0x00007ffd47b2b000 	C:\Windows\SYSTEM32\kernel.appcore.dll
0x00007ffd2d810000 - 0x00007ffd2d81a000 	C:\Program Files\Amazon Corretto\jdk21.0.9_10\bin\jimage.dll
0x00007ffd3dbe0000 - 0x00007ffd3de22000 	C:\Windows\SYSTEM32\DBGHELP.DLL
0x00007ffd4bab0000 - 0x00007ffd4be32000 	C:\Windows\System32\combase.dll
0x00007ffd4bed0000 - 0x00007ffd4bfa7000 	C:\Windows\System32\OLEAUT32.dll
0x00007ffd30080000 - 0x00007ffd300bb000 	C:\Windows\SYSTEM32\dbgcore.DLL
0x00007ffd4a190000 - 0x00007ffd4a235000 	C:\Windows\System32\bcryptPrimitives.dll
0x00007ffd333b0000 - 0x00007ffd333ec000 	C:\Program Files\Amazon Corretto\jdk21.0.9_10\bin\jdwp.dll
0x00007ffd41030000 - 0x00007ffd41040000 	C:\Program Files\Amazon Corretto\jdk21.0.9_10\bin\instrument.dll
0x00007ffd10810000 - 0x00007ffd10831000 	C:\Program Files\Amazon Corretto\jdk21.0.9_10\bin\java.dll
0x00007ffd4ab70000 - 0x00007ffd4b2cf000 	C:\Windows\System32\SHELL32.dll
0x00007ffd48d80000 - 0x00007ffd48eea000 	C:\Windows\System32\wintypes.dll
0x00007ffd49660000 - 0x00007ffd49ec4000 	C:\Windows\System32\windows.storage.dll
0x00007ffd4a680000 - 0x00007ffd4a777000 	C:\Windows\System32\SHCORE.dll
0x00007ffd4a420000 - 0x00007ffd4a487000 	C:\Windows\System32\shlwapi.dll
0x00007ffd48ca0000 - 0x00007ffd48cc9000 	C:\Windows\SYSTEM32\profapi.dll
0x00007ffd405b0000 - 0x00007ffd405bc000 	C:\Program Files\Amazon Corretto\jdk21.0.9_10\bin\dt_socket.dll
0x00007ffd475b0000 - 0x00007ffd475e3000 	C:\Windows\SYSTEM32\IPHLPAPI.DLL
0x00007ffd48080000 - 0x00007ffd480eb000 	C:\Windows\system32\mswsock.dll
0x00007ffd475f0000 - 0x00007ffd4771a000 	C:\Windows\SYSTEM32\DNSAPI.dll
0x00007ffd4a530000 - 0x00007ffd4a53a000 	C:\Windows\System32\NSI.dll
0x00007ffd41490000 - 0x00007ffd4149b000 	C:\Windows\System32\rasadhlp.dll
0x00007ffd43160000 - 0x00007ffd431e6000 	C:\Windows\System32\fwpuclnt.dll
0x00007ffd03770000 - 0x00007ffd03788000 	C:\Program Files\Amazon Corretto\jdk21.0.9_10\bin\zip.dll
0x00007ffd0f920000 - 0x00007ffd0f931000 	C:\Program Files\Amazon Corretto\jdk21.0.9_10\bin\net.dll
0x00007ffd414a0000 - 0x00007ffd415c7000 	C:\Windows\SYSTEM32\WINHTTP.dll
0x00007ffd0d520000 - 0x00007ffd0d536000 	C:\Program Files\Amazon Corretto\jdk21.0.9_10\bin\nio.dll
0x00007ffd2d800000 - 0x00007ffd2d80a000 	C:\Program Files\Amazon Corretto\jdk21.0.9_10\bin\management.dll
0x00007ffd28d90000 - 0x00007ffd28d9c000 	C:\Program Files\Amazon Corretto\jdk21.0.9_10\bin\management_ext.dll
0x00007ffd4c410000 - 0x00007ffd4c418000 	C:\Windows\System32\PSAPI.DLL
0x00007ffd2c530000 - 0x00007ffd2c548000 	C:\Windows\system32\napinsp.dll
0x00007ffd2c510000 - 0x00007ffd2c522000 	C:\Windows\System32\winrnr.dll
0x00007ffd2c4e0000 - 0x00007ffd2c502000 	C:\Windows\system32\nlansp_c.dll
0x00007ffd40a10000 - 0x00007ffd40a26000 	C:\Windows\system32\wshbth.dll
0x00007ffd48370000 - 0x00007ffd4838b000 	C:\Windows\SYSTEM32\CRYPTSP.dll
0x00007ffd47a70000 - 0x00007ffd47aa9000 	C:\Windows\system32\rsaenh.dll
0x00007ffd48130000 - 0x00007ffd48162000 	C:\Windows\SYSTEM32\USERENV.dll
0x00007ffd48c70000 - 0x00007ffd48c9a000 	C:\Windows\SYSTEM32\bcrypt.dll
0x00007ffd48360000 - 0x00007ffd4836c000 	C:\Windows\SYSTEM32\CRYPTBASE.dll
0x00007ffd27c10000 - 0x00007ffd27c19000 	C:\Program Files\Amazon Corretto\jdk21.0.9_10\bin\extnet.dll
0x00007ffd3eff0000 - 0x00007ffd3f000000 	C:\Program Files\Amazon Corretto\jdk21.0.9_10\bin\verify.dll
0x00007ffd27840000 - 0x00007ffd2784e000 	C:\Program Files\Amazon Corretto\jdk21.0.9_10\bin\sunmscapi.dll
0x00007ffd49ed0000 - 0x00007ffd4a047000 	C:\Windows\System32\CRYPT32.dll
0x00007ffd48580000 - 0x00007ffd485b0000 	C:\Windows\SYSTEM32\ncrypt.dll
0x00007ffd48530000 - 0x00007ffd4856f000 	C:\Windows\SYSTEM32\NTASN1.dll
0x00007ffd33f60000 - 0x00007ffd33f68000 	C:\Windows\system32\wshunix.dll
0x00007ffd42ab0000 - 0x00007ffd42acd000 	C:\Windows\SYSTEM32\dhcpcsvc6.DLL
0x00007ffd42a80000 - 0x00007ffd42aa3000 	C:\Windows\SYSTEM32\dhcpcsvc.DLL

JVMTI agents:
jdwp path:C:\Program Files\Amazon Corretto\jdk21.0.9_10\bin\jdwp.dll, loaded, initialized, options:transport=dt_socket,suspend=y,address=localhost:57883
C:\eclipse\configuration\org.eclipse.osgi\1082\0\.cp\lib\javaagent-shaded.jar path:C:\Program Files\Amazon Corretto\jdk21.0.9_10\bin\instrument.dll, loaded, initialized, instrumentlib options:none

dbghelp: loaded successfully - version: 4.0.5 - missing functions: none
symbol engine: initialized successfully - sym options: 0x614 - pdb path: .;C:\Program Files\Amazon Corretto\jdk21.0.9_10\bin;C:\Windows\SYSTEM32;C:\Windows\WinSxS\amd64_microsoft.windows.common-controls_6595b64144ccf1df_6.0.26100.8037_none_3e092faae333b53b;C:\Program Files\Amazon Corretto\jdk21.0.9_10\bin\server

VM Arguments:
jvm_args: -XX:+ShowCodeDetailsInExceptionMessages -agentlib:jdwp=transport=dt_socket,suspend=y,address=localhost:57883 -Dcom.sun.management.jmxremote -Dcom.sun.management.jmxremote.port=57882 -Dcom.sun.management.jmxremote.authenticate=false -Dcom.sun.management.jmxremote.ssl=false -Djava.rmi.server.hostname=localhost -Dspring.jmx.enabled=true -Dmanagement.endpoints.jmx.exposure.include=* -Dspring.application.admin.enabled=true -Dspring.profiles.active=local -Dspring.output.ansi.enabled=always -XX:TieredStopAtLevel=1 -Dspring.boot.project.name=experian-integracion -javaagent:C:\eclipse\configuration\org.eclipse.osgi\1082\0\.cp\lib\javaagent-shaded.jar -Dfile.encoding=UTF-8 -Dstdout.encoding=UTF-8 -Dstderr.encoding=UTF-8 
java_command: bs.experian.integracion.ExperianIntegracionApplication
java_class_path (initial): C:\Users\rzara\eclipse-workspace\experian-integracion\target\classes;C:\Users\rzara\.m2\repository\org\springframework\boot\spring-boot-starter-data-jpa\3.5.11\spring-boot-starter-data-jpa-3.5.11.jar;C:\Users\rzara\.m2\repository\org\springframework\boot\spring-boot-starter-jdbc\3.5.11\spring-boot-starter-jdbc-3.5.11.jar;C:\Users\rzara\.m2\repository\com\zaxxer\HikariCP\6.3.3\HikariCP-6.3.3.jar;C:\Users\rzara\.m2\repository\org\springframework\spring-jdbc\6.2.16\spring-jdbc-6.2.16.jar;C:\Users\rzara\.m2\repository\org\hibernate\orm\hibernate-core\6.6.42.Final\hibernate-core-6.6.42.Final.jar;C:\Users\rzara\.m2\repository\jakarta\persistence\jakarta.persistence-api\3.1.0\jakarta.persistence-api-3.1.0.jar;C:\Users\rzara\.m2\repository\jakarta\transaction\jakarta.transaction-api\2.0.1\jakarta.transaction-api-2.0.1.jar;C:\Users\rzara\.m2\repository\org\jboss\logging\jboss-logging\3.6.2.Final\jboss-logging-3.6.2.Final.jar;C:\Users\rzara\.m2\repository\org\hibernate\common\hibernate-commons-annotations\7.0.3.Final\hibernate-commons-annotations-7.0.3.Final.jar;C:\Users\rzara\.m2\repository\io\smallrye\jandex\3.2.0\jandex-3.2.0.jar;C:\Users\rzara\.m2\repository\com\fasterxml\classmate\1.7.3\classmate-1.7.3.jar;C:\Users\rzara\.m2\repository\net\bytebuddy\byte-buddy\1.17.8\byte-buddy-1.17.8.jar;C:\Users\rzara\.m2\repository\org\glassfish\jaxb\jaxb-runtime\4.0.6\jaxb-runtime-4.0.6.jar;C:\Users\rzara\.m2\repository\org\glassfish\jaxb\jaxb-core\4.0.6\jaxb-core-4.0.6.jar;C:\Users\rzara\.m2\repository\org\eclipse\angus\angus-activation\2.0.3\angus-activation-2.0.3.jar;C:\Users\rzara\.m2\repository\org\glassfish\jaxb\txw2\4.0.6\txw2-4.0.6.jar;C:\Users\rzara\.m2\repository\com\sun\istack\istack-commons-runtime\4.1.2\istack-commons-runtime-4.1.2.jar;C:\Users\rzara\.m2\repository\jakarta\inject\jakarta.inject-api\2.0.1\jakarta.inject-api-2.0.1.jar;C:\Users\rzara\.m2\repository\org\antlr\antlr4-runtime\4.13.0\antlr4-runtime-4.13.0.jar;C:\Users\rzara\.m2\repository\org\springframework\data\spring-data-jpa\3.5.9\spring-data-jpa-3.5.9.jar;C:\Users\rzara\.m2\repository\org\springframework\data\spring-data-commons\3.5.9\spring-data-commons-3.5.9.jar;C:\Users\rzara\.m2\repository\org\springframework\spring-orm\6.2.16\spring-orm-6.2.16.jar;C:\Users\rzara\.m2\repository\org\springframework\spring-aop\6.2.16\spring-aop-6.2.16.jar;C:\Users\rzara\.m2\repository\org\springframework\spring-beans\6.2.16\spring-beans-6.2.16.jar;C:\Users\rzara\.m2\repository\org\slf4j\slf4j-api\2.0.17\slf4j-api-2.0.17.jar;C:\Users\rzara\.m2\repository\org\springframework\spring-aspects\6.2.16\spring-aspects-6.2.16.jar;C:\Users\rzara\.m2\repository\org\aspectj\aspectjweaver\1.9.25.1\aspectjweaver-1.9.25.1.jar;C:\Users\rzara\.m2\repository\org\springframework\boot\spring-boot-starter-web\3.5.11\spring-boot-starter-web-3.5.11.jar;C:\Users\rzara\.m2\repository\org\springframework\boot\spring-boot-starter-json\3.5.11\spring-boot-starter-json-3.5.11.jar;C:\Users\rzara\.m2\repository\com\fasterxml\jackson\core\jackson-databind\2.19.4\jackson-databind-2.19.4.jar;C:\Users\rzara\.m2\repository\com\fasterxml\jackson\core\jackson-annotations\2.19.4\jackson-annotations-2.19.4.jar;C:\Users\rzara\.m2\repository\com\fasterxml\jackson\core\jackson-core\2.19.4\jackson-core-2.19.4.jar;C:\Users\rzara\.m2\repository\com\fasterxml\jackson\datatype\jackson-datatype-jdk8\2.19.4\jackson-datatype-jdk8-2.19.4.jar;C:\Users\rzara\.m2\repository\com\fasterxml\jackson\datatype\jackson-datatype-jsr310\2.19.4\jackson-datatype-jsr310-2.19.4.jar;C:\Users\rzara\.m2\repository\com\fasterxml\jackson\module\jackson-module-parameter-names\2.19.4\jackson-module-parameter-names-2.19.4.jar;C:\Users\rzara\.m2\repository\org\springframework\boot\spring-boot-starter-tomcat\3.5.11\spring-boot-starter-tomcat-3.5.11.jar;C:\Users\rzara\.m2\repository\org\apache\tomcat\embed\tomcat-embed-core\10.1.52\tomcat-embed-core-10.1.52.jar;C:\Users\rzara\.m2\repository\org\apache\tomcat\embed\tomcat-embed-websocket\10.1.52\tomcat-embed-websocket-10.1.52.jar;C:\Users\rzara\.m2\repository\org\springframework\spring-web\6.2.16\spring-web-6.2.16.jar;C:\Users\rzara\.m2\repository\org\springframework\spring-webmvc\6.2.16\spring-webmvc-6.2.16.jar;C:\Users\rzara\.m2\repository\org\springframework\spring-expression\6.2.16\spring-expression-6.2.16.jar;C:\Users\rzara\.m2\repository\com\oracle\database\jdbc\ojdbc11\23.7.0.25.01\ojdbc11-23.7.0.25.01.jar;C:\Users\rzara\.m2\repository\org\projectlombok\lombok\1.18.42\lombok-1.18.42.jar;C:\Users\rzara\.m2\repository\jakarta\xml\bind\jakarta.xml.bind-api\4.0.4\jakarta.xml.bind-api-4.0.4.jar;C:\Users\rzara\.m2\repository\jakarta\activation\jakarta.activation-api\2.1.4\jakarta.activation-api-2.1.4.jar;C:\Users\rzara\.m2\repository\org\springframework\spring-core\6.2.16\spring-core-6.2.16.jar;C:\Users\rzara\.m2\repository\org\springframework\spring-jcl\6.2.16\spring-jcl-6.2.16.jar;C:\Users\rzara\.m2\repository\org\mapstruct\mapstruct\1.6.3\mapstruct-1.6.3.jar;C:\Users\rzara\.m2\repository\org\projectlombok\lombok-mapstruct-binding\0.2.0\lombok-mapstruct-binding-0.2.0.jar;C:\Users\rzara\.m2\repository\org\springframework\boot\spring-boot-starter-validation\3.5.11\spring-boot-starter-validation-3.5.11.jar;C:\Users\rzara\.m2\repository\org\apache\tomcat\embed\tomcat-embed-el\10.1.52\tomcat-embed-el-10.1.52.jar;C:\Users\rzara\.m2\repository\org\hibernate\validator\hibernate-validator\8.0.3.Final\hibernate-validator-8.0.3.Final.jar;C:\Users\rzara\.m2\repository\jakarta\validation\jakarta.validation-api\3.0.2\jakarta.validation-api-3.0.2.jar;C:\Users\rzara\.m2\repository\org\springframework\boot\spring-boot-configuration-processor\3.5.11\spring-boot-configuration-processor-3.5.11.jar;C:\Users\rzara\.m2\repository\org\springframework\boot\spring-boot-starter-webflux\3.5.11\spring-boot-starter-webflux-3.5.11.jar;C:\Users\rzara\.m2\repository\org\springframework\boot\spring-boot-starter-reactor-netty\3.5.11\spring-boot-starter-reactor-netty-3.5.11.jar;C:\Users\rzara\.m2\repository\io\projectreactor\netty\reactor-netty-http\1.2.15\reactor-netty-http-1.2.15.jar;C:\Users\rzara\.m2\repository\io\netty\netty-codec-http\4.1.131.Final\netty-codec-http-4.1.131.Final.jar;C:\Users\rzara\.m2\repository\io\netty\netty-codec-http2\4.1.131.Final\netty-codec-http2-4.1.131.Final.jar;C:\Users\rzara\.m2\repository\io\netty\netty-resolver-dns\4.1.131.Final\netty-resolver-dns-4.1.131.Final.jar;C:\Users\rzara\.m2\repository\io\netty\netty-codec-dns\4.1.131.Final\netty-codec-dns-4.1.131.Final.jar;C:\Users\rzara\.m2\repository\io\netty\netty-resolver-dns-native-macos\4.1.131.Final\netty-resolver-dns-native-macos-4.1.131.Final-osx-x86_64.jar;C:\Users\rzara\.m2\repository\io\netty\netty-resolver-dns-classes-macos\4.1.131.Final\netty-resolver-dns-classes-macos-4.1.131.Final.jar;C:\Users\rzara\.m2\repository\io\netty\netty-transport-native-epoll\4.1.131.Final\netty-transport-native-epoll-4.1.131.Final-linux-x86_64.jar;C:\Users\rzara\.m2\repository\io\projectreactor\netty\reactor-netty-core\1.2.15\reactor-netty-core-1.2.15.jar;C:\Users\rzara\.m2\repository\io\netty\netty-handler-proxy\4.1.131.Final\netty-handler-proxy-4.1.131.Final.jar;C:\Users\rzara\.m2\repository\io\netty\netty-codec-socks\4.1.131.Final\netty-codec-socks-4.1.131.Final.jar;C:\Users\rzara\.m2\repository\org\springframework\spring-webflux\6.2.16\spring-webflux-6.2.16.jar;C:\Users\rzara\.m2\repository\io\projectreactor\reactor-core\3.7.16\reactor-core-3.7.16.jar;C:\Users\rzara\.m2\repository\org\reactivestreams\reactive-streams\1.0.4\reactive-streams-1.0.4.jar;C:\Users\rzara\.m2\repository\org\springframework\boot\spring-boot-starter\3.5.11\spring-boot-starter-3.5.11.jar;C:\Users\rzara\.m2\repository\org\springframework\boot\spring-boot\3.5.11\spring-boot-3.5.11.jar;C:\Users\rzara\.m2\repository\org\springframework\boot\spring-boot-autoconfigure\3.5.11\spring-boot-autoconfigure-3.5.11.jar;C:\Users\rzara\.m2\repository\org\springframework\boot\spring-boot-starter-logging\3.5.11\spring-boot-starter-logging-3.5.11.jar;C:\Users\rzara\.m2\repository\ch\qos\logback\logback-classic\1.5.32\logback-classic-1.5.32.jar;C:\Users\rzara\.m2\repository\org\apache\logging\log4j\log4j-to-slf4j\2.24.3\log4j-to-slf4j-2.24.3.jar;C:\Users\rzara\.m2\repository\org\apache\logging\log4j\log4j-api\2.24.3\log4j-api-2.24.3.jar;C:\Users\rzara\.m2\repository\org\slf4j\jul-to-slf4j\2.0.17\jul-to-slf4j-2.0.17.jar;C:\Users\rzara\.m2\repository\jakarta\annotation\jakarta.annotation-api\2.1.1\jakarta.annotation-api-2.1.1.jar;C:\Users\rzara\.m2\repository\org\yaml\snakeyaml\2.4\snakeyaml-2.4.jar;C:\Users\rzara\.m2\repository\org\springframework\kafka\spring-kafka\3.3.13\spring-kafka-3.3.13.jar;C:\Users\rzara\.m2\repository\org\springframework\spring-context\6.2.16\spring-context-6.2.16.jar;C:\Users\rzara\.m2\repository\org\springframework\spring-messaging\6.2.16\spring-messaging-6.2.16.jar;C:\Users\rzara\.m2\repository\org\springframework\spring-tx\6.2.16\spring-tx-6.2.16.jar;C:\Users\rzara\.m2\repository\org\springframework\retry\spring-retry\2.0.12\spring-retry-2.0.12.jar;C:\Users\rzara\.m2\repository\org\apache\kafka\kafka-clients\3.9.1\kafka-clients-3.9.1.jar;C:\Users\rzara\.m2\repository\com\github\luben\zstd-jni\1.5.6-4\zstd-jni-1.5.6-4.jar;C:\Users\rzara\.m2\repository\org\lz4\lz4-java\1.8.0\lz4-java-1.8.0.jar;C:\Users\rzara\.m2\repository\org\xerial\snappy\snappy-java\1.1.10.5\snappy-java-1.1.10.5.jar;C:\Users\rzara\.m2\repository\io\micrometer\micrometer-observation\1.15.9\micrometer-observation-1.15.9.jar;C:\Users\rzara\.m2\repository\io\micrometer\micrometer-commons\1.15.9\micrometer-commons-1.15.9.jar;C:\Users\rzara\.m2\repository\io\netty\netty-handler\4.1.131.Final\netty-handler-4.1.131.Final.jar;C:\Users\rzara\.m2\repository\io\netty\netty-common\4.1.131.Final\netty-common-4.1.131.Final.jar;C:\Users\rzara\.m2\repository\io\netty\netty-resolver\4.1.131.Final\netty-resolver-4.1.131.Final.jar;C:\Users\rzara\.m2\repository\io\netty\netty-buffer\4.1.131.Final\netty-buffer-4.1.131.Final.jar;C:\Users\rzara\.m2\repository\io\netty\netty-transport\4.1.131.Final\netty-transport-4.1.131.Final.jar;C:\Users\rzara\.m2\repository\io\netty\netty-transport-native-unix-common\4.1.131.Final\netty-transport-native-unix-common-4.1.131.Final.jar;C:\Users\rzara\.m2\repository\io\netty\netty-codec\4.1.131.Final\netty-codec-4.1.131.Final.jar;C:\Users\rzara\.m2\repository\io\netty\netty-transport-classes-epoll\4.1.131.Final\netty-transport-classes-epoll-4.1.131.Final.jar;C:\Users\rzara\.m2\repository\ch\qos\logback\logback-core\1.5.32\logback-core-1.5.32.jar
Launcher Type: SUN_STANDARD

[Global flags]
     intx CICompilerCount                          = 12                                        {product} {ergonomic}
     uint ConcGCThreads                            = 3                                         {product} {ergonomic}
     uint G1ConcRefinementThreads                  = 13                                        {product} {ergonomic}
   size_t G1HeapRegionSize                         = 2097152                                   {product} {ergonomic}
    uintx GCDrainStackTargetSize                   = 64                                        {product} {ergonomic}
   size_t InitialHeapSize                          = 260046848                                 {product} {ergonomic}
     bool ManagementServer                         = true                                      {product} {command line}
   size_t MarkStackSize                            = 4194304                                   {product} {ergonomic}
   size_t MaxHeapSize                              = 4135583744                                {product} {ergonomic}
   size_t MaxNewSize                               = 2480930816                                {product} {ergonomic}
   size_t MinHeapDeltaBytes                        = 2097152                                   {product} {ergonomic}
   size_t MinHeapSize                              = 8388608                                   {product} {ergonomic}
    uintx NonNMethodCodeHeapSize                   = 4096                                   {pd product} {ergonomic}
    uintx NonProfiledCodeHeapSize                  = 0                                      {pd product} {ergonomic}
     bool ProfileInterpreter                       = false                                  {pd product} {command line}
    uintx ProfiledCodeHeapSize                     = 0                                      {pd product} {ergonomic}
     bool ShowCodeDetailsInExceptionMessages       = true                                   {manageable} {command line}
   size_t SoftMaxHeapSize                          = 4135583744                             {manageable} {ergonomic}
     intx TieredStopAtLevel                        = 1                                         {product} {command line}
     bool UseCompressedOops                        = true                           {product lp64_product} {ergonomic}
     bool UseG1GC                                  = true                                      {product} {ergonomic}
     bool UseLargePagesIndividualAllocation        = false                                  {pd product} {ergonomic}

Logging:
Log output configuration:
 #0: stdout all=warning uptime,level,tags foldmultilines=false
 #1: stderr all=off uptime,level,tags foldmultilines=false

Release file:
IMPLEMENTOR="Amazon.com Inc." 
IMPLEMENTOR_VERSION="Corretto-21.0.9.10.1" 
JAVA_RUNTIME_VERSION="21.0.9+10-LTS" 
JAVA_VERSION="21.0.9" 
JAVA_VERSION_DATE="2025-10-21" 
LIBC="default" 
MODULES="java.base java.compiler java.datatransfer java.xml java.prefs java.desktop java.instrument java.logging java.management java.security.sasl java.naming java.rmi java.management.rmi java.net.http java.scripting java.security.jgss java.transaction.xa java.sql java.sql.rowset java.xml.crypto java.se java.smartcardio jdk.accessibility jdk.internal.jvmstat jdk.attach jdk.charsets jdk.internal.opt jdk.zipfs jdk.compiler jdk.crypto.ec jdk.crypto.cryptoki jdk.crypto.mscapi jdk.dynalink jdk.internal.ed jdk.editpad jdk.hotspot.agent jdk.httpserver jdk.incubator.vector jdk.internal.le jdk.internal.vm.ci jdk.internal.vm.compiler jdk.internal.vm.compiler.management jdk.jartool jdk.javadoc jdk.jcmd jdk.management jdk.management.agent jdk.jconsole jdk.jdeps jdk.jdwp.agent jdk.jdi jdk.jfr jdk.jlink jdk.jpackage jdk.jshell jdk.jsobject jdk.jstatd jdk.localedata jdk.management.jfr jdk.naming.dns jdk.naming.rmi jdk.net jdk.nio.mapmode jdk.random jdk.sctp jdk.security.auth jdk.security.jgss jdk.unsupported jdk.unsupported.desktop jdk.xml.dom" 
OS_ARCH="x86_64" 
OS_NAME="Windows" 
SOURCE="" 

Environment Variables:
JAVA_HOME=C:\Program Files\Amazon Corretto\jdk21.0.9_10
PATH=C:/eclipse//plugins/org.eclipse.justj.openjdk.hotspot.jre.full.win32.x86_64_21.0.10.v20260205-0638/jre/bin/server;C:/eclipse//plugins/org.eclipse.justj.openjdk.hotspot.jre.full.win32.x86_64_21.0.10.v20260205-0638/jre/bin;C:\Program Files\Amazon Corretto\jdk21.0.9_10\bin;C:\Windows\system32;C:\Windows;C:\Windows\System32\Wbem;C:\Windows\System32\WindowsPowerShell\v1.0\;C:\Windows\System32\OpenSSH\;C:\Program Files\Amazon Corretto\jdk21.0.9_10\bin;%MAVEN_HOME%\bin;C:\Program Files\Git\cmd;C:\consul;;C:\Program Files\Docker\Docker\resources\bin;C:\Users\rzara\AppData\Local\Microsoft\WindowsApps;C:\Program Files\JetBrains\IntelliJ IDEA 2025.3.1.1\bin;C:\eclipse;
USERNAME=rzara
OS=Windows_NT
PROCESSOR_IDENTIFIER=AMD64 Family 25 Model 80 Stepping 0, AuthenticAMD
TMP=C:\Users\rzara\AppData\Local\Temp
TEMP=C:\Users\rzara\AppData\Local\Temp




Periodic native trim disabled

---------------  S Y S T E M  ---------------

OS:
 Windows 11 , 64 bit Build 26100 (10.0.26100.7920)
OS uptime: 16 days 11:37 hours
Hyper-V role detected

CPU: total 16 (initial active 16) (16 cores per cpu, 2 threads per core) family 25 model 80 stepping 0 microcode 0xa500011, cx8, cmov, fxsr, ht, mmx, 3dnowpref, sse, sse2, sse3, ssse3, sse4a, sse4.1, sse4.2, popcnt, lzcnt, tsc, tscinvbit, avx, avx2, aes, erms, clmul, bmi1, bmi2, adx, sha, fma, vzeroupper, clflush, clflushopt, hv, rdtscp, rdpid, fsrm, f16c, cet_ss
Processor Information for the first 16 processors :
  Max Mhz: 2000, Current Mhz: 2000, Mhz Limit: 2000

Memory: 4k page, system-wide physical 15772M (3673M free)
TotalPageFile size 24988M (AvailPageFile size 2539M)
current process WorkingSet (physical memory assigned to process): 332M, peak: 334M
current process commit charge ("private bytes"): 382M, peak: 382M

vm_info: OpenJDK 64-Bit Server VM (21.0.9+10-LTS) for windows-amd64 JRE (21.0.9+10-LTS), built on 2025-10-16T09:41:28Z by "Administrator" with unknown MS VC++:1944

END.
